[1.995s] Invoking command in '/home/prethivi/ros2_ws/Smart_Factory/smart_factory_ws/src/smart_factory': PYTHONPATH=/home/prethivi/ros2_ws/Smart_Factory/smart_factory_ws/build/smart_factory/prefix_override:/usr/lib/python3/dist-packages/colcon_core/task/python/colcon_distutils_commands:/home/prethivi/ros2_ws/Smart_Factory/smart_factory_ws/install/smart_factory/lib/python3.10/site-packages:${PYTHONPATH} /usr/bin/python3 -W ignore:setup.py install is deprecated -W ignore:easy_install command is deprecated setup.py egg_info --egg-base ../../build/smart_factory build --build-base /home/prethivi/ros2_ws/Smart_Factory/smart_factory_ws/build/smart_factory/build install --record /home/prethivi/ros2_ws/Smart_Factory/smart_factory_ws/build/smart_factory/install.log --single-version-externally-managed install_data
[2.778s] running egg_info
[2.779s] writing ../../build/smart_factory/smart_factory.egg-info/PKG-INFO
[2.779s] writing dependency_links to ../../build/smart_factory/smart_factory.egg-info/dependency_links.txt
[2.779s] writing entry points to ../../build/smart_factory/smart_factory.egg-info/entry_points.txt
[2.779s] writing requirements to ../../build/smart_factory/smart_factory.egg-info/requires.txt
[2.780s] writing top-level names to ../../build/smart_factory/smart_factory.egg-info/top_level.txt
[2.783s] reading manifest file '../../build/smart_factory/smart_factory.egg-info/SOURCES.txt'
[2.784s] writing manifest file '../../build/smart_factory/smart_factory.egg-info/SOURCES.txt'
[2.784s] running build
[2.784s] running build_py
[2.785s] copying smart_factory/auto_nav.py -> /home/prethivi/ros2_ws/Smart_Factory/smart_factory_ws/build/smart_factory/build/lib/smart_factory
[2.785s] running install
[2.786s] running install_lib
[2.789s] copying /home/prethivi/ros2_ws/Smart_Factory/smart_factory_ws/build/smart_factory/build/lib/smart_factory/auto_nav.py -> /home/prethivi/ros2_ws/Smart_Factory/smart_factory_ws/install/smart_factory/lib/python3.10/site-packages/smart_factory
[2.791s] byte-compiling /home/prethivi/ros2_ws/Smart_Factory/smart_factory_ws/install/smart_factory/lib/python3.10/site-packages/smart_factory/auto_nav.py to auto_nav.cpython-310.pyc
[2.793s] running install_data
[2.793s] running install_egg_info
[2.796s] removing '/home/prethivi/ros2_ws/Smart_Factory/smart_factory_ws/install/smart_factory/lib/python3.10/site-packages/smart_factory-0.0.0-py3.10.egg-info' (and everything under it)
[2.796s] Copying ../../build/smart_factory/smart_factory.egg-info to /home/prethivi/ros2_ws/Smart_Factory/smart_factory_ws/install/smart_factory/lib/python3.10/site-packages/smart_factory-0.0.0-py3.10.egg-info
[2.797s] running install_scripts
[2.836s] Installing auto_nav script to /home/prethivi/ros2_ws/Smart_Factory/smart_factory_ws/install/smart_factory/lib/smart_factory
[2.836s] Installing camera_classifier script to /home/prethivi/ros2_ws/Smart_Factory/smart_factory_ws/install/smart_factory/lib/smart_factory
[2.836s] Installing camera_publisher script to /home/prethivi/ros2_ws/Smart_Factory/smart_factory_ws/install/smart_factory/lib/smart_factory
[2.836s] Installing go_to_goal_nav2 script to /home/prethivi/ros2_ws/Smart_Factory/smart_factory_ws/install/smart_factory/lib/smart_factory
[2.836s] Installing map_publisher script to /home/prethivi/ros2_ws/Smart_Factory/smart_factory_ws/install/smart_factory/lib/smart_factory
[2.836s] Installing path_planning script to /home/prethivi/ros2_ws/Smart_Factory/smart_factory_ws/install/smart_factory/lib/smart_factory
[2.838s] writing list of installed files to '/home/prethivi/ros2_ws/Smart_Factory/smart_factory_ws/build/smart_factory/install.log'
[2.929s] Invoked command in '/home/prethivi/ros2_ws/Smart_Factory/smart_factory_ws/src/smart_factory' returned '0': PYTHONPATH=/home/prethivi/ros2_ws/Smart_Factory/smart_factory_ws/build/smart_factory/prefix_override:/usr/lib/python3/dist-packages/colcon_core/task/python/colcon_distutils_commands:/home/prethivi/ros2_ws/Smart_Factory/smart_factory_ws/install/smart_factory/lib/python3.10/site-packages:${PYTHONPATH} /usr/bin/python3 -W ignore:setup.py install is deprecated -W ignore:easy_install command is deprecated setup.py egg_info --egg-base ../../build/smart_factory build --build-base /home/prethivi/ros2_ws/Smart_Factory/smart_factory_ws/build/smart_factory/build install --record /home/prethivi/ros2_ws/Smart_Factory/smart_factory_ws/build/smart_factory/install.log --single-version-externally-managed install_data
