[0.085s] DEBUG:colcon:Command line arguments: ['/usr/bin/colcon', 'build']
[0.085s] DEBUG:colcon:Parsed command line arguments: Namespace(log_base=None, log_level=None, verb_name='build', build_base='build', install_base='install', merge_install=False, symlink_install=False, test_result_base=None, continue_on_error=False, executor='parallel', parallel_workers=16, event_handlers=None, ignore_user_meta=False, metas=['./colcon.meta'], base_paths=['.'], packages_ignore=None, packages_ignore_regex=None, paths=None, packages_up_to=None, packages_up_to_regex=None, packages_above=None, packages_above_and_dependencies=None, packages_above_depth=None, packages_select_by_dep=None, packages_skip_by_dep=None, packages_skip_up_to=None, packages_select_build_failed=False, packages_skip_build_finished=False, packages_select_test_failures=False, packages_skip_test_passed=False, packages_select=None, packages_skip=None, packages_select_regex=None, packages_skip_regex=None, packages_start=None, packages_end=None, allow_overriding=[], cmake_args=None, cmake_target=None, cmake_target_skip_unavailable=False, cmake_clean_cache=False, cmake_clean_first=False, cmake_force_configure=False, ament_cmake_args=None, catkin_cmake_args=None, catkin_skip_building_tests=False, mixin_files=None, mixin=None, verb_parser=<colcon_mixin.mixin.mixin_argument.MixinArgumentDecorator object at 0x7d7e380fb910>, verb_extension=<colcon_core.verb.build.BuildVerb object at 0x7d7e380b0eb0>, main=<bound method BuildVerb.main of <colcon_core.verb.build.BuildVerb object at 0x7d7e380b0eb0>>, mixin_verb=('build',))
[0.223s] Level 1:colcon.colcon_core.package_discovery:discover_packages(colcon_meta) check parameters
[0.223s] Level 1:colcon.colcon_core.package_discovery:discover_packages(recursive) check parameters
[0.223s] Level 1:colcon.colcon_core.package_discovery:discover_packages(ignore) check parameters
[0.223s] Level 1:colcon.colcon_core.package_discovery:discover_packages(path) check parameters
[0.223s] Level 1:colcon.colcon_core.package_discovery:discover_packages(colcon_meta) discover
[0.223s] Level 1:colcon.colcon_core.package_discovery:discover_packages(recursive) discover
[0.223s] INFO:colcon.colcon_core.package_discovery:Crawling recursively for packages in '/home/prethivi/ros2_ws/Smart_Factory/smart_factory_ws'
[0.223s] Level 1:colcon.colcon_core.package_identification:_identify(.) by extensions ['ignore', 'ignore_ament_install']
[0.223s] Level 1:colcon.colcon_core.package_identification:_identify(.) by extension 'ignore'
[0.223s] Level 1:colcon.colcon_core.package_identification:_identify(.) by extension 'ignore_ament_install'
[0.223s] Level 1:colcon.colcon_core.package_identification:_identify(.) by extensions ['colcon_pkg']
[0.223s] Level 1:colcon.colcon_core.package_identification:_identify(.) by extension 'colcon_pkg'
[0.223s] Level 1:colcon.colcon_core.package_identification:_identify(.) by extensions ['colcon_meta']
[0.223s] Level 1:colcon.colcon_core.package_identification:_identify(.) by extension 'colcon_meta'
[0.223s] Level 1:colcon.colcon_core.package_identification:_identify(.) by extensions ['ros']
[0.223s] Level 1:colcon.colcon_core.package_identification:_identify(.) by extension 'ros'
[0.240s] Level 1:colcon.colcon_core.package_identification:_identify(.) by extensions ['cmake', 'python']
[0.240s] Level 1:colcon.colcon_core.package_identification:_identify(.) by extension 'cmake'
[0.240s] Level 1:colcon.colcon_core.package_identification:_identify(.) by extension 'python'
[0.240s] Level 1:colcon.colcon_core.package_identification:_identify(.) by extensions ['python_setup_py']
[0.240s] Level 1:colcon.colcon_core.package_identification:_identify(.) by extension 'python_setup_py'
[0.240s] Level 1:colcon.colcon_core.package_identification:_identify(build) by extensions ['ignore', 'ignore_ament_install']
[0.240s] Level 1:colcon.colcon_core.package_identification:_identify(build) by extension 'ignore'
[0.241s] Level 1:colcon.colcon_core.package_identification:_identify(build) ignored
[0.241s] Level 1:colcon.colcon_core.package_identification:_identify(install) by extensions ['ignore', 'ignore_ament_install']
[0.241s] Level 1:colcon.colcon_core.package_identification:_identify(install) by extension 'ignore'
[0.241s] Level 1:colcon.colcon_core.package_identification:_identify(install) ignored
[0.241s] Level 1:colcon.colcon_core.package_identification:_identify(log) by extensions ['ignore', 'ignore_ament_install']
[0.241s] Level 1:colcon.colcon_core.package_identification:_identify(log) by extension 'ignore'
[0.241s] Level 1:colcon.colcon_core.package_identification:_identify(log) ignored
[0.242s] Level 1:colcon.colcon_core.package_identification:_identify(runs) by extensions ['ignore', 'ignore_ament_install']
[0.242s] Level 1:colcon.colcon_core.package_identification:_identify(runs) by extension 'ignore'
[0.242s] Level 1:colcon.colcon_core.package_identification:_identify(runs) by extension 'ignore_ament_install'
[0.242s] Level 1:colcon.colcon_core.package_identification:_identify(runs) by extensions ['colcon_pkg']
[0.242s] Level 1:colcon.colcon_core.package_identification:_identify(runs) by extension 'colcon_pkg'
[0.242s] Level 1:colcon.colcon_core.package_identification:_identify(runs) by extensions ['colcon_meta']
[0.242s] Level 1:colcon.colcon_core.package_identification:_identify(runs) by extension 'colcon_meta'
[0.242s] Level 1:colcon.colcon_core.package_identification:_identify(runs) by extensions ['ros']
[0.242s] Level 1:colcon.colcon_core.package_identification:_identify(runs) by extension 'ros'
[0.242s] Level 1:colcon.colcon_core.package_identification:_identify(runs) by extensions ['cmake', 'python']
[0.242s] Level 1:colcon.colcon_core.package_identification:_identify(runs) by extension 'cmake'
[0.242s] Level 1:colcon.colcon_core.package_identification:_identify(runs) by extension 'python'
[0.242s] Level 1:colcon.colcon_core.package_identification:_identify(runs) by extensions ['python_setup_py']
[0.242s] Level 1:colcon.colcon_core.package_identification:_identify(runs) by extension 'python_setup_py'
[0.242s] Level 1:colcon.colcon_core.package_identification:_identify(runs/detect) by extensions ['ignore', 'ignore_ament_install']
[0.243s] Level 1:colcon.colcon_core.package_identification:_identify(runs/detect) by extension 'ignore'
[0.243s] Level 1:colcon.colcon_core.package_identification:_identify(runs/detect) by extension 'ignore_ament_install'
[0.243s] Level 1:colcon.colcon_core.package_identification:_identify(runs/detect) by extensions ['colcon_pkg']
[0.243s] Level 1:colcon.colcon_core.package_identification:_identify(runs/detect) by extension 'colcon_pkg'
[0.243s] Level 1:colcon.colcon_core.package_identification:_identify(runs/detect) by extensions ['colcon_meta']
[0.243s] Level 1:colcon.colcon_core.package_identification:_identify(runs/detect) by extension 'colcon_meta'
[0.243s] Level 1:colcon.colcon_core.package_identification:_identify(runs/detect) by extensions ['ros']
[0.243s] Level 1:colcon.colcon_core.package_identification:_identify(runs/detect) by extension 'ros'
[0.243s] Level 1:colcon.colcon_core.package_identification:_identify(runs/detect) by extensions ['cmake', 'python']
[0.243s] Level 1:colcon.colcon_core.package_identification:_identify(runs/detect) by extension 'cmake'
[0.243s] Level 1:colcon.colcon_core.package_identification:_identify(runs/detect) by extension 'python'
[0.243s] Level 1:colcon.colcon_core.package_identification:_identify(runs/detect) by extensions ['python_setup_py']
[0.243s] Level 1:colcon.colcon_core.package_identification:_identify(runs/detect) by extension 'python_setup_py'
[0.244s] Level 1:colcon.colcon_core.package_identification:_identify(runs/detect/train) by extensions ['ignore', 'ignore_ament_install']
[0.244s] Level 1:colcon.colcon_core.package_identification:_identify(runs/detect/train) by extension 'ignore'
[0.244s] Level 1:colcon.colcon_core.package_identification:_identify(runs/detect/train) by extension 'ignore_ament_install'
[0.244s] Level 1:colcon.colcon_core.package_identification:_identify(runs/detect/train) by extensions ['colcon_pkg']
[0.244s] Level 1:colcon.colcon_core.package_identification:_identify(runs/detect/train) by extension 'colcon_pkg'
[0.244s] Level 1:colcon.colcon_core.package_identification:_identify(runs/detect/train) by extensions ['colcon_meta']
[0.244s] Level 1:colcon.colcon_core.package_identification:_identify(runs/detect/train) by extension 'colcon_meta'
[0.244s] Level 1:colcon.colcon_core.package_identification:_identify(runs/detect/train) by extensions ['ros']
[0.244s] Level 1:colcon.colcon_core.package_identification:_identify(runs/detect/train) by extension 'ros'
[0.244s] Level 1:colcon.colcon_core.package_identification:_identify(runs/detect/train) by extensions ['cmake', 'python']
[0.244s] Level 1:colcon.colcon_core.package_identification:_identify(runs/detect/train) by extension 'cmake'
[0.244s] Level 1:colcon.colcon_core.package_identification:_identify(runs/detect/train) by extension 'python'
[0.244s] Level 1:colcon.colcon_core.package_identification:_identify(runs/detect/train) by extensions ['python_setup_py']
[0.244s] Level 1:colcon.colcon_core.package_identification:_identify(runs/detect/train) by extension 'python_setup_py'
[0.244s] Level 1:colcon.colcon_core.package_identification:_identify(runs/detect/train/weights) by extensions ['ignore', 'ignore_ament_install']
[0.244s] Level 1:colcon.colcon_core.package_identification:_identify(runs/detect/train/weights) by extension 'ignore'
[0.245s] Level 1:colcon.colcon_core.package_identification:_identify(runs/detect/train/weights) by extension 'ignore_ament_install'
[0.245s] Level 1:colcon.colcon_core.package_identification:_identify(runs/detect/train/weights) by extensions ['colcon_pkg']
[0.245s] Level 1:colcon.colcon_core.package_identification:_identify(runs/detect/train/weights) by extension 'colcon_pkg'
[0.245s] Level 1:colcon.colcon_core.package_identification:_identify(runs/detect/train/weights) by extensions ['colcon_meta']
[0.245s] Level 1:colcon.colcon_core.package_identification:_identify(runs/detect/train/weights) by extension 'colcon_meta'
[0.245s] Level 1:colcon.colcon_core.package_identification:_identify(runs/detect/train/weights) by extensions ['ros']
[0.245s] Level 1:colcon.colcon_core.package_identification:_identify(runs/detect/train/weights) by extension 'ros'
[0.245s] Level 1:colcon.colcon_core.package_identification:_identify(runs/detect/train/weights) by extensions ['cmake', 'python']
[0.245s] Level 1:colcon.colcon_core.package_identification:_identify(runs/detect/train/weights) by extension 'cmake'
[0.245s] Level 1:colcon.colcon_core.package_identification:_identify(runs/detect/train/weights) by extension 'python'
[0.245s] Level 1:colcon.colcon_core.package_identification:_identify(runs/detect/train/weights) by extensions ['python_setup_py']
[0.245s] Level 1:colcon.colcon_core.package_identification:_identify(runs/detect/train/weights) by extension 'python_setup_py'
[0.245s] Level 1:colcon.colcon_core.package_identification:_identify(runs/detect/train2) by extensions ['ignore', 'ignore_ament_install']
[0.245s] Level 1:colcon.colcon_core.package_identification:_identify(runs/detect/train2) by extension 'ignore'
[0.245s] Level 1:colcon.colcon_core.package_identification:_identify(runs/detect/train2) by extension 'ignore_ament_install'
[0.245s] Level 1:colcon.colcon_core.package_identification:_identify(runs/detect/train2) by extensions ['colcon_pkg']
[0.245s] Level 1:colcon.colcon_core.package_identification:_identify(runs/detect/train2) by extension 'colcon_pkg'
[0.245s] Level 1:colcon.colcon_core.package_identification:_identify(runs/detect/train2) by extensions ['colcon_meta']
[0.245s] Level 1:colcon.colcon_core.package_identification:_identify(runs/detect/train2) by extension 'colcon_meta'
[0.245s] Level 1:colcon.colcon_core.package_identification:_identify(runs/detect/train2) by extensions ['ros']
[0.245s] Level 1:colcon.colcon_core.package_identification:_identify(runs/detect/train2) by extension 'ros'
[0.245s] Level 1:colcon.colcon_core.package_identification:_identify(runs/detect/train2) by extensions ['cmake', 'python']
[0.245s] Level 1:colcon.colcon_core.package_identification:_identify(runs/detect/train2) by extension 'cmake'
[0.245s] Level 1:colcon.colcon_core.package_identification:_identify(runs/detect/train2) by extension 'python'
[0.245s] Level 1:colcon.colcon_core.package_identification:_identify(runs/detect/train2) by extensions ['python_setup_py']
[0.245s] Level 1:colcon.colcon_core.package_identification:_identify(runs/detect/train2) by extension 'python_setup_py'
[0.245s] Level 1:colcon.colcon_core.package_identification:_identify(runs/detect/train2/weights) by extensions ['ignore', 'ignore_ament_install']
[0.245s] Level 1:colcon.colcon_core.package_identification:_identify(runs/detect/train2/weights) by extension 'ignore'
[0.246s] Level 1:colcon.colcon_core.package_identification:_identify(runs/detect/train2/weights) by extension 'ignore_ament_install'
[0.246s] Level 1:colcon.colcon_core.package_identification:_identify(runs/detect/train2/weights) by extensions ['colcon_pkg']
[0.246s] Level 1:colcon.colcon_core.package_identification:_identify(runs/detect/train2/weights) by extension 'colcon_pkg'
[0.246s] Level 1:colcon.colcon_core.package_identification:_identify(runs/detect/train2/weights) by extensions ['colcon_meta']
[0.246s] Level 1:colcon.colcon_core.package_identification:_identify(runs/detect/train2/weights) by extension 'colcon_meta'
[0.246s] Level 1:colcon.colcon_core.package_identification:_identify(runs/detect/train2/weights) by extensions ['ros']
[0.246s] Level 1:colcon.colcon_core.package_identification:_identify(runs/detect/train2/weights) by extension 'ros'
[0.246s] Level 1:colcon.colcon_core.package_identification:_identify(runs/detect/train2/weights) by extensions ['cmake', 'python']
[0.246s] Level 1:colcon.colcon_core.package_identification:_identify(runs/detect/train2/weights) by extension 'cmake'
[0.246s] Level 1:colcon.colcon_core.package_identification:_identify(runs/detect/train2/weights) by extension 'python'
[0.246s] Level 1:colcon.colcon_core.package_identification:_identify(runs/detect/train2/weights) by extensions ['python_setup_py']
[0.246s] Level 1:colcon.colcon_core.package_identification:_identify(runs/detect/train2/weights) by extension 'python_setup_py'
[0.246s] Level 1:colcon.colcon_core.package_identification:_identify(runs/detect/train3) by extensions ['ignore', 'ignore_ament_install']
[0.247s] Level 1:colcon.colcon_core.package_identification:_identify(runs/detect/train3) by extension 'ignore'
[0.247s] Level 1:colcon.colcon_core.package_identification:_identify(runs/detect/train3) by extension 'ignore_ament_install'
[0.247s] Level 1:colcon.colcon_core.package_identification:_identify(runs/detect/train3) by extensions ['colcon_pkg']
[0.247s] Level 1:colcon.colcon_core.package_identification:_identify(runs/detect/train3) by extension 'colcon_pkg'
[0.247s] Level 1:colcon.colcon_core.package_identification:_identify(runs/detect/train3) by extensions ['colcon_meta']
[0.247s] Level 1:colcon.colcon_core.package_identification:_identify(runs/detect/train3) by extension 'colcon_meta'
[0.247s] Level 1:colcon.colcon_core.package_identification:_identify(runs/detect/train3) by extensions ['ros']
[0.247s] Level 1:colcon.colcon_core.package_identification:_identify(runs/detect/train3) by extension 'ros'
[0.247s] Level 1:colcon.colcon_core.package_identification:_identify(runs/detect/train3) by extensions ['cmake', 'python']
[0.247s] Level 1:colcon.colcon_core.package_identification:_identify(runs/detect/train3) by extension 'cmake'
[0.247s] Level 1:colcon.colcon_core.package_identification:_identify(runs/detect/train3) by extension 'python'
[0.247s] Level 1:colcon.colcon_core.package_identification:_identify(runs/detect/train3) by extensions ['python_setup_py']
[0.247s] Level 1:colcon.colcon_core.package_identification:_identify(runs/detect/train3) by extension 'python_setup_py'
[0.247s] Level 1:colcon.colcon_core.package_identification:_identify(runs/detect/train3/weights) by extensions ['ignore', 'ignore_ament_install']
[0.247s] Level 1:colcon.colcon_core.package_identification:_identify(runs/detect/train3/weights) by extension 'ignore'
[0.247s] Level 1:colcon.colcon_core.package_identification:_identify(runs/detect/train3/weights) by extension 'ignore_ament_install'
[0.247s] Level 1:colcon.colcon_core.package_identification:_identify(runs/detect/train3/weights) by extensions ['colcon_pkg']
[0.247s] Level 1:colcon.colcon_core.package_identification:_identify(runs/detect/train3/weights) by extension 'colcon_pkg'
[0.247s] Level 1:colcon.colcon_core.package_identification:_identify(runs/detect/train3/weights) by extensions ['colcon_meta']
[0.247s] Level 1:colcon.colcon_core.package_identification:_identify(runs/detect/train3/weights) by extension 'colcon_meta'
[0.247s] Level 1:colcon.colcon_core.package_identification:_identify(runs/detect/train3/weights) by extensions ['ros']
[0.247s] Level 1:colcon.colcon_core.package_identification:_identify(runs/detect/train3/weights) by extension 'ros'
[0.247s] Level 1:colcon.colcon_core.package_identification:_identify(runs/detect/train3/weights) by extensions ['cmake', 'python']
[0.247s] Level 1:colcon.colcon_core.package_identification:_identify(runs/detect/train3/weights) by extension 'cmake'
[0.247s] Level 1:colcon.colcon_core.package_identification:_identify(runs/detect/train3/weights) by extension 'python'
[0.247s] Level 1:colcon.colcon_core.package_identification:_identify(runs/detect/train3/weights) by extensions ['python_setup_py']
[0.248s] Level 1:colcon.colcon_core.package_identification:_identify(runs/detect/train3/weights) by extension 'python_setup_py'
[0.248s] Level 1:colcon.colcon_core.package_identification:_identify(runs/detect/train4) by extensions ['ignore', 'ignore_ament_install']
[0.248s] Level 1:colcon.colcon_core.package_identification:_identify(runs/detect/train4) by extension 'ignore'
[0.248s] Level 1:colcon.colcon_core.package_identification:_identify(runs/detect/train4) by extension 'ignore_ament_install'
[0.248s] Level 1:colcon.colcon_core.package_identification:_identify(runs/detect/train4) by extensions ['colcon_pkg']
[0.248s] Level 1:colcon.colcon_core.package_identification:_identify(runs/detect/train4) by extension 'colcon_pkg'
[0.248s] Level 1:colcon.colcon_core.package_identification:_identify(runs/detect/train4) by extensions ['colcon_meta']
[0.248s] Level 1:colcon.colcon_core.package_identification:_identify(runs/detect/train4) by extension 'colcon_meta'
[0.248s] Level 1:colcon.colcon_core.package_identification:_identify(runs/detect/train4) by extensions ['ros']
[0.248s] Level 1:colcon.colcon_core.package_identification:_identify(runs/detect/train4) by extension 'ros'
[0.248s] Level 1:colcon.colcon_core.package_identification:_identify(runs/detect/train4) by extensions ['cmake', 'python']
[0.248s] Level 1:colcon.colcon_core.package_identification:_identify(runs/detect/train4) by extension 'cmake'
[0.248s] Level 1:colcon.colcon_core.package_identification:_identify(runs/detect/train4) by extension 'python'
[0.248s] Level 1:colcon.colcon_core.package_identification:_identify(runs/detect/train4) by extensions ['python_setup_py']
[0.248s] Level 1:colcon.colcon_core.package_identification:_identify(runs/detect/train4) by extension 'python_setup_py'
[0.248s] Level 1:colcon.colcon_core.package_identification:_identify(runs/detect/train4/weights) by extensions ['ignore', 'ignore_ament_install']
[0.248s] Level 1:colcon.colcon_core.package_identification:_identify(runs/detect/train4/weights) by extension 'ignore'
[0.248s] Level 1:colcon.colcon_core.package_identification:_identify(runs/detect/train4/weights) by extension 'ignore_ament_install'
[0.248s] Level 1:colcon.colcon_core.package_identification:_identify(runs/detect/train4/weights) by extensions ['colcon_pkg']
[0.248s] Level 1:colcon.colcon_core.package_identification:_identify(runs/detect/train4/weights) by extension 'colcon_pkg'
[0.248s] Level 1:colcon.colcon_core.package_identification:_identify(runs/detect/train4/weights) by extensions ['colcon_meta']
[0.248s] Level 1:colcon.colcon_core.package_identification:_identify(runs/detect/train4/weights) by extension 'colcon_meta'
[0.248s] Level 1:colcon.colcon_core.package_identification:_identify(runs/detect/train4/weights) by extensions ['ros']
[0.248s] Level 1:colcon.colcon_core.package_identification:_identify(runs/detect/train4/weights) by extension 'ros'
[0.248s] Level 1:colcon.colcon_core.package_identification:_identify(runs/detect/train4/weights) by extensions ['cmake', 'python']
[0.248s] Level 1:colcon.colcon_core.package_identification:_identify(runs/detect/train4/weights) by extension 'cmake'
[0.248s] Level 1:colcon.colcon_core.package_identification:_identify(runs/detect/train4/weights) by extension 'python'
[0.248s] Level 1:colcon.colcon_core.package_identification:_identify(runs/detect/train4/weights) by extensions ['python_setup_py']
[0.248s] Level 1:colcon.colcon_core.package_identification:_identify(runs/detect/train4/weights) by extension 'python_setup_py'
[0.249s] Level 1:colcon.colcon_core.package_identification:_identify(runs/detect/train5) by extensions ['ignore', 'ignore_ament_install']
[0.249s] Level 1:colcon.colcon_core.package_identification:_identify(runs/detect/train5) by extension 'ignore'
[0.249s] Level 1:colcon.colcon_core.package_identification:_identify(runs/detect/train5) by extension 'ignore_ament_install'
[0.249s] Level 1:colcon.colcon_core.package_identification:_identify(runs/detect/train5) by extensions ['colcon_pkg']
[0.249s] Level 1:colcon.colcon_core.package_identification:_identify(runs/detect/train5) by extension 'colcon_pkg'
[0.249s] Level 1:colcon.colcon_core.package_identification:_identify(runs/detect/train5) by extensions ['colcon_meta']
[0.249s] Level 1:colcon.colcon_core.package_identification:_identify(runs/detect/train5) by extension 'colcon_meta'
[0.249s] Level 1:colcon.colcon_core.package_identification:_identify(runs/detect/train5) by extensions ['ros']
[0.249s] Level 1:colcon.colcon_core.package_identification:_identify(runs/detect/train5) by extension 'ros'
[0.249s] Level 1:colcon.colcon_core.package_identification:_identify(runs/detect/train5) by extensions ['cmake', 'python']
[0.249s] Level 1:colcon.colcon_core.package_identification:_identify(runs/detect/train5) by extension 'cmake'
[0.249s] Level 1:colcon.colcon_core.package_identification:_identify(runs/detect/train5) by extension 'python'
[0.249s] Level 1:colcon.colcon_core.package_identification:_identify(runs/detect/train5) by extensions ['python_setup_py']
[0.249s] Level 1:colcon.colcon_core.package_identification:_identify(runs/detect/train5) by extension 'python_setup_py'
[0.249s] Level 1:colcon.colcon_core.package_identification:_identify(runs/detect/train5/weights) by extensions ['ignore', 'ignore_ament_install']
[0.249s] Level 1:colcon.colcon_core.package_identification:_identify(runs/detect/train5/weights) by extension 'ignore'
[0.249s] Level 1:colcon.colcon_core.package_identification:_identify(runs/detect/train5/weights) by extension 'ignore_ament_install'
[0.249s] Level 1:colcon.colcon_core.package_identification:_identify(runs/detect/train5/weights) by extensions ['colcon_pkg']
[0.249s] Level 1:colcon.colcon_core.package_identification:_identify(runs/detect/train5/weights) by extension 'colcon_pkg'
[0.249s] Level 1:colcon.colcon_core.package_identification:_identify(runs/detect/train5/weights) by extensions ['colcon_meta']
[0.249s] Level 1:colcon.colcon_core.package_identification:_identify(runs/detect/train5/weights) by extension 'colcon_meta'
[0.249s] Level 1:colcon.colcon_core.package_identification:_identify(runs/detect/train5/weights) by extensions ['ros']
[0.249s] Level 1:colcon.colcon_core.package_identification:_identify(runs/detect/train5/weights) by extension 'ros'
[0.249s] Level 1:colcon.colcon_core.package_identification:_identify(runs/detect/train5/weights) by extensions ['cmake', 'python']
[0.249s] Level 1:colcon.colcon_core.package_identification:_identify(runs/detect/train5/weights) by extension 'cmake'
[0.249s] Level 1:colcon.colcon_core.package_identification:_identify(runs/detect/train5/weights) by extension 'python'
[0.249s] Level 1:colcon.colcon_core.package_identification:_identify(runs/detect/train5/weights) by extensions ['python_setup_py']
[0.249s] Level 1:colcon.colcon_core.package_identification:_identify(runs/detect/train5/weights) by extension 'python_setup_py'
[0.250s] Level 1:colcon.colcon_core.package_identification:_identify(runs/detect/train6) by extensions ['ignore', 'ignore_ament_install']
[0.250s] Level 1:colcon.colcon_core.package_identification:_identify(runs/detect/train6) by extension 'ignore'
[0.250s] Level 1:colcon.colcon_core.package_identification:_identify(runs/detect/train6) by extension 'ignore_ament_install'
[0.250s] Level 1:colcon.colcon_core.package_identification:_identify(runs/detect/train6) by extensions ['colcon_pkg']
[0.250s] Level 1:colcon.colcon_core.package_identification:_identify(runs/detect/train6) by extension 'colcon_pkg'
[0.250s] Level 1:colcon.colcon_core.package_identification:_identify(runs/detect/train6) by extensions ['colcon_meta']
[0.250s] Level 1:colcon.colcon_core.package_identification:_identify(runs/detect/train6) by extension 'colcon_meta'
[0.250s] Level 1:colcon.colcon_core.package_identification:_identify(runs/detect/train6) by extensions ['ros']
[0.250s] Level 1:colcon.colcon_core.package_identification:_identify(runs/detect/train6) by extension 'ros'
[0.250s] Level 1:colcon.colcon_core.package_identification:_identify(runs/detect/train6) by extensions ['cmake', 'python']
[0.250s] Level 1:colcon.colcon_core.package_identification:_identify(runs/detect/train6) by extension 'cmake'
[0.250s] Level 1:colcon.colcon_core.package_identification:_identify(runs/detect/train6) by extension 'python'
[0.250s] Level 1:colcon.colcon_core.package_identification:_identify(runs/detect/train6) by extensions ['python_setup_py']
[0.250s] Level 1:colcon.colcon_core.package_identification:_identify(runs/detect/train6) by extension 'python_setup_py'
[0.250s] Level 1:colcon.colcon_core.package_identification:_identify(runs/detect/train6/weights) by extensions ['ignore', 'ignore_ament_install']
[0.250s] Level 1:colcon.colcon_core.package_identification:_identify(runs/detect/train6/weights) by extension 'ignore'
[0.250s] Level 1:colcon.colcon_core.package_identification:_identify(runs/detect/train6/weights) by extension 'ignore_ament_install'
[0.250s] Level 1:colcon.colcon_core.package_identification:_identify(runs/detect/train6/weights) by extensions ['colcon_pkg']
[0.250s] Level 1:colcon.colcon_core.package_identification:_identify(runs/detect/train6/weights) by extension 'colcon_pkg'
[0.250s] Level 1:colcon.colcon_core.package_identification:_identify(runs/detect/train6/weights) by extensions ['colcon_meta']
[0.250s] Level 1:colcon.colcon_core.package_identification:_identify(runs/detect/train6/weights) by extension 'colcon_meta'
[0.250s] Level 1:colcon.colcon_core.package_identification:_identify(runs/detect/train6/weights) by extensions ['ros']
[0.250s] Level 1:colcon.colcon_core.package_identification:_identify(runs/detect/train6/weights) by extension 'ros'
[0.250s] Level 1:colcon.colcon_core.package_identification:_identify(runs/detect/train6/weights) by extensions ['cmake', 'python']
[0.250s] Level 1:colcon.colcon_core.package_identification:_identify(runs/detect/train6/weights) by extension 'cmake'
[0.250s] Level 1:colcon.colcon_core.package_identification:_identify(runs/detect/train6/weights) by extension 'python'
[0.250s] Level 1:colcon.colcon_core.package_identification:_identify(runs/detect/train6/weights) by extensions ['python_setup_py']
[0.250s] Level 1:colcon.colcon_core.package_identification:_identify(runs/detect/train6/weights) by extension 'python_setup_py'
[0.251s] Level 1:colcon.colcon_core.package_identification:_identify(runs/detect/train7) by extensions ['ignore', 'ignore_ament_install']
[0.251s] Level 1:colcon.colcon_core.package_identification:_identify(runs/detect/train7) by extension 'ignore'
[0.251s] Level 1:colcon.colcon_core.package_identification:_identify(runs/detect/train7) by extension 'ignore_ament_install'
[0.251s] Level 1:colcon.colcon_core.package_identification:_identify(runs/detect/train7) by extensions ['colcon_pkg']
[0.251s] Level 1:colcon.colcon_core.package_identification:_identify(runs/detect/train7) by extension 'colcon_pkg'
[0.251s] Level 1:colcon.colcon_core.package_identification:_identify(runs/detect/train7) by extensions ['colcon_meta']
[0.251s] Level 1:colcon.colcon_core.package_identification:_identify(runs/detect/train7) by extension 'colcon_meta'
[0.251s] Level 1:colcon.colcon_core.package_identification:_identify(runs/detect/train7) by extensions ['ros']
[0.251s] Level 1:colcon.colcon_core.package_identification:_identify(runs/detect/train7) by extension 'ros'
[0.251s] Level 1:colcon.colcon_core.package_identification:_identify(runs/detect/train7) by extensions ['cmake', 'python']
[0.251s] Level 1:colcon.colcon_core.package_identification:_identify(runs/detect/train7) by extension 'cmake'
[0.251s] Level 1:colcon.colcon_core.package_identification:_identify(runs/detect/train7) by extension 'python'
[0.251s] Level 1:colcon.colcon_core.package_identification:_identify(runs/detect/train7) by extensions ['python_setup_py']
[0.251s] Level 1:colcon.colcon_core.package_identification:_identify(runs/detect/train7) by extension 'python_setup_py'
[0.251s] Level 1:colcon.colcon_core.package_identification:_identify(runs/detect/train7/weights) by extensions ['ignore', 'ignore_ament_install']
[0.251s] Level 1:colcon.colcon_core.package_identification:_identify(runs/detect/train7/weights) by extension 'ignore'
[0.251s] Level 1:colcon.colcon_core.package_identification:_identify(runs/detect/train7/weights) by extension 'ignore_ament_install'
[0.251s] Level 1:colcon.colcon_core.package_identification:_identify(runs/detect/train7/weights) by extensions ['colcon_pkg']
[0.251s] Level 1:colcon.colcon_core.package_identification:_identify(runs/detect/train7/weights) by extension 'colcon_pkg'
[0.251s] Level 1:colcon.colcon_core.package_identification:_identify(runs/detect/train7/weights) by extensions ['colcon_meta']
[0.251s] Level 1:colcon.colcon_core.package_identification:_identify(runs/detect/train7/weights) by extension 'colcon_meta'
[0.251s] Level 1:colcon.colcon_core.package_identification:_identify(runs/detect/train7/weights) by extensions ['ros']
[0.251s] Level 1:colcon.colcon_core.package_identification:_identify(runs/detect/train7/weights) by extension 'ros'
[0.251s] Level 1:colcon.colcon_core.package_identification:_identify(runs/detect/train7/weights) by extensions ['cmake', 'python']
[0.251s] Level 1:colcon.colcon_core.package_identification:_identify(runs/detect/train7/weights) by extension 'cmake'
[0.251s] Level 1:colcon.colcon_core.package_identification:_identify(runs/detect/train7/weights) by extension 'python'
[0.251s] Level 1:colcon.colcon_core.package_identification:_identify(runs/detect/train7/weights) by extensions ['python_setup_py']
[0.251s] Level 1:colcon.colcon_core.package_identification:_identify(runs/detect/train7/weights) by extension 'python_setup_py'
[0.251s] Level 1:colcon.colcon_core.package_identification:_identify(runs/detect/train8) by extensions ['ignore', 'ignore_ament_install']
[0.252s] Level 1:colcon.colcon_core.package_identification:_identify(runs/detect/train8) by extension 'ignore'
[0.252s] Level 1:colcon.colcon_core.package_identification:_identify(runs/detect/train8) by extension 'ignore_ament_install'
[0.252s] Level 1:colcon.colcon_core.package_identification:_identify(runs/detect/train8) by extensions ['colcon_pkg']
[0.252s] Level 1:colcon.colcon_core.package_identification:_identify(runs/detect/train8) by extension 'colcon_pkg'
[0.252s] Level 1:colcon.colcon_core.package_identification:_identify(runs/detect/train8) by extensions ['colcon_meta']
[0.252s] Level 1:colcon.colcon_core.package_identification:_identify(runs/detect/train8) by extension 'colcon_meta'
[0.252s] Level 1:colcon.colcon_core.package_identification:_identify(runs/detect/train8) by extensions ['ros']
[0.252s] Level 1:colcon.colcon_core.package_identification:_identify(runs/detect/train8) by extension 'ros'
[0.252s] Level 1:colcon.colcon_core.package_identification:_identify(runs/detect/train8) by extensions ['cmake', 'python']
[0.252s] Level 1:colcon.colcon_core.package_identification:_identify(runs/detect/train8) by extension 'cmake'
[0.252s] Level 1:colcon.colcon_core.package_identification:_identify(runs/detect/train8) by extension 'python'
[0.252s] Level 1:colcon.colcon_core.package_identification:_identify(runs/detect/train8) by extensions ['python_setup_py']
[0.252s] Level 1:colcon.colcon_core.package_identification:_identify(runs/detect/train8) by extension 'python_setup_py'
[0.252s] Level 1:colcon.colcon_core.package_identification:_identify(runs/detect/train8/weights) by extensions ['ignore', 'ignore_ament_install']
[0.252s] Level 1:colcon.colcon_core.package_identification:_identify(runs/detect/train8/weights) by extension 'ignore'
[0.252s] Level 1:colcon.colcon_core.package_identification:_identify(runs/detect/train8/weights) by extension 'ignore_ament_install'
[0.252s] Level 1:colcon.colcon_core.package_identification:_identify(runs/detect/train8/weights) by extensions ['colcon_pkg']
[0.252s] Level 1:colcon.colcon_core.package_identification:_identify(runs/detect/train8/weights) by extension 'colcon_pkg'
[0.252s] Level 1:colcon.colcon_core.package_identification:_identify(runs/detect/train8/weights) by extensions ['colcon_meta']
[0.252s] Level 1:colcon.colcon_core.package_identification:_identify(runs/detect/train8/weights) by extension 'colcon_meta'
[0.252s] Level 1:colcon.colcon_core.package_identification:_identify(runs/detect/train8/weights) by extensions ['ros']
[0.252s] Level 1:colcon.colcon_core.package_identification:_identify(runs/detect/train8/weights) by extension 'ros'
[0.252s] Level 1:colcon.colcon_core.package_identification:_identify(runs/detect/train8/weights) by extensions ['cmake', 'python']
[0.252s] Level 1:colcon.colcon_core.package_identification:_identify(runs/detect/train8/weights) by extension 'cmake'
[0.252s] Level 1:colcon.colcon_core.package_identification:_identify(runs/detect/train8/weights) by extension 'python'
[0.252s] Level 1:colcon.colcon_core.package_identification:_identify(runs/detect/train8/weights) by extensions ['python_setup_py']
[0.252s] Level 1:colcon.colcon_core.package_identification:_identify(runs/detect/train8/weights) by extension 'python_setup_py'
[0.252s] Level 1:colcon.colcon_core.package_identification:_identify(runs/detect/train9) by extensions ['ignore', 'ignore_ament_install']
[0.252s] Level 1:colcon.colcon_core.package_identification:_identify(runs/detect/train9) by extension 'ignore'
[0.253s] Level 1:colcon.colcon_core.package_identification:_identify(runs/detect/train9) by extension 'ignore_ament_install'
[0.253s] Level 1:colcon.colcon_core.package_identification:_identify(runs/detect/train9) by extensions ['colcon_pkg']
[0.253s] Level 1:colcon.colcon_core.package_identification:_identify(runs/detect/train9) by extension 'colcon_pkg'
[0.253s] Level 1:colcon.colcon_core.package_identification:_identify(runs/detect/train9) by extensions ['colcon_meta']
[0.253s] Level 1:colcon.colcon_core.package_identification:_identify(runs/detect/train9) by extension 'colcon_meta'
[0.253s] Level 1:colcon.colcon_core.package_identification:_identify(runs/detect/train9) by extensions ['ros']
[0.253s] Level 1:colcon.colcon_core.package_identification:_identify(runs/detect/train9) by extension 'ros'
[0.253s] Level 1:colcon.colcon_core.package_identification:_identify(runs/detect/train9) by extensions ['cmake', 'python']
[0.253s] Level 1:colcon.colcon_core.package_identification:_identify(runs/detect/train9) by extension 'cmake'
[0.253s] Level 1:colcon.colcon_core.package_identification:_identify(runs/detect/train9) by extension 'python'
[0.253s] Level 1:colcon.colcon_core.package_identification:_identify(runs/detect/train9) by extensions ['python_setup_py']
[0.253s] Level 1:colcon.colcon_core.package_identification:_identify(runs/detect/train9) by extension 'python_setup_py'
[0.253s] Level 1:colcon.colcon_core.package_identification:_identify(runs/detect/train9/weights) by extensions ['ignore', 'ignore_ament_install']
[0.253s] Level 1:colcon.colcon_core.package_identification:_identify(runs/detect/train9/weights) by extension 'ignore'
[0.253s] Level 1:colcon.colcon_core.package_identification:_identify(runs/detect/train9/weights) by extension 'ignore_ament_install'
[0.253s] Level 1:colcon.colcon_core.package_identification:_identify(runs/detect/train9/weights) by extensions ['colcon_pkg']
[0.253s] Level 1:colcon.colcon_core.package_identification:_identify(runs/detect/train9/weights) by extension 'colcon_pkg'
[0.253s] Level 1:colcon.colcon_core.package_identification:_identify(runs/detect/train9/weights) by extensions ['colcon_meta']
[0.253s] Level 1:colcon.colcon_core.package_identification:_identify(runs/detect/train9/weights) by extension 'colcon_meta'
[0.253s] Level 1:colcon.colcon_core.package_identification:_identify(runs/detect/train9/weights) by extensions ['ros']
[0.253s] Level 1:colcon.colcon_core.package_identification:_identify(runs/detect/train9/weights) by extension 'ros'
[0.253s] Level 1:colcon.colcon_core.package_identification:_identify(runs/detect/train9/weights) by extensions ['cmake', 'python']
[0.253s] Level 1:colcon.colcon_core.package_identification:_identify(runs/detect/train9/weights) by extension 'cmake'
[0.253s] Level 1:colcon.colcon_core.package_identification:_identify(runs/detect/train9/weights) by extension 'python'
[0.253s] Level 1:colcon.colcon_core.package_identification:_identify(runs/detect/train9/weights) by extensions ['python_setup_py']
[0.253s] Level 1:colcon.colcon_core.package_identification:_identify(runs/detect/train9/weights) by extension 'python_setup_py'
[0.253s] Level 1:colcon.colcon_core.package_identification:_identify(src) by extensions ['ignore', 'ignore_ament_install']
[0.253s] Level 1:colcon.colcon_core.package_identification:_identify(src) by extension 'ignore'
[0.253s] Level 1:colcon.colcon_core.package_identification:_identify(src) by extension 'ignore_ament_install'
[0.254s] Level 1:colcon.colcon_core.package_identification:_identify(src) by extensions ['colcon_pkg']
[0.254s] Level 1:colcon.colcon_core.package_identification:_identify(src) by extension 'colcon_pkg'
[0.254s] Level 1:colcon.colcon_core.package_identification:_identify(src) by extensions ['colcon_meta']
[0.254s] Level 1:colcon.colcon_core.package_identification:_identify(src) by extension 'colcon_meta'
[0.254s] Level 1:colcon.colcon_core.package_identification:_identify(src) by extensions ['ros']
[0.254s] Level 1:colcon.colcon_core.package_identification:_identify(src) by extension 'ros'
[0.254s] Level 1:colcon.colcon_core.package_identification:_identify(src) by extensions ['cmake', 'python']
[0.254s] Level 1:colcon.colcon_core.package_identification:_identify(src) by extension 'cmake'
[0.254s] Level 1:colcon.colcon_core.package_identification:_identify(src) by extension 'python'
[0.254s] Level 1:colcon.colcon_core.package_identification:_identify(src) by extensions ['python_setup_py']
[0.254s] Level 1:colcon.colcon_core.package_identification:_identify(src) by extension 'python_setup_py'
[0.254s] Level 1:colcon.colcon_core.package_identification:_identify(src/smart_factory) by extensions ['ignore', 'ignore_ament_install']
[0.254s] Level 1:colcon.colcon_core.package_identification:_identify(src/smart_factory) by extension 'ignore'
[0.254s] Level 1:colcon.colcon_core.package_identification:_identify(src/smart_factory) by extension 'ignore_ament_install'
[0.254s] Level 1:colcon.colcon_core.package_identification:_identify(src/smart_factory) by extensions ['colcon_pkg']
[0.254s] Level 1:colcon.colcon_core.package_identification:_identify(src/smart_factory) by extension 'colcon_pkg'
[0.254s] Level 1:colcon.colcon_core.package_identification:_identify(src/smart_factory) by extensions ['colcon_meta']
[0.254s] Level 1:colcon.colcon_core.package_identification:_identify(src/smart_factory) by extension 'colcon_meta'
[0.254s] Level 1:colcon.colcon_core.package_identification:_identify(src/smart_factory) by extensions ['ros']
[0.254s] Level 1:colcon.colcon_core.package_identification:_identify(src/smart_factory) by extension 'ros'
[0.256s] DEBUG:colcon.colcon_core.package_identification:Package 'src/smart_factory' with type 'ros.ament_python' and name 'smart_factory'
[0.256s] Level 1:colcon.colcon_core.package_identification:_identify(src/smart_factory_services) by extensions ['ignore', 'ignore_ament_install']
[0.257s] Level 1:colcon.colcon_core.package_identification:_identify(src/smart_factory_services) by extension 'ignore'
[0.257s] Level 1:colcon.colcon_core.package_identification:_identify(src/smart_factory_services) by extension 'ignore_ament_install'
[0.257s] Level 1:colcon.colcon_core.package_identification:_identify(src/smart_factory_services) by extensions ['colcon_pkg']
[0.257s] Level 1:colcon.colcon_core.package_identification:_identify(src/smart_factory_services) by extension 'colcon_pkg'
[0.257s] Level 1:colcon.colcon_core.package_identification:_identify(src/smart_factory_services) by extensions ['colcon_meta']
[0.257s] Level 1:colcon.colcon_core.package_identification:_identify(src/smart_factory_services) by extension 'colcon_meta'
[0.257s] Level 1:colcon.colcon_core.package_identification:_identify(src/smart_factory_services) by extensions ['ros']
[0.257s] Level 1:colcon.colcon_core.package_identification:_identify(src/smart_factory_services) by extension 'ros'
[0.257s] DEBUG:colcon.colcon_core.package_identification:Package 'src/smart_factory_services' with type 'ros.ament_cmake' and name 'smart_factory_services'
[0.257s] Level 1:colcon.colcon_core.package_discovery:discover_packages(recursive) using defaults
[0.257s] Level 1:colcon.colcon_core.package_discovery:discover_packages(ignore) discover
[0.257s] Level 1:colcon.colcon_core.package_discovery:discover_packages(ignore) using defaults
[0.257s] Level 1:colcon.colcon_core.package_discovery:discover_packages(path) discover
[0.257s] Level 1:colcon.colcon_core.package_discovery:discover_packages(path) using defaults
[0.271s] Level 1:colcon.colcon_core.package_discovery:discover_packages(prefix_path) check parameters
[0.272s] Level 1:colcon.colcon_core.package_discovery:discover_packages(prefix_path) discover
[0.273s] DEBUG:colcon.colcon_installed_package_information.package_discovery:Found 2 installed packages in /home/prethivi/ros2_ws/Smart_Factory/smart_factory_ws/install
[0.275s] DEBUG:colcon.colcon_installed_package_information.package_discovery:Found 392 installed packages in /opt/ros/humble
[0.276s] Level 1:colcon.colcon_core.package_discovery:discover_packages(prefix_path) using defaults
[0.311s] Level 5:colcon.colcon_core.verb:set package 'smart_factory_services' build argument 'cmake_args' from command line to 'None'
[0.311s] Level 5:colcon.colcon_core.verb:set package 'smart_factory_services' build argument 'cmake_target' from command line to 'None'
[0.311s] Level 5:colcon.colcon_core.verb:set package 'smart_factory_services' build argument 'cmake_target_skip_unavailable' from command line to 'False'
[0.311s] Level 5:colcon.colcon_core.verb:set package 'smart_factory_services' build argument 'cmake_clean_cache' from command line to 'False'
[0.311s] Level 5:colcon.colcon_core.verb:set package 'smart_factory_services' build argument 'cmake_clean_first' from command line to 'False'
[0.311s] Level 5:colcon.colcon_core.verb:set package 'smart_factory_services' build argument 'cmake_force_configure' from command line to 'False'
[0.312s] Level 5:colcon.colcon_core.verb:set package 'smart_factory_services' build argument 'ament_cmake_args' from command line to 'None'
[0.312s] Level 5:colcon.colcon_core.verb:set package 'smart_factory_services' build argument 'catkin_cmake_args' from command line to 'None'
[0.312s] Level 5:colcon.colcon_core.verb:set package 'smart_factory_services' build argument 'catkin_skip_building_tests' from command line to 'False'
[0.312s] DEBUG:colcon.colcon_core.verb:Building package 'smart_factory_services' with the following arguments: {'ament_cmake_args': None, 'build_base': '/home/prethivi/ros2_ws/Smart_Factory/smart_factory_ws/build/smart_factory_services', 'catkin_cmake_args': None, 'catkin_skip_building_tests': False, 'cmake_args': None, 'cmake_clean_cache': False, 'cmake_clean_first': False, 'cmake_force_configure': False, 'cmake_target': None, 'cmake_target_skip_unavailable': False, 'install_base': '/home/prethivi/ros2_ws/Smart_Factory/smart_factory_ws/install/smart_factory_services', 'merge_install': False, 'path': '/home/prethivi/ros2_ws/Smart_Factory/smart_factory_ws/src/smart_factory_services', 'symlink_install': False, 'test_result_base': None}
[0.312s] Level 5:colcon.colcon_core.verb:set package 'smart_factory' build argument 'cmake_args' from command line to 'None'
[0.312s] Level 5:colcon.colcon_core.verb:set package 'smart_factory' build argument 'cmake_target' from command line to 'None'
[0.312s] Level 5:colcon.colcon_core.verb:set package 'smart_factory' build argument 'cmake_target_skip_unavailable' from command line to 'False'
[0.312s] Level 5:colcon.colcon_core.verb:set package 'smart_factory' build argument 'cmake_clean_cache' from command line to 'False'
[0.312s] Level 5:colcon.colcon_core.verb:set package 'smart_factory' build argument 'cmake_clean_first' from command line to 'False'
[0.312s] Level 5:colcon.colcon_core.verb:set package 'smart_factory' build argument 'cmake_force_configure' from command line to 'False'
[0.312s] Level 5:colcon.colcon_core.verb:set package 'smart_factory' build argument 'ament_cmake_args' from command line to 'None'
[0.312s] Level 5:colcon.colcon_core.verb:set package 'smart_factory' build argument 'catkin_cmake_args' from command line to 'None'
[0.312s] Level 5:colcon.colcon_core.verb:set package 'smart_factory' build argument 'catkin_skip_building_tests' from command line to 'False'
[0.312s] DEBUG:colcon.colcon_core.verb:Building package 'smart_factory' with the following arguments: {'ament_cmake_args': None, 'build_base': '/home/prethivi/ros2_ws/Smart_Factory/smart_factory_ws/build/smart_factory', 'catkin_cmake_args': None, 'catkin_skip_building_tests': False, 'cmake_args': None, 'cmake_clean_cache': False, 'cmake_clean_first': False, 'cmake_force_configure': False, 'cmake_target': None, 'cmake_target_skip_unavailable': False, 'install_base': '/home/prethivi/ros2_ws/Smart_Factory/smart_factory_ws/install/smart_factory', 'merge_install': False, 'path': '/home/prethivi/ros2_ws/Smart_Factory/smart_factory_ws/src/smart_factory', 'symlink_install': False, 'test_result_base': None}
[0.312s] INFO:colcon.colcon_core.executor:Executing jobs using 'parallel' executor
[0.313s] DEBUG:colcon.colcon_parallel_executor.executor.parallel:run_until_complete
[0.313s] INFO:colcon.colcon_ros.task.ament_cmake.build:Building ROS package in '/home/prethivi/ros2_ws/Smart_Factory/smart_factory_ws/src/smart_factory_services' with build type 'ament_cmake'
[0.313s] INFO:colcon.colcon_cmake.task.cmake.build:Building CMake package in '/home/prethivi/ros2_ws/Smart_Factory/smart_factory_ws/src/smart_factory_services'
[0.315s] INFO:colcon.colcon_core.plugin_system:Skipping extension 'colcon_core.shell.bat': Not used on non-Windows systems
[0.315s] INFO:colcon.colcon_core.shell:Skip shell extension 'powershell' for command environment: Not usable outside of PowerShell
[0.315s] DEBUG:colcon.colcon_core.shell:Skip shell extension 'dsv' for command environment
[0.323s] DEBUG:colcon.colcon_core.event_handler.log_command:Invoking command in '/home/prethivi/ros2_ws/Smart_Factory/smart_factory_ws/build/smart_factory_services': CMAKE_PREFIX_PATH=${CMAKE_PREFIX_PATH}:/home/prethivi/ros2_ws/Smart_Factory/smart_factory_ws/install/smart_factory:/opt/ros/humble /usr/bin/cmake --build /home/prethivi/ros2_ws/Smart_Factory/smart_factory_ws/build/smart_factory_services -- -j16 -l16
[2.769s] DEBUG:colcon.colcon_core.event_handler.log_command:Invoked command in '/home/prethivi/ros2_ws/Smart_Factory/smart_factory_ws/build/smart_factory_services' returned '0': CMAKE_PREFIX_PATH=${CMAKE_PREFIX_PATH}:/home/prethivi/ros2_ws/Smart_Factory/smart_factory_ws/install/smart_factory:/opt/ros/humble /usr/bin/cmake --build /home/prethivi/ros2_ws/Smart_Factory/smart_factory_ws/build/smart_factory_services -- -j16 -l16
[2.779s] DEBUG:colcon.colcon_core.event_handler.log_command:Invoking command in '/home/prethivi/ros2_ws/Smart_Factory/smart_factory_ws/build/smart_factory_services': CMAKE_PREFIX_PATH=${CMAKE_PREFIX_PATH}:/home/prethivi/ros2_ws/Smart_Factory/smart_factory_ws/install/smart_factory:/opt/ros/humble /usr/bin/cmake --install /home/prethivi/ros2_ws/Smart_Factory/smart_factory_ws/build/smart_factory_services
[2.836s] Level 1:colcon.colcon_core.environment:create_environment_scripts_only(smart_factory_services)
[2.836s] DEBUG:colcon.colcon_core.event_handler.log_command:Invoked command in '/home/prethivi/ros2_ws/Smart_Factory/smart_factory_ws/build/smart_factory_services' returned '0': CMAKE_PREFIX_PATH=${CMAKE_PREFIX_PATH}:/home/prethivi/ros2_ws/Smart_Factory/smart_factory_ws/install/smart_factory:/opt/ros/humble /usr/bin/cmake --install /home/prethivi/ros2_ws/Smart_Factory/smart_factory_ws/build/smart_factory_services
[2.838s] Level 1:colcon.colcon_core.environment:checking '/home/prethivi/ros2_ws/Smart_Factory/smart_factory_ws/install/smart_factory_services' for CMake module files
[2.839s] Level 1:colcon.colcon_core.environment:checking '/home/prethivi/ros2_ws/Smart_Factory/smart_factory_ws/install/smart_factory_services' for CMake config files
[2.839s] Level 1:colcon.colcon_core.shell:create_environment_hook('smart_factory_services', 'cmake_prefix_path')
[2.839s] INFO:colcon.colcon_core.shell:Creating environment hook '/home/prethivi/ros2_ws/Smart_Factory/smart_factory_ws/install/smart_factory_services/share/smart_factory_services/hook/cmake_prefix_path.ps1'
[2.840s] INFO:colcon.colcon_core.shell:Creating environment descriptor '/home/prethivi/ros2_ws/Smart_Factory/smart_factory_ws/install/smart_factory_services/share/smart_factory_services/hook/cmake_prefix_path.dsv'
[2.840s] INFO:colcon.colcon_core.shell:Creating environment hook '/home/prethivi/ros2_ws/Smart_Factory/smart_factory_ws/install/smart_factory_services/share/smart_factory_services/hook/cmake_prefix_path.sh'
[2.841s] Level 1:colcon.colcon_core.environment:checking '/home/prethivi/ros2_ws/Smart_Factory/smart_factory_ws/install/smart_factory_services/lib'
[2.841s] Level 1:colcon.colcon_core.shell:create_environment_hook('smart_factory_services', 'ld_library_path_lib')
[2.841s] INFO:colcon.colcon_core.shell:Creating environment hook '/home/prethivi/ros2_ws/Smart_Factory/smart_factory_ws/install/smart_factory_services/share/smart_factory_services/hook/ld_library_path_lib.ps1'
[2.842s] INFO:colcon.colcon_core.shell:Creating environment descriptor '/home/prethivi/ros2_ws/Smart_Factory/smart_factory_ws/install/smart_factory_services/share/smart_factory_services/hook/ld_library_path_lib.dsv'
[2.842s] INFO:colcon.colcon_core.shell:Creating environment hook '/home/prethivi/ros2_ws/Smart_Factory/smart_factory_ws/install/smart_factory_services/share/smart_factory_services/hook/ld_library_path_lib.sh'
[2.842s] Level 1:colcon.colcon_core.environment:checking '/home/prethivi/ros2_ws/Smart_Factory/smart_factory_ws/install/smart_factory_services/bin'
[2.842s] Level 1:colcon.colcon_core.environment:checking '/home/prethivi/ros2_ws/Smart_Factory/smart_factory_ws/install/smart_factory_services/lib/pkgconfig/smart_factory_services.pc'
[2.842s] Level 1:colcon.colcon_core.environment:checking '/home/prethivi/ros2_ws/Smart_Factory/smart_factory_ws/install/smart_factory_services/lib/python3.10/site-packages'
[2.843s] Level 1:colcon.colcon_core.environment:checking '/home/prethivi/ros2_ws/Smart_Factory/smart_factory_ws/install/smart_factory_services/bin'
[2.843s] INFO:colcon.colcon_core.shell:Creating package script '/home/prethivi/ros2_ws/Smart_Factory/smart_factory_ws/install/smart_factory_services/share/smart_factory_services/package.ps1'
[2.843s] INFO:colcon.colcon_core.shell:Creating package descriptor '/home/prethivi/ros2_ws/Smart_Factory/smart_factory_ws/install/smart_factory_services/share/smart_factory_services/package.dsv'
[2.844s] INFO:colcon.colcon_core.shell:Creating package script '/home/prethivi/ros2_ws/Smart_Factory/smart_factory_ws/install/smart_factory_services/share/smart_factory_services/package.sh'
[2.844s] INFO:colcon.colcon_core.shell:Creating package script '/home/prethivi/ros2_ws/Smart_Factory/smart_factory_ws/install/smart_factory_services/share/smart_factory_services/package.bash'
[2.845s] INFO:colcon.colcon_core.shell:Creating package script '/home/prethivi/ros2_ws/Smart_Factory/smart_factory_ws/install/smart_factory_services/share/smart_factory_services/package.zsh'
[2.845s] Level 1:colcon.colcon_core.environment:create_file_with_runtime_dependencies(/home/prethivi/ros2_ws/Smart_Factory/smart_factory_ws/install/smart_factory_services/share/colcon-core/packages/smart_factory_services)
[2.846s] Level 1:colcon.colcon_core.environment:create_environment_scripts_only(smart_factory_services)
[2.846s] Level 1:colcon.colcon_core.environment:checking '/home/prethivi/ros2_ws/Smart_Factory/smart_factory_ws/install/smart_factory_services' for CMake module files
[2.846s] Level 1:colcon.colcon_core.environment:checking '/home/prethivi/ros2_ws/Smart_Factory/smart_factory_ws/install/smart_factory_services' for CMake config files
[2.846s] Level 1:colcon.colcon_core.shell:create_environment_hook('smart_factory_services', 'cmake_prefix_path')
[2.847s] INFO:colcon.colcon_core.shell:Creating environment hook '/home/prethivi/ros2_ws/Smart_Factory/smart_factory_ws/install/smart_factory_services/share/smart_factory_services/hook/cmake_prefix_path.ps1'
[2.847s] INFO:colcon.colcon_core.shell:Creating environment descriptor '/home/prethivi/ros2_ws/Smart_Factory/smart_factory_ws/install/smart_factory_services/share/smart_factory_services/hook/cmake_prefix_path.dsv'
[2.847s] INFO:colcon.colcon_core.shell:Creating environment hook '/home/prethivi/ros2_ws/Smart_Factory/smart_factory_ws/install/smart_factory_services/share/smart_factory_services/hook/cmake_prefix_path.sh'
[2.847s] Level 1:colcon.colcon_core.environment:checking '/home/prethivi/ros2_ws/Smart_Factory/smart_factory_ws/install/smart_factory_services/lib'
[2.847s] Level 1:colcon.colcon_core.shell:create_environment_hook('smart_factory_services', 'ld_library_path_lib')
[2.848s] INFO:colcon.colcon_core.shell:Creating environment hook '/home/prethivi/ros2_ws/Smart_Factory/smart_factory_ws/install/smart_factory_services/share/smart_factory_services/hook/ld_library_path_lib.ps1'
[2.848s] INFO:colcon.colcon_core.shell:Creating environment descriptor '/home/prethivi/ros2_ws/Smart_Factory/smart_factory_ws/install/smart_factory_services/share/smart_factory_services/hook/ld_library_path_lib.dsv'
[2.848s] INFO:colcon.colcon_core.shell:Creating environment hook '/home/prethivi/ros2_ws/Smart_Factory/smart_factory_ws/install/smart_factory_services/share/smart_factory_services/hook/ld_library_path_lib.sh'
[2.848s] Level 1:colcon.colcon_core.environment:checking '/home/prethivi/ros2_ws/Smart_Factory/smart_factory_ws/install/smart_factory_services/bin'
[2.849s] Level 1:colcon.colcon_core.environment:checking '/home/prethivi/ros2_ws/Smart_Factory/smart_factory_ws/install/smart_factory_services/lib/pkgconfig/smart_factory_services.pc'
[2.849s] Level 1:colcon.colcon_core.environment:checking '/home/prethivi/ros2_ws/Smart_Factory/smart_factory_ws/install/smart_factory_services/lib/python3.10/site-packages'
[2.849s] Level 1:colcon.colcon_core.environment:checking '/home/prethivi/ros2_ws/Smart_Factory/smart_factory_ws/install/smart_factory_services/bin'
[2.849s] INFO:colcon.colcon_core.shell:Creating package script '/home/prethivi/ros2_ws/Smart_Factory/smart_factory_ws/install/smart_factory_services/share/smart_factory_services/package.ps1'
[2.849s] INFO:colcon.colcon_core.shell:Creating package descriptor '/home/prethivi/ros2_ws/Smart_Factory/smart_factory_ws/install/smart_factory_services/share/smart_factory_services/package.dsv'
[2.850s] INFO:colcon.colcon_core.shell:Creating package script '/home/prethivi/ros2_ws/Smart_Factory/smart_factory_ws/install/smart_factory_services/share/smart_factory_services/package.sh'
[2.850s] INFO:colcon.colcon_core.shell:Creating package script '/home/prethivi/ros2_ws/Smart_Factory/smart_factory_ws/install/smart_factory_services/share/smart_factory_services/package.bash'
[2.850s] INFO:colcon.colcon_core.shell:Creating package script '/home/prethivi/ros2_ws/Smart_Factory/smart_factory_ws/install/smart_factory_services/share/smart_factory_services/package.zsh'
[2.851s] Level 1:colcon.colcon_core.environment:create_file_with_runtime_dependencies(/home/prethivi/ros2_ws/Smart_Factory/smart_factory_ws/install/smart_factory_services/share/colcon-core/packages/smart_factory_services)
[2.851s] INFO:colcon.colcon_ros.task.ament_python.build:Building ROS package in '/home/prethivi/ros2_ws/Smart_Factory/smart_factory_ws/src/smart_factory' with build type 'ament_python'
[2.851s] Level 1:colcon.colcon_core.shell:create_environment_hook('smart_factory', 'ament_prefix_path')
[2.851s] INFO:colcon.colcon_core.shell:Creating environment hook '/home/prethivi/ros2_ws/Smart_Factory/smart_factory_ws/install/smart_factory/share/smart_factory/hook/ament_prefix_path.ps1'
[2.852s] INFO:colcon.colcon_core.shell:Creating environment descriptor '/home/prethivi/ros2_ws/Smart_Factory/smart_factory_ws/install/smart_factory/share/smart_factory/hook/ament_prefix_path.dsv'
[2.852s] INFO:colcon.colcon_core.shell:Creating environment hook '/home/prethivi/ros2_ws/Smart_Factory/smart_factory_ws/install/smart_factory/share/smart_factory/hook/ament_prefix_path.sh'
[2.853s] INFO:colcon.colcon_core.shell:Skip shell extension 'powershell' for command environment: Not usable outside of PowerShell
[2.853s] DEBUG:colcon.colcon_core.shell:Skip shell extension 'dsv' for command environment
[3.080s] INFO:colcon.colcon_core.task.python.build:Building Python package in '/home/prethivi/ros2_ws/Smart_Factory/smart_factory_ws/src/smart_factory'
[3.081s] INFO:colcon.colcon_core.shell:Skip shell extension 'powershell' for command environment: Not usable outside of PowerShell
[3.081s] DEBUG:colcon.colcon_core.shell:Skip shell extension 'dsv' for command environment
[3.364s] DEBUG:colcon.colcon_core.event_handler.log_command:Invoking command in '/home/prethivi/ros2_ws/Smart_Factory/smart_factory_ws/src/smart_factory': LD_LIBRARY_PATH=/home/prethivi/ros2_ws/Smart_Factory/smart_factory_ws/install/smart_factory_services/lib:/usr/lib/x86_64-linux-gnu/gazebo-11/plugins:/opt/ros/humble/opt/rviz_ogre_vendor/lib:/opt/ros/humble/lib/x86_64-linux-gnu:/opt/ros/humble/lib:/usr/lib/x86_64-linux-gnu/gazebo-11/plugins:/usr/lib/x86_64-linux-gnu/gazebo-11/plugins:/usr/lib/x86_64-linux-gnu/gazebo-11/plugins PYTHONPATH=/home/prethivi/ros2_ws/Smart_Factory/smart_factory_ws/build/smart_factory/prefix_override:/usr/lib/python3/dist-packages/colcon_core/task/python/colcon_distutils_commands:/home/prethivi/ros2_ws/Smart_Factory/smart_factory_ws/install/smart_factory/lib/python3.10/site-packages:${PYTHONPATH} /usr/bin/python3 -W ignore:setup.py install is deprecated -W ignore:easy_install command is deprecated setup.py egg_info --egg-base ../../build/smart_factory build --build-base /home/prethivi/ros2_ws/Smart_Factory/smart_factory_ws/build/smart_factory/build install --record /home/prethivi/ros2_ws/Smart_Factory/smart_factory_ws/build/smart_factory/install.log --single-version-externally-managed install_data
[3.606s] Level 1:colcon.colcon_core.environment:checking '/home/prethivi/ros2_ws/Smart_Factory/smart_factory_ws/install/smart_factory' for CMake module files
[3.607s] DEBUG:colcon.colcon_core.event_handler.log_command:Invoked command in '/home/prethivi/ros2_ws/Smart_Factory/smart_factory_ws/src/smart_factory' returned '0': LD_LIBRARY_PATH=/home/prethivi/ros2_ws/Smart_Factory/smart_factory_ws/install/smart_factory_services/lib:/usr/lib/x86_64-linux-gnu/gazebo-11/plugins:/opt/ros/humble/opt/rviz_ogre_vendor/lib:/opt/ros/humble/lib/x86_64-linux-gnu:/opt/ros/humble/lib:/usr/lib/x86_64-linux-gnu/gazebo-11/plugins:/usr/lib/x86_64-linux-gnu/gazebo-11/plugins:/usr/lib/x86_64-linux-gnu/gazebo-11/plugins PYTHONPATH=/home/prethivi/ros2_ws/Smart_Factory/smart_factory_ws/build/smart_factory/prefix_override:/usr/lib/python3/dist-packages/colcon_core/task/python/colcon_distutils_commands:/home/prethivi/ros2_ws/Smart_Factory/smart_factory_ws/install/smart_factory/lib/python3.10/site-packages:${PYTHONPATH} /usr/bin/python3 -W ignore:setup.py install is deprecated -W ignore:easy_install command is deprecated setup.py egg_info --egg-base ../../build/smart_factory build --build-base /home/prethivi/ros2_ws/Smart_Factory/smart_factory_ws/build/smart_factory/build install --record /home/prethivi/ros2_ws/Smart_Factory/smart_factory_ws/build/smart_factory/install.log --single-version-externally-managed install_data
[3.607s] Level 1:colcon.colcon_core.environment:checking '/home/prethivi/ros2_ws/Smart_Factory/smart_factory_ws/install/smart_factory' for CMake config files
[3.608s] Level 1:colcon.colcon_core.environment:checking '/home/prethivi/ros2_ws/Smart_Factory/smart_factory_ws/install/smart_factory/lib'
[3.608s] Level 1:colcon.colcon_core.environment:checking '/home/prethivi/ros2_ws/Smart_Factory/smart_factory_ws/install/smart_factory/bin'
[3.608s] Level 1:colcon.colcon_core.environment:checking '/home/prethivi/ros2_ws/Smart_Factory/smart_factory_ws/install/smart_factory/lib/pkgconfig/smart_factory.pc'
[3.608s] Level 1:colcon.colcon_core.environment:checking '/home/prethivi/ros2_ws/Smart_Factory/smart_factory_ws/install/smart_factory/lib/python3.10/site-packages'
[3.608s] Level 1:colcon.colcon_core.shell:create_environment_hook('smart_factory', 'pythonpath')
[3.608s] INFO:colcon.colcon_core.shell:Creating environment hook '/home/prethivi/ros2_ws/Smart_Factory/smart_factory_ws/install/smart_factory/share/smart_factory/hook/pythonpath.ps1'
[3.609s] INFO:colcon.colcon_core.shell:Creating environment descriptor '/home/prethivi/ros2_ws/Smart_Factory/smart_factory_ws/install/smart_factory/share/smart_factory/hook/pythonpath.dsv'
[3.609s] INFO:colcon.colcon_core.shell:Creating environment hook '/home/prethivi/ros2_ws/Smart_Factory/smart_factory_ws/install/smart_factory/share/smart_factory/hook/pythonpath.sh'
[3.610s] Level 1:colcon.colcon_core.environment:checking '/home/prethivi/ros2_ws/Smart_Factory/smart_factory_ws/install/smart_factory/bin'
[3.610s] Level 1:colcon.colcon_core.environment:create_environment_scripts_only(smart_factory)
[3.610s] INFO:colcon.colcon_core.shell:Creating package script '/home/prethivi/ros2_ws/Smart_Factory/smart_factory_ws/install/smart_factory/share/smart_factory/package.ps1'
[3.610s] INFO:colcon.colcon_core.shell:Creating package descriptor '/home/prethivi/ros2_ws/Smart_Factory/smart_factory_ws/install/smart_factory/share/smart_factory/package.dsv'
[3.611s] INFO:colcon.colcon_core.shell:Creating package script '/home/prethivi/ros2_ws/Smart_Factory/smart_factory_ws/install/smart_factory/share/smart_factory/package.sh'
[3.611s] INFO:colcon.colcon_core.shell:Creating package script '/home/prethivi/ros2_ws/Smart_Factory/smart_factory_ws/install/smart_factory/share/smart_factory/package.bash'
[3.611s] INFO:colcon.colcon_core.shell:Creating package script '/home/prethivi/ros2_ws/Smart_Factory/smart_factory_ws/install/smart_factory/share/smart_factory/package.zsh'
[3.611s] Level 1:colcon.colcon_core.environment:create_file_with_runtime_dependencies(/home/prethivi/ros2_ws/Smart_Factory/smart_factory_ws/install/smart_factory/share/colcon-core/packages/smart_factory)
[3.612s] DEBUG:colcon.colcon_parallel_executor.executor.parallel:closing loop
[3.612s] DEBUG:colcon.colcon_parallel_executor.executor.parallel:loop closed
[3.612s] DEBUG:colcon.colcon_parallel_executor.executor.parallel:run_until_complete finished with '0'
[3.612s] DEBUG:colcon.colcon_core.event_reactor:joining thread
[3.616s] INFO:colcon.colcon_core.plugin_system:Skipping extension 'colcon_notification.desktop_notification.terminal_notifier': Not used on non-Darwin systems
[3.616s] INFO:colcon.colcon_core.plugin_system:Skipping extension 'colcon_notification.desktop_notification.win32': Not used on non-Windows systems
[3.616s] INFO:colcon.colcon_notification.desktop_notification:Sending desktop notification using 'notify2'
[3.654s] DEBUG:colcon.colcon_core.event_reactor:joined thread
[3.654s] INFO:colcon.colcon_core.shell:Creating prefix script '/home/prethivi/ros2_ws/Smart_Factory/smart_factory_ws/install/local_setup.ps1'
[3.655s] INFO:colcon.colcon_core.shell:Creating prefix util module '/home/prethivi/ros2_ws/Smart_Factory/smart_factory_ws/install/_local_setup_util_ps1.py'
[3.656s] INFO:colcon.colcon_core.shell:Creating prefix chain script '/home/prethivi/ros2_ws/Smart_Factory/smart_factory_ws/install/setup.ps1'
[3.657s] INFO:colcon.colcon_core.shell:Creating prefix script '/home/prethivi/ros2_ws/Smart_Factory/smart_factory_ws/install/local_setup.sh'
[3.657s] INFO:colcon.colcon_core.shell:Creating prefix util module '/home/prethivi/ros2_ws/Smart_Factory/smart_factory_ws/install/_local_setup_util_sh.py'
[3.658s] INFO:colcon.colcon_core.shell:Creating prefix chain script '/home/prethivi/ros2_ws/Smart_Factory/smart_factory_ws/install/setup.sh'
[3.658s] INFO:colcon.colcon_core.shell:Creating prefix script '/home/prethivi/ros2_ws/Smart_Factory/smart_factory_ws/install/local_setup.bash'
[3.659s] INFO:colcon.colcon_core.shell:Creating prefix chain script '/home/prethivi/ros2_ws/Smart_Factory/smart_factory_ws/install/setup.bash'
[3.659s] INFO:colcon.colcon_core.shell:Creating prefix script '/home/prethivi/ros2_ws/Smart_Factory/smart_factory_ws/install/local_setup.zsh'
[3.660s] INFO:colcon.colcon_core.shell:Creating prefix chain script '/home/prethivi/ros2_ws/Smart_Factory/smart_factory_ws/install/setup.zsh'
