[0.395s] Invoking command in '/home/prethiviraj/ros2/workspaces/Smart_Factory/smart_factory_ws/src/smart_factory': PYTHONPATH=/home/prethiviraj/ros2/workspaces/Smart_Factory/smart_factory_ws/build/smart_factory/prefix_override:/usr/lib/python3/dist-packages/colcon_core/task/python/colcon_distutils_commands:/home/prethiviraj/ros2/workspaces/Smart_Factory/smart_factory_ws/install/smart_factory/lib/python3.10/site-packages:${PYTHONPATH} /usr/bin/python3 -W ignore:setup.py install is deprecated -W ignore:easy_install command is deprecated setup.py egg_info --egg-base ../../build/smart_factory build --build-base /home/prethiviraj/ros2/workspaces/Smart_Factory/smart_factory_ws/build/smart_factory/build install --record /home/prethiviraj/ros2/workspaces/Smart_Factory/smart_factory_ws/build/smart_factory/install.log --single-version-externally-managed install_data
[0.544s] running egg_info
[0.544s] writing ../../build/smart_factory/smart_factory.egg-info/PKG-INFO
[0.544s] writing dependency_links to ../../build/smart_factory/smart_factory.egg-info/dependency_links.txt
[0.544s] writing entry points to ../../build/smart_factory/smart_factory.egg-info/entry_points.txt
[0.544s] writing requirements to ../../build/smart_factory/smart_factory.egg-info/requires.txt
[0.544s] writing top-level names to ../../build/smart_factory/smart_factory.egg-info/top_level.txt
[0.545s] reading manifest file '../../build/smart_factory/smart_factory.egg-info/SOURCES.txt'
[0.546s] writing manifest file '../../build/smart_factory/smart_factory.egg-info/SOURCES.txt'
[0.546s] running build
[0.546s] running build_py
[0.546s] copying smart_factory/go_to_goal.py -> /home/prethiviraj/ros2/workspaces/Smart_Factory/smart_factory_ws/build/smart_factory/build/lib/smart_factory
[0.546s] running install
[0.546s] running install_lib
[0.547s] copying /home/prethiviraj/ros2/workspaces/Smart_Factory/smart_factory_ws/build/smart_factory/build/lib/smart_factory/go_to_goal.py -> /home/prethiviraj/ros2/workspaces/Smart_Factory/smart_factory_ws/install/smart_factory/lib/python3.10/site-packages/smart_factory
[0.547s] byte-compiling /home/prethiviraj/ros2/workspaces/Smart_Factory/smart_factory_ws/install/smart_factory/lib/python3.10/site-packages/smart_factory/go_to_goal.py to go_to_goal.cpython-310.pyc
[0.548s] running install_data
[0.548s] running install_egg_info
[0.549s] removing '/home/prethiviraj/ros2/workspaces/Smart_Factory/smart_factory_ws/install/smart_factory/lib/python3.10/site-packages/smart_factory-0.0.0-py3.10.egg-info' (and everything under it)
[0.549s] Copying ../../build/smart_factory/smart_factory.egg-info to /home/prethiviraj/ros2/workspaces/Smart_Factory/smart_factory_ws/install/smart_factory/lib/python3.10/site-packages/smart_factory-0.0.0-py3.10.egg-info
[0.549s] running install_scripts
[0.563s] Installing get_position script to /home/prethiviraj/ros2/workspaces/Smart_Factory/smart_factory_ws/install/smart_factory/lib/smart_factory
[0.563s] Installing go_to_goal script to /home/prethiviraj/ros2/workspaces/Smart_Factory/smart_factory_ws/install/smart_factory/lib/smart_factory
[0.563s] Installing robot_move script to /home/prethiviraj/ros2/workspaces/Smart_Factory/smart_factory_ws/install/smart_factory/lib/smart_factory
[0.563s] writing list of installed files to '/home/prethiviraj/ros2/workspaces/Smart_Factory/smart_factory_ws/build/smart_factory/install.log'
[0.579s] Invoked command in '/home/prethiviraj/ros2/workspaces/Smart_Factory/smart_factory_ws/src/smart_factory' returned '0': PYTHONPATH=/home/prethiviraj/ros2/workspaces/Smart_Factory/smart_factory_ws/build/smart_factory/prefix_override:/usr/lib/python3/dist-packages/colcon_core/task/python/colcon_distutils_commands:/home/prethiviraj/ros2/workspaces/Smart_Factory/smart_factory_ws/install/smart_factory/lib/python3.10/site-packages:${PYTHONPATH} /usr/bin/python3 -W ignore:setup.py install is deprecated -W ignore:easy_install command is deprecated setup.py egg_info --egg-base ../../build/smart_factory build --build-base /home/prethiviraj/ros2/workspaces/Smart_Factory/smart_factory_ws/build/smart_factory/build install --record /home/prethiviraj/ros2/workspaces/Smart_Factory/smart_factory_ws/build/smart_factory/install.log --single-version-externally-managed install_data
