running egg_info
writing ../../build/smart_factory/smart_factory.egg-info/PKG-INFO
writing dependency_links to ../../build/smart_factory/smart_factory.egg-info/dependency_links.txt
writing entry points to ../../build/smart_factory/smart_factory.egg-info/entry_points.txt
writing requirements to ../../build/smart_factory/smart_factory.egg-info/requires.txt
writing top-level names to ../../build/smart_factory/smart_factory.egg-info/top_level.txt
reading manifest file '../../build/smart_factory/smart_factory.egg-info/SOURCES.txt'
writing manifest file '../../build/smart_factory/smart_factory.egg-info/SOURCES.txt'
running build
running build_py
running install
running install_lib
running install_data
copying launch/multirobot.launch.py -> /home/prethiviraj/ros2/workspaces/Smart_Factory/smart_factory_ws/install/smart_factory/share/smart_factory/launch
copying world/smart_factoryworld.world -> /home/prethiviraj/ros2/workspaces/Smart_Factory/smart_factory_ws/install/smart_factory/share/smart_factory/world
running install_egg_info
removing '/home/prethiviraj/ros2/workspaces/Smart_Factory/smart_factory_ws/install/smart_factory/lib/python3.10/site-packages/smart_factory-0.0.0-py3.10.egg-info' (and everything under it)
Copying ../../build/smart_factory/smart_factory.egg-info to /home/prethiviraj/ros2/workspaces/Smart_Factory/smart_factory_ws/install/smart_factory/lib/python3.10/site-packages/smart_factory-0.0.0-py3.10.egg-info
running install_scripts
Installing get_position script to /home/prethiviraj/ros2/workspaces/Smart_Factory/smart_factory_ws/install/smart_factory/lib/smart_factory
Installing go_to_goal script to /home/prethiviraj/ros2/workspaces/Smart_Factory/smart_factory_ws/install/smart_factory/lib/smart_factory
Installing robot_move script to /home/prethiviraj/ros2/workspaces/Smart_Factory/smart_factory_ws/install/smart_factory/lib/smart_factory
writing list of installed files to '/home/prethiviraj/ros2/workspaces/Smart_Factory/smart_factory_ws/build/smart_factory/install.log'
