[0.010s] Invoking command in '/home/prethivi/ros2_ws/Smart_Factory/smart_factory_ws/build/smart_factory_services': CMAKE_PREFIX_PATH=/opt/ros/humble /usr/bin/cmake --build /home/prethivi/ros2_ws/Smart_Factory/smart_factory_ws/build/smart_factory_services -- -j16 -l16
[0.051s] -- Found ament_cmake: 1.3.11 (/opt/ros/humble/share/ament_cmake/cmake)
[0.153s] -- Found rclcpp: 16.0.12 (/opt/ros/humble/share/rclcpp/cmake)
[0.183s] -- Found rosidl_generator_c: 3.1.6 (/opt/ros/humble/share/rosidl_generator_c/cmake)
[0.186s] -- Found rosidl_adapter: 3.1.6 (/opt/ros/humble/share/rosidl_adapter/cmake)
[0.192s] -- Found rosidl_generator_cpp: 3.1.6 (/opt/ros/humble/share/rosidl_generator_cpp/cmake)
[0.200s] -- Using all available rosidl_typesupport_c: rosidl_typesupport_fastrtps_c;rosidl_typesupport_introspection_c
[0.211s] -- Using all available rosidl_typesupport_cpp: rosidl_typesupport_fastrtps_cpp;rosidl_typesupport_introspection_cpp
[0.240s] -- Found rmw_implementation_cmake: 6.1.2 (/opt/ros/humble/share/rmw_implementation_cmake/cmake)
[0.241s] -- Found rmw_fastrtps_cpp: 6.2.7 (/opt/ros/humble/share/rmw_fastrtps_cpp/cmake)
[0.335s] -- Using RMW implementation 'rmw_fastrtps_cpp' as default
[0.382s] -- Found rosidl_default_generators: 1.2.0 (/opt/ros/humble/share/rosidl_default_generators/cmake)
[0.572s] -- Found ament_cmake_ros: 0.10.0 (/opt/ros/humble/share/ament_cmake_ros/cmake)
[0.802s] -- Using all available rosidl_typesupport_c: rosidl_typesupport_fastrtps_c;rosidl_typesupport_introspection_c
[0.889s] -- Using all available rosidl_typesupport_cpp: rosidl_typesupport_fastrtps_cpp;rosidl_typesupport_introspection_cpp
[0.906s] -- Found python_cmake_module: 0.10.0 (/opt/ros/humble/share/python_cmake_module/cmake)
[0.922s] -- Using PYTHON_EXECUTABLE: /usr/bin/python3
[0.922s] -- Using PYTHON_INCLUDE_DIRS: /usr/include/python3.10
[0.923s] -- Using PYTHON_LIBRARIES: /usr/lib/x86_64-linux-gnu/libpython3.10.so
[0.932s] -- Found ament_lint_auto: 0.12.12 (/opt/ros/humble/share/ament_lint_auto/cmake)
[0.945s] -- Added test 'lint_cmake' to check CMake code style
[0.946s] -- Added test 'xmllint' to check XML markup files
[0.948s] -- Configuring done
[0.983s] -- Generating done
[0.991s] -- Build files have been written to: /home/prethivi/ros2_ws/Smart_Factory/smart_factory_ws/build/smart_factory_services
[1.017s] [  3%] [34m[1mGenerating C code for ROS interfaces[0m
[1.026s] [  6%] [34m[1mGenerating C++ code for ROS interfaces[0m
[1.037s] [  6%] Built target ament_cmake_python_copy_smart_factory_services
[1.207s] [35m[1mConsolidate compiler generated dependencies of target smart_factory_services__rosidl_generator_c[0m
[1.219s] [  9%] [32mBuilding C object CMakeFiles/smart_factory_services__rosidl_generator_c.dir/rosidl_generator_c/smart_factory_services/srv/detail/task_allocation__functions.c.o[0m
[1.221s] [  9%] Built target smart_factory_services__cpp
[1.229s] running egg_info
[1.230s] writing smart_factory_services.egg-info/PKG-INFO
[1.230s] writing dependency_links to smart_factory_services.egg-info/dependency_links.txt
[1.231s] writing top-level names to smart_factory_services.egg-info/top_level.txt
[1.231s] [ 12%] [34m[1mGenerating C++ introspection for ROS interfaces[0m
[1.231s] [ 16%] [34m[1mGenerating C++ type support dispatch for ROS interfaces[0m
[1.231s] [ 19%] [34m[1mGenerating C++ type support for eProsima Fast-RTPS[0m
[1.235s] reading manifest file 'smart_factory_services.egg-info/SOURCES.txt'
[1.236s] writing manifest file 'smart_factory_services.egg-info/SOURCES.txt'
[1.266s] [ 19%] Built target ament_cmake_python_build_smart_factory_services_egg
[1.293s] [ 22%] [32m[1mLinking C shared library libsmart_factory_services__rosidl_generator_c.so[0m
[1.333s] [ 22%] Built target smart_factory_services__rosidl_generator_c
[1.342s] [ 32%] [34m[1mGenerating C type support for eProsima Fast-RTPS[0m
[1.342s] [ 32%] [34m[1mGenerating C introspection for ROS interfaces[0m
[1.342s] [ 32%] [34m[1mGenerating C type support dispatch for ROS interfaces[0m
[1.400s] [35m[1mConsolidate compiler generated dependencies of target smart_factory_services__rosidl_typesupport_cpp[0m
[1.415s] [ 35%] [32mBuilding CXX object CMakeFiles/smart_factory_services__rosidl_typesupport_cpp.dir/rosidl_typesupport_cpp/smart_factory_services/srv/task_allocation__type_support.cpp.o[0m
[1.415s] [35m[1mConsolidate compiler generated dependencies of target smart_factory_services__rosidl_typesupport_introspection_cpp[0m
[1.427s] [35m[1mConsolidate compiler generated dependencies of target smart_factory_services__rosidl_typesupport_fastrtps_cpp[0m
[1.428s] [ 38%] [32mBuilding CXX object CMakeFiles/smart_factory_services__rosidl_typesupport_introspection_cpp.dir/rosidl_typesupport_introspection_cpp/smart_factory_services/srv/detail/task_allocation__type_support.cpp.o[0m
[1.442s] [ 41%] [32mBuilding CXX object CMakeFiles/smart_factory_services__rosidl_typesupport_fastrtps_cpp.dir/rosidl_typesupport_fastrtps_cpp/smart_factory_services/srv/detail/dds_fastrtps/task_allocation__type_support.cpp.o[0m
[1.512s] [35m[1mConsolidate compiler generated dependencies of target smart_factory_services__rosidl_typesupport_c[0m
[1.525s] [ 45%] [32mBuilding CXX object CMakeFiles/smart_factory_services__rosidl_typesupport_c.dir/rosidl_typesupport_c/smart_factory_services/srv/task_allocation__type_support.cpp.o[0m
[1.542s] [35m[1mConsolidate compiler generated dependencies of target smart_factory_services__rosidl_typesupport_fastrtps_c[0m
[1.542s] [35m[1mConsolidate compiler generated dependencies of target smart_factory_services__rosidl_typesupport_introspection_c[0m
[1.553s] [ 48%] [32mBuilding C object CMakeFiles/smart_factory_services__rosidl_typesupport_introspection_c.dir/rosidl_typesupport_introspection_c/smart_factory_services/srv/detail/task_allocation__type_support.c.o[0m
[1.555s] [ 51%] [32mBuilding CXX object CMakeFiles/smart_factory_services__rosidl_typesupport_fastrtps_c.dir/rosidl_typesupport_fastrtps_c/smart_factory_services/srv/detail/task_allocation__type_support_c.cpp.o[0m
[1.557s] [ 54%] [32m[1mLinking CXX shared library libsmart_factory_services__rosidl_typesupport_c.so[0m
[1.589s] [ 58%] [32m[1mLinking C shared library libsmart_factory_services__rosidl_typesupport_introspection_c.so[0m
[1.597s] [ 58%] Built target smart_factory_services__rosidl_typesupport_c
[1.622s] [ 58%] Built target smart_factory_services__rosidl_typesupport_introspection_c
[1.666s] [ 61%] [32m[1mLinking CXX shared library libsmart_factory_services__rosidl_typesupport_cpp.so[0m
[1.708s] [ 61%] Built target smart_factory_services__rosidl_typesupport_cpp
[1.751s] [ 64%] [32m[1mLinking CXX shared library libsmart_factory_services__rosidl_typesupport_introspection_cpp.so[0m
[1.781s] [ 67%] [32m[1mLinking CXX shared library libsmart_factory_services__rosidl_typesupport_fastrtps_cpp.so[0m
[1.812s] [ 67%] Built target smart_factory_services__rosidl_typesupport_introspection_cpp
[1.830s] [ 70%] [32m[1mLinking CXX shared library libsmart_factory_services__rosidl_typesupport_fastrtps_c.so[0m
[1.849s] [ 70%] Built target smart_factory_services__rosidl_typesupport_fastrtps_cpp
[1.892s] [ 70%] Built target smart_factory_services__rosidl_typesupport_fastrtps_c
[1.912s] [ 70%] Built target smart_factory_services
[1.932s] [ 74%] [34m[1mGenerating Python code for ROS interfaces[0m
[2.168s] [ 74%] Built target smart_factory_services__py
[2.180s] [35m[1mConsolidate compiler generated dependencies of target smart_factory_services__rosidl_generator_py[0m
[2.194s] [ 77%] [32mBuilding C object CMakeFiles/smart_factory_services__rosidl_generator_py.dir/rosidl_generator_py/smart_factory_services/srv/_task_allocation_s.c.o[0m
[2.287s] [ 80%] [32m[1mLinking C shared library rosidl_generator_py/smart_factory_services/libsmart_factory_services__rosidl_generator_py.so[0m
[2.324s] [ 80%] Built target smart_factory_services__rosidl_generator_py
[2.335s] [35m[1mConsolidate compiler generated dependencies of target smart_factory_services__rosidl_typesupport_fastrtps_c__pyext[0m
[2.335s] [35m[1mConsolidate compiler generated dependencies of target smart_factory_services__rosidl_typesupport_introspection_c__pyext[0m
[2.335s] [35m[1mConsolidate compiler generated dependencies of target smart_factory_services__rosidl_typesupport_c__pyext[0m
[2.347s] [ 87%] [32mBuilding C object CMakeFiles/smart_factory_services__rosidl_typesupport_fastrtps_c__pyext.dir/rosidl_generator_py/smart_factory_services/_smart_factory_services_s.ep.rosidl_typesupport_fastrtps_c.c.o[0m
[2.347s] [ 87%] [32mBuilding C object CMakeFiles/smart_factory_services__rosidl_typesupport_introspection_c__pyext.dir/rosidl_generator_py/smart_factory_services/_smart_factory_services_s.ep.rosidl_typesupport_introspection_c.c.o[0m
[2.348s] [ 90%] [32mBuilding C object CMakeFiles/smart_factory_services__rosidl_typesupport_c__pyext.dir/rosidl_generator_py/smart_factory_services/_smart_factory_services_s.ep.rosidl_typesupport_c.c.o[0m
[2.423s] [100%] [32m[1mLinking C shared library rosidl_generator_py/smart_factory_services/smart_factory_services_s__rosidl_typesupport_introspection_c.cpython-310-x86_64-linux-gnu.so[0m
[2.423s] [100%] [32m[1mLinking C shared library rosidl_generator_py/smart_factory_services/smart_factory_services_s__rosidl_typesupport_fastrtps_c.cpython-310-x86_64-linux-gnu.so[0m
[2.423s] [100%] [32m[1mLinking C shared library rosidl_generator_py/smart_factory_services/smart_factory_services_s__rosidl_typesupport_c.cpython-310-x86_64-linux-gnu.so[0m
[2.454s] [100%] Built target smart_factory_services__rosidl_typesupport_introspection_c__pyext
[2.454s] [100%] Built target smart_factory_services__rosidl_typesupport_c__pyext
[2.454s] [100%] Built target smart_factory_services__rosidl_typesupport_fastrtps_c__pyext
[2.465s] Invoked command in '/home/prethivi/ros2_ws/Smart_Factory/smart_factory_ws/build/smart_factory_services' returned '0': CMAKE_PREFIX_PATH=/opt/ros/humble /usr/bin/cmake --build /home/prethivi/ros2_ws/Smart_Factory/smart_factory_ws/build/smart_factory_services -- -j16 -l16
[2.475s] Invoking command in '/home/prethivi/ros2_ws/Smart_Factory/smart_factory_ws/build/smart_factory_services': CMAKE_PREFIX_PATH=/opt/ros/humble /usr/bin/cmake --install /home/prethivi/ros2_ws/Smart_Factory/smart_factory_ws/build/smart_factory_services
[2.483s] -- Install configuration: ""
[2.483s] -- Up-to-date: /home/prethivi/ros2_ws/Smart_Factory/smart_factory_ws/install/smart_factory_services/share/ament_index/resource_index/rosidl_interfaces/smart_factory_services
[2.483s] -- Up-to-date: /home/prethivi/ros2_ws/Smart_Factory/smart_factory_ws/install/smart_factory_services/include/smart_factory_services/smart_factory_services
[2.483s] -- Up-to-date: /home/prethivi/ros2_ws/Smart_Factory/smart_factory_ws/install/smart_factory_services/include/smart_factory_services/smart_factory_services/srv
[2.484s] -- Up-to-date: /home/prethivi/ros2_ws/Smart_Factory/smart_factory_ws/install/smart_factory_services/include/smart_factory_services/smart_factory_services/srv/detail
[2.484s] -- Installing: /home/prethivi/ros2_ws/Smart_Factory/smart_factory_ws/install/smart_factory_services/include/smart_factory_services/smart_factory_services/srv/detail/task_allocation__struct.h
[2.484s] -- Installing: /home/prethivi/ros2_ws/Smart_Factory/smart_factory_ws/install/smart_factory_services/include/smart_factory_services/smart_factory_services/srv/detail/task_allocation__functions.c
[2.484s] -- Installing: /home/prethivi/ros2_ws/Smart_Factory/smart_factory_ws/install/smart_factory_services/include/smart_factory_services/smart_factory_services/srv/detail/task_allocation__type_support.h
[2.484s] -- Installing: /home/prethivi/ros2_ws/Smart_Factory/smart_factory_ws/install/smart_factory_services/include/smart_factory_services/smart_factory_services/srv/detail/task_allocation__functions.h
[2.484s] -- Installing: /home/prethivi/ros2_ws/Smart_Factory/smart_factory_ws/install/smart_factory_services/include/smart_factory_services/smart_factory_services/srv/task_allocation.h
[2.484s] -- Up-to-date: /home/prethivi/ros2_ws/Smart_Factory/smart_factory_ws/install/smart_factory_services/include/smart_factory_services/smart_factory_services/msg
[2.484s] -- Up-to-date: /home/prethivi/ros2_ws/Smart_Factory/smart_factory_ws/install/smart_factory_services/include/smart_factory_services/smart_factory_services/msg/rosidl_generator_c__visibility_control.h
[2.484s] -- Up-to-date: /home/prethivi/ros2_ws/Smart_Factory/smart_factory_ws/install/smart_factory_services/share/smart_factory_services/environment/library_path.sh
[2.484s] -- Installing: /home/prethivi/ros2_ws/Smart_Factory/smart_factory_ws/install/smart_factory_services/share/smart_factory_services/environment/library_path.dsv
[2.484s] -- Installing: /home/prethivi/ros2_ws/Smart_Factory/smart_factory_ws/install/smart_factory_services/lib/libsmart_factory_services__rosidl_generator_c.so
[2.484s] -- Set runtime path of "/home/prethivi/ros2_ws/Smart_Factory/smart_factory_ws/install/smart_factory_services/lib/libsmart_factory_services__rosidl_generator_c.so" to ""
[2.485s] -- Up-to-date: /home/prethivi/ros2_ws/Smart_Factory/smart_factory_ws/install/smart_factory_services/include/smart_factory_services/smart_factory_services
[2.485s] -- Up-to-date: /home/prethivi/ros2_ws/Smart_Factory/smart_factory_ws/install/smart_factory_services/include/smart_factory_services/smart_factory_services/srv
[2.485s] -- Up-to-date: /home/prethivi/ros2_ws/Smart_Factory/smart_factory_ws/install/smart_factory_services/include/smart_factory_services/smart_factory_services/srv/detail
[2.485s] -- Installing: /home/prethivi/ros2_ws/Smart_Factory/smart_factory_ws/install/smart_factory_services/include/smart_factory_services/smart_factory_services/srv/detail/task_allocation__rosidl_typesupport_fastrtps_c.h
[2.485s] -- Up-to-date: /home/prethivi/ros2_ws/Smart_Factory/smart_factory_ws/install/smart_factory_services/include/smart_factory_services/smart_factory_services/msg
[2.485s] -- Up-to-date: /home/prethivi/ros2_ws/Smart_Factory/smart_factory_ws/install/smart_factory_services/include/smart_factory_services/smart_factory_services/msg/rosidl_typesupport_fastrtps_c__visibility_control.h
[2.485s] -- Installing: /home/prethivi/ros2_ws/Smart_Factory/smart_factory_ws/install/smart_factory_services/lib/libsmart_factory_services__rosidl_typesupport_fastrtps_c.so
[2.485s] -- Set runtime path of "/home/prethivi/ros2_ws/Smart_Factory/smart_factory_ws/install/smart_factory_services/lib/libsmart_factory_services__rosidl_typesupport_fastrtps_c.so" to ""
[2.485s] -- Up-to-date: /home/prethivi/ros2_ws/Smart_Factory/smart_factory_ws/install/smart_factory_services/include/smart_factory_services/smart_factory_services
[2.485s] -- Up-to-date: /home/prethivi/ros2_ws/Smart_Factory/smart_factory_ws/install/smart_factory_services/include/smart_factory_services/smart_factory_services/srv
[2.485s] -- Up-to-date: /home/prethivi/ros2_ws/Smart_Factory/smart_factory_ws/install/smart_factory_services/include/smart_factory_services/smart_factory_services/srv/detail
[2.485s] -- Installing: /home/prethivi/ros2_ws/Smart_Factory/smart_factory_ws/install/smart_factory_services/include/smart_factory_services/smart_factory_services/srv/detail/task_allocation__traits.hpp
[2.486s] -- Installing: /home/prethivi/ros2_ws/Smart_Factory/smart_factory_ws/install/smart_factory_services/include/smart_factory_services/smart_factory_services/srv/detail/task_allocation__builder.hpp
[2.486s] -- Installing: /home/prethivi/ros2_ws/Smart_Factory/smart_factory_ws/install/smart_factory_services/include/smart_factory_services/smart_factory_services/srv/detail/task_allocation__type_support.hpp
[2.486s] -- Installing: /home/prethivi/ros2_ws/Smart_Factory/smart_factory_ws/install/smart_factory_services/include/smart_factory_services/smart_factory_services/srv/detail/task_allocation__struct.hpp
[2.486s] -- Installing: /home/prethivi/ros2_ws/Smart_Factory/smart_factory_ws/install/smart_factory_services/include/smart_factory_services/smart_factory_services/srv/task_allocation.hpp
[2.486s] -- Up-to-date: /home/prethivi/ros2_ws/Smart_Factory/smart_factory_ws/install/smart_factory_services/include/smart_factory_services/smart_factory_services/msg
[2.486s] -- Up-to-date: /home/prethivi/ros2_ws/Smart_Factory/smart_factory_ws/install/smart_factory_services/include/smart_factory_services/smart_factory_services/msg/rosidl_generator_cpp__visibility_control.hpp
[2.486s] -- Up-to-date: /home/prethivi/ros2_ws/Smart_Factory/smart_factory_ws/install/smart_factory_services/include/smart_factory_services/smart_factory_services
[2.486s] -- Up-to-date: /home/prethivi/ros2_ws/Smart_Factory/smart_factory_ws/install/smart_factory_services/include/smart_factory_services/smart_factory_services/srv
[2.486s] -- Up-to-date: /home/prethivi/ros2_ws/Smart_Factory/smart_factory_ws/install/smart_factory_services/include/smart_factory_services/smart_factory_services/srv/detail
[2.486s] -- Up-to-date: /home/prethivi/ros2_ws/Smart_Factory/smart_factory_ws/install/smart_factory_services/include/smart_factory_services/smart_factory_services/srv/detail/dds_fastrtps
[2.486s] -- Installing: /home/prethivi/ros2_ws/Smart_Factory/smart_factory_ws/install/smart_factory_services/include/smart_factory_services/smart_factory_services/srv/detail/task_allocation__rosidl_typesupport_fastrtps_cpp.hpp
[2.487s] -- Up-to-date: /home/prethivi/ros2_ws/Smart_Factory/smart_factory_ws/install/smart_factory_services/include/smart_factory_services/smart_factory_services/msg
[2.487s] -- Up-to-date: /home/prethivi/ros2_ws/Smart_Factory/smart_factory_ws/install/smart_factory_services/include/smart_factory_services/smart_factory_services/msg/rosidl_typesupport_fastrtps_cpp__visibility_control.h
[2.487s] -- Installing: /home/prethivi/ros2_ws/Smart_Factory/smart_factory_ws/install/smart_factory_services/lib/libsmart_factory_services__rosidl_typesupport_fastrtps_cpp.so
[2.487s] -- Set runtime path of "/home/prethivi/ros2_ws/Smart_Factory/smart_factory_ws/install/smart_factory_services/lib/libsmart_factory_services__rosidl_typesupport_fastrtps_cpp.so" to ""
[2.487s] -- Up-to-date: /home/prethivi/ros2_ws/Smart_Factory/smart_factory_ws/install/smart_factory_services/include/smart_factory_services/smart_factory_services
[2.487s] -- Up-to-date: /home/prethivi/ros2_ws/Smart_Factory/smart_factory_ws/install/smart_factory_services/include/smart_factory_services/smart_factory_services/srv
[2.487s] -- Up-to-date: /home/prethivi/ros2_ws/Smart_Factory/smart_factory_ws/install/smart_factory_services/include/smart_factory_services/smart_factory_services/srv/detail
[2.487s] -- Installing: /home/prethivi/ros2_ws/Smart_Factory/smart_factory_ws/install/smart_factory_services/include/smart_factory_services/smart_factory_services/srv/detail/task_allocation__type_support.c
[2.487s] -- Installing: /home/prethivi/ros2_ws/Smart_Factory/smart_factory_ws/install/smart_factory_services/include/smart_factory_services/smart_factory_services/srv/detail/task_allocation__rosidl_typesupport_introspection_c.h
[2.487s] -- Up-to-date: /home/prethivi/ros2_ws/Smart_Factory/smart_factory_ws/install/smart_factory_services/include/smart_factory_services/smart_factory_services/msg
[2.487s] -- Up-to-date: /home/prethivi/ros2_ws/Smart_Factory/smart_factory_ws/install/smart_factory_services/include/smart_factory_services/smart_factory_services/msg/rosidl_typesupport_introspection_c__visibility_control.h
[2.488s] -- Installing: /home/prethivi/ros2_ws/Smart_Factory/smart_factory_ws/install/smart_factory_services/lib/libsmart_factory_services__rosidl_typesupport_introspection_c.so
[2.488s] -- Set runtime path of "/home/prethivi/ros2_ws/Smart_Factory/smart_factory_ws/install/smart_factory_services/lib/libsmart_factory_services__rosidl_typesupport_introspection_c.so" to ""
[2.488s] -- Installing: /home/prethivi/ros2_ws/Smart_Factory/smart_factory_ws/install/smart_factory_services/lib/libsmart_factory_services__rosidl_typesupport_c.so
[2.488s] -- Set runtime path of "/home/prethivi/ros2_ws/Smart_Factory/smart_factory_ws/install/smart_factory_services/lib/libsmart_factory_services__rosidl_typesupport_c.so" to ""
[2.488s] -- Up-to-date: /home/prethivi/ros2_ws/Smart_Factory/smart_factory_ws/install/smart_factory_services/include/smart_factory_services/smart_factory_services
[2.488s] -- Up-to-date: /home/prethivi/ros2_ws/Smart_Factory/smart_factory_ws/install/smart_factory_services/include/smart_factory_services/smart_factory_services/srv
[2.489s] -- Up-to-date: /home/prethivi/ros2_ws/Smart_Factory/smart_factory_ws/install/smart_factory_services/include/smart_factory_services/smart_factory_services/srv/detail
[2.489s] -- Installing: /home/prethivi/ros2_ws/Smart_Factory/smart_factory_ws/install/smart_factory_services/include/smart_factory_services/smart_factory_services/srv/detail/task_allocation__rosidl_typesupport_introspection_cpp.hpp
[2.489s] -- Installing: /home/prethivi/ros2_ws/Smart_Factory/smart_factory_ws/install/smart_factory_services/include/smart_factory_services/smart_factory_services/srv/detail/task_allocation__type_support.cpp
[2.489s] -- Installing: /home/prethivi/ros2_ws/Smart_Factory/smart_factory_ws/install/smart_factory_services/lib/libsmart_factory_services__rosidl_typesupport_introspection_cpp.so
[2.489s] -- Set runtime path of "/home/prethivi/ros2_ws/Smart_Factory/smart_factory_ws/install/smart_factory_services/lib/libsmart_factory_services__rosidl_typesupport_introspection_cpp.so" to ""
[2.489s] -- Installing: /home/prethivi/ros2_ws/Smart_Factory/smart_factory_ws/install/smart_factory_services/lib/libsmart_factory_services__rosidl_typesupport_cpp.so
[2.490s] -- Set runtime path of "/home/prethivi/ros2_ws/Smart_Factory/smart_factory_ws/install/smart_factory_services/lib/libsmart_factory_services__rosidl_typesupport_cpp.so" to ""
[2.490s] -- Up-to-date: /home/prethivi/ros2_ws/Smart_Factory/smart_factory_ws/install/smart_factory_services/share/smart_factory_services/environment/pythonpath.sh
[2.490s] -- Installing: /home/prethivi/ros2_ws/Smart_Factory/smart_factory_ws/install/smart_factory_services/share/smart_factory_services/environment/pythonpath.dsv
[2.490s] -- Up-to-date: /home/prethivi/ros2_ws/Smart_Factory/smart_factory_ws/install/smart_factory_services/local/lib/python3.10/dist-packages/smart_factory_services-0.0.0-py3.10.egg-info
[2.490s] -- Installing: /home/prethivi/ros2_ws/Smart_Factory/smart_factory_ws/install/smart_factory_services/local/lib/python3.10/dist-packages/smart_factory_services-0.0.0-py3.10.egg-info/PKG-INFO
[2.490s] -- Installing: /home/prethivi/ros2_ws/Smart_Factory/smart_factory_ws/install/smart_factory_services/local/lib/python3.10/dist-packages/smart_factory_services-0.0.0-py3.10.egg-info/top_level.txt
[2.490s] -- Installing: /home/prethivi/ros2_ws/Smart_Factory/smart_factory_ws/install/smart_factory_services/local/lib/python3.10/dist-packages/smart_factory_services-0.0.0-py3.10.egg-info/SOURCES.txt
[2.490s] -- Installing: /home/prethivi/ros2_ws/Smart_Factory/smart_factory_ws/install/smart_factory_services/local/lib/python3.10/dist-packages/smart_factory_services-0.0.0-py3.10.egg-info/dependency_links.txt
[2.490s] -- Up-to-date: /home/prethivi/ros2_ws/Smart_Factory/smart_factory_ws/install/smart_factory_services/local/lib/python3.10/dist-packages/smart_factory_services
[2.491s] -- Installing: /home/prethivi/ros2_ws/Smart_Factory/smart_factory_ws/install/smart_factory_services/local/lib/python3.10/dist-packages/smart_factory_services/_smart_factory_services_s.ep.rosidl_typesupport_fastrtps_c.c
[2.491s] -- Up-to-date: /home/prethivi/ros2_ws/Smart_Factory/smart_factory_ws/install/smart_factory_services/local/lib/python3.10/dist-packages/smart_factory_services/srv
[2.491s] -- Installing: /home/prethivi/ros2_ws/Smart_Factory/smart_factory_ws/install/smart_factory_services/local/lib/python3.10/dist-packages/smart_factory_services/srv/_task_allocation.py
[2.491s] -- Installing: /home/prethivi/ros2_ws/Smart_Factory/smart_factory_ws/install/smart_factory_services/local/lib/python3.10/dist-packages/smart_factory_services/srv/__init__.py
[2.491s] -- Installing: /home/prethivi/ros2_ws/Smart_Factory/smart_factory_ws/install/smart_factory_services/local/lib/python3.10/dist-packages/smart_factory_services/srv/_task_allocation_s.c
[2.491s] -- Installing: /home/prethivi/ros2_ws/Smart_Factory/smart_factory_ws/install/smart_factory_services/local/lib/python3.10/dist-packages/smart_factory_services/smart_factory_services_s__rosidl_typesupport_fastrtps_c.cpython-310-x86_64-linux-gnu.so
[2.491s] -- Installing: /home/prethivi/ros2_ws/Smart_Factory/smart_factory_ws/install/smart_factory_services/local/lib/python3.10/dist-packages/smart_factory_services/_smart_factory_services_s.ep.rosidl_typesupport_introspection_c.c
[2.491s] -- Installing: /home/prethivi/ros2_ws/Smart_Factory/smart_factory_ws/install/smart_factory_services/local/lib/python3.10/dist-packages/smart_factory_services/__init__.py
[2.492s] -- Installing: /home/prethivi/ros2_ws/Smart_Factory/smart_factory_ws/install/smart_factory_services/local/lib/python3.10/dist-packages/smart_factory_services/smart_factory_services_s__rosidl_typesupport_introspection_c.cpython-310-x86_64-linux-gnu.so
[2.492s] -- Installing: /home/prethivi/ros2_ws/Smart_Factory/smart_factory_ws/install/smart_factory_services/local/lib/python3.10/dist-packages/smart_factory_services/_smart_factory_services_s.ep.rosidl_typesupport_c.c
[2.492s] -- Installing: /home/prethivi/ros2_ws/Smart_Factory/smart_factory_ws/install/smart_factory_services/local/lib/python3.10/dist-packages/smart_factory_services/smart_factory_services_s__rosidl_typesupport_c.cpython-310-x86_64-linux-gnu.so
[2.492s] -- Installing: /home/prethivi/ros2_ws/Smart_Factory/smart_factory_ws/install/smart_factory_services/local/lib/python3.10/dist-packages/smart_factory_services/libsmart_factory_services__rosidl_generator_py.so
[2.518s] Listing '/home/prethivi/ros2_ws/Smart_Factory/smart_factory_ws/install/smart_factory_services/local/lib/python3.10/dist-packages/smart_factory_services'...
[2.518s] Compiling '/home/prethivi/ros2_ws/Smart_Factory/smart_factory_ws/install/smart_factory_services/local/lib/python3.10/dist-packages/smart_factory_services/__init__.py'...
[2.519s] Listing '/home/prethivi/ros2_ws/Smart_Factory/smart_factory_ws/install/smart_factory_services/local/lib/python3.10/dist-packages/smart_factory_services/srv'...
[2.519s] Compiling '/home/prethivi/ros2_ws/Smart_Factory/smart_factory_ws/install/smart_factory_services/local/lib/python3.10/dist-packages/smart_factory_services/srv/__init__.py'...
[2.519s] Compiling '/home/prethivi/ros2_ws/Smart_Factory/smart_factory_ws/install/smart_factory_services/local/lib/python3.10/dist-packages/smart_factory_services/srv/_task_allocation.py'...
[2.522s] -- Installing: /home/prethivi/ros2_ws/Smart_Factory/smart_factory_ws/install/smart_factory_services/local/lib/python3.10/dist-packages/smart_factory_services/smart_factory_services_s__rosidl_typesupport_fastrtps_c.cpython-310-x86_64-linux-gnu.so
[2.522s] -- Set runtime path of "/home/prethivi/ros2_ws/Smart_Factory/smart_factory_ws/install/smart_factory_services/local/lib/python3.10/dist-packages/smart_factory_services/smart_factory_services_s__rosidl_typesupport_fastrtps_c.cpython-310-x86_64-linux-gnu.so" to ""
[2.522s] -- Installing: /home/prethivi/ros2_ws/Smart_Factory/smart_factory_ws/install/smart_factory_services/local/lib/python3.10/dist-packages/smart_factory_services/smart_factory_services_s__rosidl_typesupport_introspection_c.cpython-310-x86_64-linux-gnu.so
[2.523s] -- Set runtime path of "/home/prethivi/ros2_ws/Smart_Factory/smart_factory_ws/install/smart_factory_services/local/lib/python3.10/dist-packages/smart_factory_services/smart_factory_services_s__rosidl_typesupport_introspection_c.cpython-310-x86_64-linux-gnu.so" to ""
[2.523s] -- Installing: /home/prethivi/ros2_ws/Smart_Factory/smart_factory_ws/install/smart_factory_services/local/lib/python3.10/dist-packages/smart_factory_services/smart_factory_services_s__rosidl_typesupport_c.cpython-310-x86_64-linux-gnu.so
[2.523s] -- Set runtime path of "/home/prethivi/ros2_ws/Smart_Factory/smart_factory_ws/install/smart_factory_services/local/lib/python3.10/dist-packages/smart_factory_services/smart_factory_services_s__rosidl_typesupport_c.cpython-310-x86_64-linux-gnu.so" to ""
[2.523s] -- Installing: /home/prethivi/ros2_ws/Smart_Factory/smart_factory_ws/install/smart_factory_services/lib/libsmart_factory_services__rosidl_generator_py.so
[2.524s] -- Set runtime path of "/home/prethivi/ros2_ws/Smart_Factory/smart_factory_ws/install/smart_factory_services/lib/libsmart_factory_services__rosidl_generator_py.so" to ""
[2.524s] -- Installing: /home/prethivi/ros2_ws/Smart_Factory/smart_factory_ws/install/smart_factory_services/share/smart_factory_services/srv/TaskAllocation.idl
[2.524s] -- Installing: /home/prethivi/ros2_ws/Smart_Factory/smart_factory_ws/install/smart_factory_services/share/smart_factory_services/srv/TaskAllocation.srv
[2.524s] -- Installing: /home/prethivi/ros2_ws/Smart_Factory/smart_factory_ws/install/smart_factory_services/share/smart_factory_services/srv/TaskAllocation_Request.msg
[2.524s] -- Installing: /home/prethivi/ros2_ws/Smart_Factory/smart_factory_ws/install/smart_factory_services/share/smart_factory_services/srv/TaskAllocation_Response.msg
[2.524s] -- Up-to-date: /home/prethivi/ros2_ws/Smart_Factory/smart_factory_ws/install/smart_factory_services/share/ament_index/resource_index/package_run_dependencies/smart_factory_services
[2.524s] -- Installing: /home/prethivi/ros2_ws/Smart_Factory/smart_factory_ws/install/smart_factory_services/share/ament_index/resource_index/parent_prefix_path/smart_factory_services
[2.524s] -- Up-to-date: /home/prethivi/ros2_ws/Smart_Factory/smart_factory_ws/install/smart_factory_services/share/smart_factory_services/environment/ament_prefix_path.sh
[2.524s] -- Installing: /home/prethivi/ros2_ws/Smart_Factory/smart_factory_ws/install/smart_factory_services/share/smart_factory_services/environment/ament_prefix_path.dsv
[2.524s] -- Up-to-date: /home/prethivi/ros2_ws/Smart_Factory/smart_factory_ws/install/smart_factory_services/share/smart_factory_services/environment/path.sh
[2.525s] -- Installing: /home/prethivi/ros2_ws/Smart_Factory/smart_factory_ws/install/smart_factory_services/share/smart_factory_services/environment/path.dsv
[2.525s] -- Up-to-date: /home/prethivi/ros2_ws/Smart_Factory/smart_factory_ws/install/smart_factory_services/share/smart_factory_services/local_setup.bash
[2.525s] -- Up-to-date: /home/prethivi/ros2_ws/Smart_Factory/smart_factory_ws/install/smart_factory_services/share/smart_factory_services/local_setup.sh
[2.525s] -- Up-to-date: /home/prethivi/ros2_ws/Smart_Factory/smart_factory_ws/install/smart_factory_services/share/smart_factory_services/local_setup.zsh
[2.525s] -- Installing: /home/prethivi/ros2_ws/Smart_Factory/smart_factory_ws/install/smart_factory_services/share/smart_factory_services/local_setup.dsv
[2.525s] -- Installing: /home/prethivi/ros2_ws/Smart_Factory/smart_factory_ws/install/smart_factory_services/share/smart_factory_services/package.dsv
[2.525s] -- Up-to-date: /home/prethivi/ros2_ws/Smart_Factory/smart_factory_ws/install/smart_factory_services/share/ament_index/resource_index/packages/smart_factory_services
[2.525s] -- Up-to-date: /home/prethivi/ros2_ws/Smart_Factory/smart_factory_ws/install/smart_factory_services/share/smart_factory_services/cmake/export_smart_factory_services__rosidl_generator_cExport.cmake
[2.525s] -- Up-to-date: /home/prethivi/ros2_ws/Smart_Factory/smart_factory_ws/install/smart_factory_services/share/smart_factory_services/cmake/export_smart_factory_services__rosidl_generator_cExport-noconfig.cmake
[2.525s] -- Up-to-date: /home/prethivi/ros2_ws/Smart_Factory/smart_factory_ws/install/smart_factory_services/share/smart_factory_services/cmake/export_smart_factory_services__rosidl_typesupport_fastrtps_cExport.cmake
[2.525s] -- Up-to-date: /home/prethivi/ros2_ws/Smart_Factory/smart_factory_ws/install/smart_factory_services/share/smart_factory_services/cmake/export_smart_factory_services__rosidl_typesupport_fastrtps_cExport-noconfig.cmake
[2.525s] -- Up-to-date: /home/prethivi/ros2_ws/Smart_Factory/smart_factory_ws/install/smart_factory_services/share/smart_factory_services/cmake/export_smart_factory_services__rosidl_generator_cppExport.cmake
[2.525s] -- Up-to-date: /home/prethivi/ros2_ws/Smart_Factory/smart_factory_ws/install/smart_factory_services/share/smart_factory_services/cmake/export_smart_factory_services__rosidl_typesupport_fastrtps_cppExport.cmake
[2.525s] -- Up-to-date: /home/prethivi/ros2_ws/Smart_Factory/smart_factory_ws/install/smart_factory_services/share/smart_factory_services/cmake/export_smart_factory_services__rosidl_typesupport_fastrtps_cppExport-noconfig.cmake
[2.526s] -- Up-to-date: /home/prethivi/ros2_ws/Smart_Factory/smart_factory_ws/install/smart_factory_services/share/smart_factory_services/cmake/smart_factory_services__rosidl_typesupport_introspection_cExport.cmake
[2.526s] -- Up-to-date: /home/prethivi/ros2_ws/Smart_Factory/smart_factory_ws/install/smart_factory_services/share/smart_factory_services/cmake/smart_factory_services__rosidl_typesupport_introspection_cExport-noconfig.cmake
[2.526s] -- Up-to-date: /home/prethivi/ros2_ws/Smart_Factory/smart_factory_ws/install/smart_factory_services/share/smart_factory_services/cmake/smart_factory_services__rosidl_typesupport_cExport.cmake
[2.526s] -- Up-to-date: /home/prethivi/ros2_ws/Smart_Factory/smart_factory_ws/install/smart_factory_services/share/smart_factory_services/cmake/smart_factory_services__rosidl_typesupport_cExport-noconfig.cmake
[2.526s] -- Up-to-date: /home/prethivi/ros2_ws/Smart_Factory/smart_factory_ws/install/smart_factory_services/share/smart_factory_services/cmake/smart_factory_services__rosidl_typesupport_introspection_cppExport.cmake
[2.526s] -- Up-to-date: /home/prethivi/ros2_ws/Smart_Factory/smart_factory_ws/install/smart_factory_services/share/smart_factory_services/cmake/smart_factory_services__rosidl_typesupport_introspection_cppExport-noconfig.cmake
[2.526s] -- Up-to-date: /home/prethivi/ros2_ws/Smart_Factory/smart_factory_ws/install/smart_factory_services/share/smart_factory_services/cmake/smart_factory_services__rosidl_typesupport_cppExport.cmake
[2.526s] -- Up-to-date: /home/prethivi/ros2_ws/Smart_Factory/smart_factory_ws/install/smart_factory_services/share/smart_factory_services/cmake/smart_factory_services__rosidl_typesupport_cppExport-noconfig.cmake
[2.526s] -- Up-to-date: /home/prethivi/ros2_ws/Smart_Factory/smart_factory_ws/install/smart_factory_services/share/smart_factory_services/cmake/export_smart_factory_services__rosidl_generator_pyExport.cmake
[2.526s] -- Up-to-date: /home/prethivi/ros2_ws/Smart_Factory/smart_factory_ws/install/smart_factory_services/share/smart_factory_services/cmake/export_smart_factory_services__rosidl_generator_pyExport-noconfig.cmake
[2.526s] -- Up-to-date: /home/prethivi/ros2_ws/Smart_Factory/smart_factory_ws/install/smart_factory_services/share/smart_factory_services/cmake/rosidl_cmake-extras.cmake
[2.526s] -- Up-to-date: /home/prethivi/ros2_ws/Smart_Factory/smart_factory_ws/install/smart_factory_services/share/smart_factory_services/cmake/ament_cmake_export_dependencies-extras.cmake
[2.526s] -- Up-to-date: /home/prethivi/ros2_ws/Smart_Factory/smart_factory_ws/install/smart_factory_services/share/smart_factory_services/cmake/ament_cmake_export_include_directories-extras.cmake
[2.526s] -- Up-to-date: /home/prethivi/ros2_ws/Smart_Factory/smart_factory_ws/install/smart_factory_services/share/smart_factory_services/cmake/ament_cmake_export_libraries-extras.cmake
[2.526s] -- Up-to-date: /home/prethivi/ros2_ws/Smart_Factory/smart_factory_ws/install/smart_factory_services/share/smart_factory_services/cmake/ament_cmake_export_targets-extras.cmake
[2.526s] -- Up-to-date: /home/prethivi/ros2_ws/Smart_Factory/smart_factory_ws/install/smart_factory_services/share/smart_factory_services/cmake/rosidl_cmake_export_typesupport_targets-extras.cmake
[2.526s] -- Up-to-date: /home/prethivi/ros2_ws/Smart_Factory/smart_factory_ws/install/smart_factory_services/share/smart_factory_services/cmake/rosidl_cmake_export_typesupport_libraries-extras.cmake
[2.526s] -- Up-to-date: /home/prethivi/ros2_ws/Smart_Factory/smart_factory_ws/install/smart_factory_services/share/smart_factory_services/cmake/smart_factory_servicesConfig.cmake
[2.526s] -- Up-to-date: /home/prethivi/ros2_ws/Smart_Factory/smart_factory_ws/install/smart_factory_services/share/smart_factory_services/cmake/smart_factory_servicesConfig-version.cmake
[2.526s] -- Up-to-date: /home/prethivi/ros2_ws/Smart_Factory/smart_factory_ws/install/smart_factory_services/share/smart_factory_services/package.xml
[2.529s] Invoked command in '/home/prethivi/ros2_ws/Smart_Factory/smart_factory_ws/build/smart_factory_services' returned '0': CMAKE_PREFIX_PATH=/opt/ros/humble /usr/bin/cmake --install /home/prethivi/ros2_ws/Smart_Factory/smart_factory_ws/build/smart_factory_services
