[0.316s] Invoking command in '/home/prethiviraj/ros2/workspaces/Smart_Factory/smart_factory_ws/src/smart_factory': PYTHONPATH=/home/prethiviraj/ros2/workspaces/Smart_Factory/smart_factory_ws/build/smart_factory/prefix_override:/usr/lib/python3/dist-packages/colcon_core/task/python/colcon_distutils_commands:/home/prethiviraj/ros2/workspaces/Smart_Factory/smart_factory_ws/install/smart_factory/lib/python3.10/site-packages:${PYTHONPATH} /usr/bin/python3 -W ignore:setup.py install is deprecated -W ignore:easy_install command is deprecated setup.py egg_info --egg-base ../../build/smart_factory build --build-base /home/prethiviraj/ros2/workspaces/Smart_Factory/smart_factory_ws/build/smart_factory/build install --record /home/prethiviraj/ros2/workspaces/Smart_Factory/smart_factory_ws/build/smart_factory/install.log --single-version-externally-managed install_data
[0.436s] running egg_info
[0.437s] writing ../../build/smart_factory/smart_factory.egg-info/PKG-INFO
[0.437s] writing dependency_links to ../../build/smart_factory/smart_factory.egg-info/dependency_links.txt
[0.437s] writing entry points to ../../build/smart_factory/smart_factory.egg-info/entry_points.txt
[0.437s] writing requirements to ../../build/smart_factory/smart_factory.egg-info/requires.txt
[0.437s] writing top-level names to ../../build/smart_factory/smart_factory.egg-info/top_level.txt
[0.438s] reading manifest file '../../build/smart_factory/smart_factory.egg-info/SOURCES.txt'
[0.438s] writing manifest file '../../build/smart_factory/smart_factory.egg-info/SOURCES.txt'
[0.438s] running build
[0.438s] running build_py
[0.438s] copying smart_factory/image_classifier.py -> /home/prethiviraj/ros2/workspaces/Smart_Factory/smart_factory_ws/build/smart_factory/build/lib/smart_factory
[0.439s] running install
[0.439s] running install_lib
[0.439s] copying /home/prethiviraj/ros2/workspaces/Smart_Factory/smart_factory_ws/build/smart_factory/build/lib/smart_factory/image_classifier.py -> /home/prethiviraj/ros2/workspaces/Smart_Factory/smart_factory_ws/install/smart_factory/lib/python3.10/site-packages/smart_factory
[0.439s] byte-compiling /home/prethiviraj/ros2/workspaces/Smart_Factory/smart_factory_ws/install/smart_factory/lib/python3.10/site-packages/smart_factory/image_classifier.py to image_classifier.cpython-310.pyc
[0.440s] running install_data
[0.440s] copying launch/simple_world.launch.py -> /home/prethiviraj/ros2/workspaces/Smart_Factory/smart_factory_ws/install/smart_factory/share/smart_factory/launch
[0.440s] error: can't copy 'world/smart_factory': doesn't exist or not a regular file
[0.450s] Invoked command in '/home/prethiviraj/ros2/workspaces/Smart_Factory/smart_factory_ws/src/smart_factory' returned '1': PYTHONPATH=/home/prethiviraj/ros2/workspaces/Smart_Factory/smart_factory_ws/build/smart_factory/prefix_override:/usr/lib/python3/dist-packages/colcon_core/task/python/colcon_distutils_commands:/home/prethiviraj/ros2/workspaces/Smart_Factory/smart_factory_ws/install/smart_factory/lib/python3.10/site-packages:${PYTHONPATH} /usr/bin/python3 -W ignore:setup.py install is deprecated -W ignore:easy_install command is deprecated setup.py egg_info --egg-base ../../build/smart_factory build --build-base /home/prethiviraj/ros2/workspaces/Smart_Factory/smart_factory_ws/build/smart_factory/build install --record /home/prethiviraj/ros2/workspaces/Smart_Factory/smart_factory_ws/build/smart_factory/install.log --single-version-externally-managed install_data
