[0.365s] DEBUG:colcon:Command line arguments: ['/usr/bin/colcon', 'build']
[0.366s] DEBUG:colcon:Parsed command line arguments: Namespace(log_base=None, log_level=None, verb_name='build', build_base='build', install_base='install', merge_install=False, symlink_install=False, test_result_base=None, continue_on_error=False, executor='parallel', parallel_workers=16, event_handlers=None, ignore_user_meta=False, metas=['./colcon.meta'], base_paths=['.'], packages_ignore=None, packages_ignore_regex=None, paths=None, packages_up_to=None, packages_up_to_regex=None, packages_above=None, packages_above_and_dependencies=None, packages_above_depth=None, packages_select_by_dep=None, packages_skip_by_dep=None, packages_skip_up_to=None, packages_select_build_failed=False, packages_skip_build_finished=False, packages_select_test_failures=False, packages_skip_test_passed=False, packages_select=None, packages_skip=None, packages_select_regex=None, packages_skip_regex=None, packages_start=None, packages_end=None, allow_overriding=[], cmake_args=None, cmake_target=None, cmake_target_skip_unavailable=False, cmake_clean_cache=False, cmake_clean_first=False, cmake_force_configure=False, ament_cmake_args=None, catkin_cmake_args=None, catkin_skip_building_tests=False, mixin_files=None, mixin=None, verb_parser=<colcon_mixin.mixin.mixin_argument.MixinArgumentDecorator object at 0x7d6a9826b2b0>, verb_extension=<colcon_core.verb.build.BuildVerb object at 0x7d6a9821c790>, main=<bound method BuildVerb.main of <colcon_core.verb.build.BuildVerb object at 0x7d6a9821c790>>, mixin_verb=('build',))
[1.040s] Level 1:colcon.colcon_core.package_discovery:discover_packages(colcon_meta) check parameters
[1.041s] Level 1:colcon.colcon_core.package_discovery:discover_packages(recursive) check parameters
[1.042s] Level 1:colcon.colcon_core.package_discovery:discover_packages(ignore) check parameters
[1.042s] Level 1:colcon.colcon_core.package_discovery:discover_packages(path) check parameters
[1.042s] Level 1:colcon.colcon_core.package_discovery:discover_packages(colcon_meta) discover
[1.043s] Level 1:colcon.colcon_core.package_discovery:discover_packages(recursive) discover
[1.043s] INFO:colcon.colcon_core.package_discovery:Crawling recursively for packages in '/home/prethivi/ros2_ws/Smart_Factory/smart_factory_ws'
[1.044s] Level 1:colcon.colcon_core.package_identification:_identify(.) by extensions ['ignore', 'ignore_ament_install']
[1.045s] Level 1:colcon.colcon_core.package_identification:_identify(.) by extension 'ignore'
[1.045s] Level 1:colcon.colcon_core.package_identification:_identify(.) by extension 'ignore_ament_install'
[1.045s] Level 1:colcon.colcon_core.package_identification:_identify(.) by extensions ['colcon_pkg']
[1.045s] Level 1:colcon.colcon_core.package_identification:_identify(.) by extension 'colcon_pkg'
[1.045s] Level 1:colcon.colcon_core.package_identification:_identify(.) by extensions ['colcon_meta']
[1.046s] Level 1:colcon.colcon_core.package_identification:_identify(.) by extension 'colcon_meta'
[1.046s] Level 1:colcon.colcon_core.package_identification:_identify(.) by extensions ['ros']
[1.046s] Level 1:colcon.colcon_core.package_identification:_identify(.) by extension 'ros'
[1.071s] Level 1:colcon.colcon_core.package_identification:_identify(.) by extensions ['cmake', 'python']
[1.072s] Level 1:colcon.colcon_core.package_identification:_identify(.) by extension 'cmake'
[1.072s] Level 1:colcon.colcon_core.package_identification:_identify(.) by extension 'python'
[1.072s] Level 1:colcon.colcon_core.package_identification:_identify(.) by extensions ['python_setup_py']
[1.072s] Level 1:colcon.colcon_core.package_identification:_identify(.) by extension 'python_setup_py'
[1.073s] Level 1:colcon.colcon_core.package_identification:_identify(build) by extensions ['ignore', 'ignore_ament_install']
[1.073s] Level 1:colcon.colcon_core.package_identification:_identify(build) by extension 'ignore'
[1.073s] Level 1:colcon.colcon_core.package_identification:_identify(build) ignored
[1.074s] Level 1:colcon.colcon_core.package_identification:_identify(install) by extensions ['ignore', 'ignore_ament_install']
[1.074s] Level 1:colcon.colcon_core.package_identification:_identify(install) by extension 'ignore'
[1.074s] Level 1:colcon.colcon_core.package_identification:_identify(install) ignored
[1.076s] Level 1:colcon.colcon_core.package_identification:_identify(log) by extensions ['ignore', 'ignore_ament_install']
[1.077s] Level 1:colcon.colcon_core.package_identification:_identify(log) by extension 'ignore'
[1.078s] Level 1:colcon.colcon_core.package_identification:_identify(log) ignored
[1.078s] Level 1:colcon.colcon_core.package_identification:_identify(runs) by extensions ['ignore', 'ignore_ament_install']
[1.079s] Level 1:colcon.colcon_core.package_identification:_identify(runs) by extension 'ignore'
[1.079s] Level 1:colcon.colcon_core.package_identification:_identify(runs) by extension 'ignore_ament_install'
[1.079s] Level 1:colcon.colcon_core.package_identification:_identify(runs) by extensions ['colcon_pkg']
[1.079s] Level 1:colcon.colcon_core.package_identification:_identify(runs) by extension 'colcon_pkg'
[1.079s] Level 1:colcon.colcon_core.package_identification:_identify(runs) by extensions ['colcon_meta']
[1.079s] Level 1:colcon.colcon_core.package_identification:_identify(runs) by extension 'colcon_meta'
[1.080s] Level 1:colcon.colcon_core.package_identification:_identify(runs) by extensions ['ros']
[1.080s] Level 1:colcon.colcon_core.package_identification:_identify(runs) by extension 'ros'
[1.080s] Level 1:colcon.colcon_core.package_identification:_identify(runs) by extensions ['cmake', 'python']
[1.080s] Level 1:colcon.colcon_core.package_identification:_identify(runs) by extension 'cmake'
[1.080s] Level 1:colcon.colcon_core.package_identification:_identify(runs) by extension 'python'
[1.080s] Level 1:colcon.colcon_core.package_identification:_identify(runs) by extensions ['python_setup_py']
[1.080s] Level 1:colcon.colcon_core.package_identification:_identify(runs) by extension 'python_setup_py'
[1.080s] Level 1:colcon.colcon_core.package_identification:_identify(runs/detect) by extensions ['ignore', 'ignore_ament_install']
[1.081s] Level 1:colcon.colcon_core.package_identification:_identify(runs/detect) by extension 'ignore'
[1.081s] Level 1:colcon.colcon_core.package_identification:_identify(runs/detect) by extension 'ignore_ament_install'
[1.081s] Level 1:colcon.colcon_core.package_identification:_identify(runs/detect) by extensions ['colcon_pkg']
[1.081s] Level 1:colcon.colcon_core.package_identification:_identify(runs/detect) by extension 'colcon_pkg'
[1.081s] Level 1:colcon.colcon_core.package_identification:_identify(runs/detect) by extensions ['colcon_meta']
[1.081s] Level 1:colcon.colcon_core.package_identification:_identify(runs/detect) by extension 'colcon_meta'
[1.081s] Level 1:colcon.colcon_core.package_identification:_identify(runs/detect) by extensions ['ros']
[1.081s] Level 1:colcon.colcon_core.package_identification:_identify(runs/detect) by extension 'ros'
[1.081s] Level 1:colcon.colcon_core.package_identification:_identify(runs/detect) by extensions ['cmake', 'python']
[1.082s] Level 1:colcon.colcon_core.package_identification:_identify(runs/detect) by extension 'cmake'
[1.082s] Level 1:colcon.colcon_core.package_identification:_identify(runs/detect) by extension 'python'
[1.082s] Level 1:colcon.colcon_core.package_identification:_identify(runs/detect) by extensions ['python_setup_py']
[1.082s] Level 1:colcon.colcon_core.package_identification:_identify(runs/detect) by extension 'python_setup_py'
[1.082s] Level 1:colcon.colcon_core.package_identification:_identify(runs/detect/train) by extensions ['ignore', 'ignore_ament_install']
[1.083s] Level 1:colcon.colcon_core.package_identification:_identify(runs/detect/train) by extension 'ignore'
[1.083s] Level 1:colcon.colcon_core.package_identification:_identify(runs/detect/train) by extension 'ignore_ament_install'
[1.084s] Level 1:colcon.colcon_core.package_identification:_identify(runs/detect/train) by extensions ['colcon_pkg']
[1.084s] Level 1:colcon.colcon_core.package_identification:_identify(runs/detect/train) by extension 'colcon_pkg'
[1.084s] Level 1:colcon.colcon_core.package_identification:_identify(runs/detect/train) by extensions ['colcon_meta']
[1.084s] Level 1:colcon.colcon_core.package_identification:_identify(runs/detect/train) by extension 'colcon_meta'
[1.085s] Level 1:colcon.colcon_core.package_identification:_identify(runs/detect/train) by extensions ['ros']
[1.085s] Level 1:colcon.colcon_core.package_identification:_identify(runs/detect/train) by extension 'ros'
[1.086s] Level 1:colcon.colcon_core.package_identification:_identify(runs/detect/train) by extensions ['cmake', 'python']
[1.086s] Level 1:colcon.colcon_core.package_identification:_identify(runs/detect/train) by extension 'cmake'
[1.086s] Level 1:colcon.colcon_core.package_identification:_identify(runs/detect/train) by extension 'python'
[1.086s] Level 1:colcon.colcon_core.package_identification:_identify(runs/detect/train) by extensions ['python_setup_py']
[1.086s] Level 1:colcon.colcon_core.package_identification:_identify(runs/detect/train) by extension 'python_setup_py'
[1.086s] Level 1:colcon.colcon_core.package_identification:_identify(runs/detect/train/weights) by extensions ['ignore', 'ignore_ament_install']
[1.086s] Level 1:colcon.colcon_core.package_identification:_identify(runs/detect/train/weights) by extension 'ignore'
[1.086s] Level 1:colcon.colcon_core.package_identification:_identify(runs/detect/train/weights) by extension 'ignore_ament_install'
[1.086s] Level 1:colcon.colcon_core.package_identification:_identify(runs/detect/train/weights) by extensions ['colcon_pkg']
[1.086s] Level 1:colcon.colcon_core.package_identification:_identify(runs/detect/train/weights) by extension 'colcon_pkg'
[1.086s] Level 1:colcon.colcon_core.package_identification:_identify(runs/detect/train/weights) by extensions ['colcon_meta']
[1.087s] Level 1:colcon.colcon_core.package_identification:_identify(runs/detect/train/weights) by extension 'colcon_meta'
[1.087s] Level 1:colcon.colcon_core.package_identification:_identify(runs/detect/train/weights) by extensions ['ros']
[1.087s] Level 1:colcon.colcon_core.package_identification:_identify(runs/detect/train/weights) by extension 'ros'
[1.087s] Level 1:colcon.colcon_core.package_identification:_identify(runs/detect/train/weights) by extensions ['cmake', 'python']
[1.087s] Level 1:colcon.colcon_core.package_identification:_identify(runs/detect/train/weights) by extension 'cmake'
[1.087s] Level 1:colcon.colcon_core.package_identification:_identify(runs/detect/train/weights) by extension 'python'
[1.087s] Level 1:colcon.colcon_core.package_identification:_identify(runs/detect/train/weights) by extensions ['python_setup_py']
[1.087s] Level 1:colcon.colcon_core.package_identification:_identify(runs/detect/train/weights) by extension 'python_setup_py'
[1.087s] Level 1:colcon.colcon_core.package_identification:_identify(runs/detect/train2) by extensions ['ignore', 'ignore_ament_install']
[1.087s] Level 1:colcon.colcon_core.package_identification:_identify(runs/detect/train2) by extension 'ignore'
[1.087s] Level 1:colcon.colcon_core.package_identification:_identify(runs/detect/train2) by extension 'ignore_ament_install'
[1.087s] Level 1:colcon.colcon_core.package_identification:_identify(runs/detect/train2) by extensions ['colcon_pkg']
[1.087s] Level 1:colcon.colcon_core.package_identification:_identify(runs/detect/train2) by extension 'colcon_pkg'
[1.088s] Level 1:colcon.colcon_core.package_identification:_identify(runs/detect/train2) by extensions ['colcon_meta']
[1.088s] Level 1:colcon.colcon_core.package_identification:_identify(runs/detect/train2) by extension 'colcon_meta'
[1.088s] Level 1:colcon.colcon_core.package_identification:_identify(runs/detect/train2) by extensions ['ros']
[1.088s] Level 1:colcon.colcon_core.package_identification:_identify(runs/detect/train2) by extension 'ros'
[1.089s] Level 1:colcon.colcon_core.package_identification:_identify(runs/detect/train2) by extensions ['cmake', 'python']
[1.089s] Level 1:colcon.colcon_core.package_identification:_identify(runs/detect/train2) by extension 'cmake'
[1.089s] Level 1:colcon.colcon_core.package_identification:_identify(runs/detect/train2) by extension 'python'
[1.089s] Level 1:colcon.colcon_core.package_identification:_identify(runs/detect/train2) by extensions ['python_setup_py']
[1.089s] Level 1:colcon.colcon_core.package_identification:_identify(runs/detect/train2) by extension 'python_setup_py'
[1.089s] Level 1:colcon.colcon_core.package_identification:_identify(runs/detect/train2/weights) by extensions ['ignore', 'ignore_ament_install']
[1.089s] Level 1:colcon.colcon_core.package_identification:_identify(runs/detect/train2/weights) by extension 'ignore'
[1.090s] Level 1:colcon.colcon_core.package_identification:_identify(runs/detect/train2/weights) by extension 'ignore_ament_install'
[1.090s] Level 1:colcon.colcon_core.package_identification:_identify(runs/detect/train2/weights) by extensions ['colcon_pkg']
[1.090s] Level 1:colcon.colcon_core.package_identification:_identify(runs/detect/train2/weights) by extension 'colcon_pkg'
[1.090s] Level 1:colcon.colcon_core.package_identification:_identify(runs/detect/train2/weights) by extensions ['colcon_meta']
[1.090s] Level 1:colcon.colcon_core.package_identification:_identify(runs/detect/train2/weights) by extension 'colcon_meta'
[1.090s] Level 1:colcon.colcon_core.package_identification:_identify(runs/detect/train2/weights) by extensions ['ros']
[1.090s] Level 1:colcon.colcon_core.package_identification:_identify(runs/detect/train2/weights) by extension 'ros'
[1.090s] Level 1:colcon.colcon_core.package_identification:_identify(runs/detect/train2/weights) by extensions ['cmake', 'python']
[1.090s] Level 1:colcon.colcon_core.package_identification:_identify(runs/detect/train2/weights) by extension 'cmake'
[1.090s] Level 1:colcon.colcon_core.package_identification:_identify(runs/detect/train2/weights) by extension 'python'
[1.090s] Level 1:colcon.colcon_core.package_identification:_identify(runs/detect/train2/weights) by extensions ['python_setup_py']
[1.090s] Level 1:colcon.colcon_core.package_identification:_identify(runs/detect/train2/weights) by extension 'python_setup_py'
[1.090s] Level 1:colcon.colcon_core.package_identification:_identify(runs/detect/train3) by extensions ['ignore', 'ignore_ament_install']
[1.091s] Level 1:colcon.colcon_core.package_identification:_identify(runs/detect/train3) by extension 'ignore'
[1.091s] Level 1:colcon.colcon_core.package_identification:_identify(runs/detect/train3) by extension 'ignore_ament_install'
[1.091s] Level 1:colcon.colcon_core.package_identification:_identify(runs/detect/train3) by extensions ['colcon_pkg']
[1.091s] Level 1:colcon.colcon_core.package_identification:_identify(runs/detect/train3) by extension 'colcon_pkg'
[1.091s] Level 1:colcon.colcon_core.package_identification:_identify(runs/detect/train3) by extensions ['colcon_meta']
[1.091s] Level 1:colcon.colcon_core.package_identification:_identify(runs/detect/train3) by extension 'colcon_meta'
[1.091s] Level 1:colcon.colcon_core.package_identification:_identify(runs/detect/train3) by extensions ['ros']
[1.091s] Level 1:colcon.colcon_core.package_identification:_identify(runs/detect/train3) by extension 'ros'
[1.091s] Level 1:colcon.colcon_core.package_identification:_identify(runs/detect/train3) by extensions ['cmake', 'python']
[1.091s] Level 1:colcon.colcon_core.package_identification:_identify(runs/detect/train3) by extension 'cmake'
[1.091s] Level 1:colcon.colcon_core.package_identification:_identify(runs/detect/train3) by extension 'python'
[1.091s] Level 1:colcon.colcon_core.package_identification:_identify(runs/detect/train3) by extensions ['python_setup_py']
[1.091s] Level 1:colcon.colcon_core.package_identification:_identify(runs/detect/train3) by extension 'python_setup_py'
[1.091s] Level 1:colcon.colcon_core.package_identification:_identify(runs/detect/train3/weights) by extensions ['ignore', 'ignore_ament_install']
[1.140s] Level 1:colcon.colcon_core.package_identification:_identify(runs/detect/train3/weights) by extension 'ignore'
[1.140s] Level 1:colcon.colcon_core.package_identification:_identify(runs/detect/train3/weights) by extension 'ignore_ament_install'
[1.141s] Level 1:colcon.colcon_core.package_identification:_identify(runs/detect/train3/weights) by extensions ['colcon_pkg']
[1.141s] Level 1:colcon.colcon_core.package_identification:_identify(runs/detect/train3/weights) by extension 'colcon_pkg'
[1.141s] Level 1:colcon.colcon_core.package_identification:_identify(runs/detect/train3/weights) by extensions ['colcon_meta']
[1.141s] Level 1:colcon.colcon_core.package_identification:_identify(runs/detect/train3/weights) by extension 'colcon_meta'
[1.141s] Level 1:colcon.colcon_core.package_identification:_identify(runs/detect/train3/weights) by extensions ['ros']
[1.141s] Level 1:colcon.colcon_core.package_identification:_identify(runs/detect/train3/weights) by extension 'ros'
[1.141s] Level 1:colcon.colcon_core.package_identification:_identify(runs/detect/train3/weights) by extensions ['cmake', 'python']
[1.141s] Level 1:colcon.colcon_core.package_identification:_identify(runs/detect/train3/weights) by extension 'cmake'
[1.141s] Level 1:colcon.colcon_core.package_identification:_identify(runs/detect/train3/weights) by extension 'python'
[1.141s] Level 1:colcon.colcon_core.package_identification:_identify(runs/detect/train3/weights) by extensions ['python_setup_py']
[1.141s] Level 1:colcon.colcon_core.package_identification:_identify(runs/detect/train3/weights) by extension 'python_setup_py'
[1.141s] Level 1:colcon.colcon_core.package_identification:_identify(runs/detect/train4) by extensions ['ignore', 'ignore_ament_install']
[1.141s] Level 1:colcon.colcon_core.package_identification:_identify(runs/detect/train4) by extension 'ignore'
[1.141s] Level 1:colcon.colcon_core.package_identification:_identify(runs/detect/train4) by extension 'ignore_ament_install'
[1.141s] Level 1:colcon.colcon_core.package_identification:_identify(runs/detect/train4) by extensions ['colcon_pkg']
[1.141s] Level 1:colcon.colcon_core.package_identification:_identify(runs/detect/train4) by extension 'colcon_pkg'
[1.141s] Level 1:colcon.colcon_core.package_identification:_identify(runs/detect/train4) by extensions ['colcon_meta']
[1.141s] Level 1:colcon.colcon_core.package_identification:_identify(runs/detect/train4) by extension 'colcon_meta'
[1.142s] Level 1:colcon.colcon_core.package_identification:_identify(runs/detect/train4) by extensions ['ros']
[1.142s] Level 1:colcon.colcon_core.package_identification:_identify(runs/detect/train4) by extension 'ros'
[1.142s] Level 1:colcon.colcon_core.package_identification:_identify(runs/detect/train4) by extensions ['cmake', 'python']
[1.142s] Level 1:colcon.colcon_core.package_identification:_identify(runs/detect/train4) by extension 'cmake'
[1.142s] Level 1:colcon.colcon_core.package_identification:_identify(runs/detect/train4) by extension 'python'
[1.142s] Level 1:colcon.colcon_core.package_identification:_identify(runs/detect/train4) by extensions ['python_setup_py']
[1.142s] Level 1:colcon.colcon_core.package_identification:_identify(runs/detect/train4) by extension 'python_setup_py'
[1.142s] Level 1:colcon.colcon_core.package_identification:_identify(runs/detect/train4/weights) by extensions ['ignore', 'ignore_ament_install']
[1.142s] Level 1:colcon.colcon_core.package_identification:_identify(runs/detect/train4/weights) by extension 'ignore'
[1.142s] Level 1:colcon.colcon_core.package_identification:_identify(runs/detect/train4/weights) by extension 'ignore_ament_install'
[1.142s] Level 1:colcon.colcon_core.package_identification:_identify(runs/detect/train4/weights) by extensions ['colcon_pkg']
[1.142s] Level 1:colcon.colcon_core.package_identification:_identify(runs/detect/train4/weights) by extension 'colcon_pkg'
[1.142s] Level 1:colcon.colcon_core.package_identification:_identify(runs/detect/train4/weights) by extensions ['colcon_meta']
[1.142s] Level 1:colcon.colcon_core.package_identification:_identify(runs/detect/train4/weights) by extension 'colcon_meta'
[1.142s] Level 1:colcon.colcon_core.package_identification:_identify(runs/detect/train4/weights) by extensions ['ros']
[1.142s] Level 1:colcon.colcon_core.package_identification:_identify(runs/detect/train4/weights) by extension 'ros'
[1.142s] Level 1:colcon.colcon_core.package_identification:_identify(runs/detect/train4/weights) by extensions ['cmake', 'python']
[1.142s] Level 1:colcon.colcon_core.package_identification:_identify(runs/detect/train4/weights) by extension 'cmake'
[1.142s] Level 1:colcon.colcon_core.package_identification:_identify(runs/detect/train4/weights) by extension 'python'
[1.142s] Level 1:colcon.colcon_core.package_identification:_identify(runs/detect/train4/weights) by extensions ['python_setup_py']
[1.142s] Level 1:colcon.colcon_core.package_identification:_identify(runs/detect/train4/weights) by extension 'python_setup_py'
[1.143s] Level 1:colcon.colcon_core.package_identification:_identify(runs/detect/train5) by extensions ['ignore', 'ignore_ament_install']
[1.143s] Level 1:colcon.colcon_core.package_identification:_identify(runs/detect/train5) by extension 'ignore'
[1.143s] Level 1:colcon.colcon_core.package_identification:_identify(runs/detect/train5) by extension 'ignore_ament_install'
[1.143s] Level 1:colcon.colcon_core.package_identification:_identify(runs/detect/train5) by extensions ['colcon_pkg']
[1.143s] Level 1:colcon.colcon_core.package_identification:_identify(runs/detect/train5) by extension 'colcon_pkg'
[1.143s] Level 1:colcon.colcon_core.package_identification:_identify(runs/detect/train5) by extensions ['colcon_meta']
[1.143s] Level 1:colcon.colcon_core.package_identification:_identify(runs/detect/train5) by extension 'colcon_meta'
[1.143s] Level 1:colcon.colcon_core.package_identification:_identify(runs/detect/train5) by extensions ['ros']
[1.143s] Level 1:colcon.colcon_core.package_identification:_identify(runs/detect/train5) by extension 'ros'
[1.143s] Level 1:colcon.colcon_core.package_identification:_identify(runs/detect/train5) by extensions ['cmake', 'python']
[1.144s] Level 1:colcon.colcon_core.package_identification:_identify(runs/detect/train5) by extension 'cmake'
[1.144s] Level 1:colcon.colcon_core.package_identification:_identify(runs/detect/train5) by extension 'python'
[1.145s] Level 1:colcon.colcon_core.package_identification:_identify(runs/detect/train5) by extensions ['python_setup_py']
[1.145s] Level 1:colcon.colcon_core.package_identification:_identify(runs/detect/train5) by extension 'python_setup_py'
[1.147s] Level 1:colcon.colcon_core.package_identification:_identify(runs/detect/train5/weights) by extensions ['ignore', 'ignore_ament_install']
[1.148s] Level 1:colcon.colcon_core.package_identification:_identify(runs/detect/train5/weights) by extension 'ignore'
[1.149s] Level 1:colcon.colcon_core.package_identification:_identify(runs/detect/train5/weights) by extension 'ignore_ament_install'
[1.149s] Level 1:colcon.colcon_core.package_identification:_identify(runs/detect/train5/weights) by extensions ['colcon_pkg']
[1.150s] Level 1:colcon.colcon_core.package_identification:_identify(runs/detect/train5/weights) by extension 'colcon_pkg'
[1.151s] Level 1:colcon.colcon_core.package_identification:_identify(runs/detect/train5/weights) by extensions ['colcon_meta']
[1.151s] Level 1:colcon.colcon_core.package_identification:_identify(runs/detect/train5/weights) by extension 'colcon_meta'
[1.151s] Level 1:colcon.colcon_core.package_identification:_identify(runs/detect/train5/weights) by extensions ['ros']
[1.151s] Level 1:colcon.colcon_core.package_identification:_identify(runs/detect/train5/weights) by extension 'ros'
[1.151s] Level 1:colcon.colcon_core.package_identification:_identify(runs/detect/train5/weights) by extensions ['cmake', 'python']
[1.152s] Level 1:colcon.colcon_core.package_identification:_identify(runs/detect/train5/weights) by extension 'cmake'
[1.152s] Level 1:colcon.colcon_core.package_identification:_identify(runs/detect/train5/weights) by extension 'python'
[1.152s] Level 1:colcon.colcon_core.package_identification:_identify(runs/detect/train5/weights) by extensions ['python_setup_py']
[1.153s] Level 1:colcon.colcon_core.package_identification:_identify(runs/detect/train5/weights) by extension 'python_setup_py'
[1.153s] Level 1:colcon.colcon_core.package_identification:_identify(runs/detect/train6) by extensions ['ignore', 'ignore_ament_install']
[1.154s] Level 1:colcon.colcon_core.package_identification:_identify(runs/detect/train6) by extension 'ignore'
[1.154s] Level 1:colcon.colcon_core.package_identification:_identify(runs/detect/train6) by extension 'ignore_ament_install'
[1.154s] Level 1:colcon.colcon_core.package_identification:_identify(runs/detect/train6) by extensions ['colcon_pkg']
[1.154s] Level 1:colcon.colcon_core.package_identification:_identify(runs/detect/train6) by extension 'colcon_pkg'
[1.154s] Level 1:colcon.colcon_core.package_identification:_identify(runs/detect/train6) by extensions ['colcon_meta']
[1.154s] Level 1:colcon.colcon_core.package_identification:_identify(runs/detect/train6) by extension 'colcon_meta'
[1.155s] Level 1:colcon.colcon_core.package_identification:_identify(runs/detect/train6) by extensions ['ros']
[1.155s] Level 1:colcon.colcon_core.package_identification:_identify(runs/detect/train6) by extension 'ros'
[1.155s] Level 1:colcon.colcon_core.package_identification:_identify(runs/detect/train6) by extensions ['cmake', 'python']
[1.155s] Level 1:colcon.colcon_core.package_identification:_identify(runs/detect/train6) by extension 'cmake'
[1.155s] Level 1:colcon.colcon_core.package_identification:_identify(runs/detect/train6) by extension 'python'
[1.155s] Level 1:colcon.colcon_core.package_identification:_identify(runs/detect/train6) by extensions ['python_setup_py']
[1.155s] Level 1:colcon.colcon_core.package_identification:_identify(runs/detect/train6) by extension 'python_setup_py'
[1.155s] Level 1:colcon.colcon_core.package_identification:_identify(runs/detect/train6/weights) by extensions ['ignore', 'ignore_ament_install']
[1.156s] Level 1:colcon.colcon_core.package_identification:_identify(runs/detect/train6/weights) by extension 'ignore'
[1.157s] Level 1:colcon.colcon_core.package_identification:_identify(runs/detect/train6/weights) by extension 'ignore_ament_install'
[1.158s] Level 1:colcon.colcon_core.package_identification:_identify(runs/detect/train6/weights) by extensions ['colcon_pkg']
[1.158s] Level 1:colcon.colcon_core.package_identification:_identify(runs/detect/train6/weights) by extension 'colcon_pkg'
[1.159s] Level 1:colcon.colcon_core.package_identification:_identify(runs/detect/train6/weights) by extensions ['colcon_meta']
[1.159s] Level 1:colcon.colcon_core.package_identification:_identify(runs/detect/train6/weights) by extension 'colcon_meta'
[1.159s] Level 1:colcon.colcon_core.package_identification:_identify(runs/detect/train6/weights) by extensions ['ros']
[1.160s] Level 1:colcon.colcon_core.package_identification:_identify(runs/detect/train6/weights) by extension 'ros'
[1.161s] Level 1:colcon.colcon_core.package_identification:_identify(runs/detect/train6/weights) by extensions ['cmake', 'python']
[1.162s] Level 1:colcon.colcon_core.package_identification:_identify(runs/detect/train6/weights) by extension 'cmake'
[1.162s] Level 1:colcon.colcon_core.package_identification:_identify(runs/detect/train6/weights) by extension 'python'
[1.162s] Level 1:colcon.colcon_core.package_identification:_identify(runs/detect/train6/weights) by extensions ['python_setup_py']
[1.162s] Level 1:colcon.colcon_core.package_identification:_identify(runs/detect/train6/weights) by extension 'python_setup_py'
[1.163s] Level 1:colcon.colcon_core.package_identification:_identify(src) by extensions ['ignore', 'ignore_ament_install']
[1.163s] Level 1:colcon.colcon_core.package_identification:_identify(src) by extension 'ignore'
[1.163s] Level 1:colcon.colcon_core.package_identification:_identify(src) by extension 'ignore_ament_install'
[1.163s] Level 1:colcon.colcon_core.package_identification:_identify(src) by extensions ['colcon_pkg']
[1.163s] Level 1:colcon.colcon_core.package_identification:_identify(src) by extension 'colcon_pkg'
[1.163s] Level 1:colcon.colcon_core.package_identification:_identify(src) by extensions ['colcon_meta']
[1.163s] Level 1:colcon.colcon_core.package_identification:_identify(src) by extension 'colcon_meta'
[1.164s] Level 1:colcon.colcon_core.package_identification:_identify(src) by extensions ['ros']
[1.164s] Level 1:colcon.colcon_core.package_identification:_identify(src) by extension 'ros'
[1.164s] Level 1:colcon.colcon_core.package_identification:_identify(src) by extensions ['cmake', 'python']
[1.164s] Level 1:colcon.colcon_core.package_identification:_identify(src) by extension 'cmake'
[1.164s] Level 1:colcon.colcon_core.package_identification:_identify(src) by extension 'python'
[1.164s] Level 1:colcon.colcon_core.package_identification:_identify(src) by extensions ['python_setup_py']
[1.164s] Level 1:colcon.colcon_core.package_identification:_identify(src) by extension 'python_setup_py'
[1.164s] Level 1:colcon.colcon_core.package_identification:_identify(src/smart_factory) by extensions ['ignore', 'ignore_ament_install']
[1.164s] Level 1:colcon.colcon_core.package_identification:_identify(src/smart_factory) by extension 'ignore'
[1.164s] Level 1:colcon.colcon_core.package_identification:_identify(src/smart_factory) by extension 'ignore_ament_install'
[1.164s] Level 1:colcon.colcon_core.package_identification:_identify(src/smart_factory) by extensions ['colcon_pkg']
[1.164s] Level 1:colcon.colcon_core.package_identification:_identify(src/smart_factory) by extension 'colcon_pkg'
[1.165s] Level 1:colcon.colcon_core.package_identification:_identify(src/smart_factory) by extensions ['colcon_meta']
[1.165s] Level 1:colcon.colcon_core.package_identification:_identify(src/smart_factory) by extension 'colcon_meta'
[1.165s] Level 1:colcon.colcon_core.package_identification:_identify(src/smart_factory) by extensions ['ros']
[1.166s] Level 1:colcon.colcon_core.package_identification:_identify(src/smart_factory) by extension 'ros'
[1.172s] DEBUG:colcon.colcon_core.package_identification:Package 'src/smart_factory' with type 'ros.ament_python' and name 'smart_factory'
[1.173s] Level 1:colcon.colcon_core.package_discovery:discover_packages(recursive) using defaults
[1.174s] Level 1:colcon.colcon_core.package_discovery:discover_packages(ignore) discover
[1.174s] Level 1:colcon.colcon_core.package_discovery:discover_packages(ignore) using defaults
[1.175s] Level 1:colcon.colcon_core.package_discovery:discover_packages(path) discover
[1.175s] Level 1:colcon.colcon_core.package_discovery:discover_packages(path) using defaults
[1.276s] Level 1:colcon.colcon_core.package_discovery:discover_packages(prefix_path) check parameters
[1.276s] Level 1:colcon.colcon_core.package_discovery:discover_packages(prefix_path) discover
[1.283s] DEBUG:colcon.colcon_installed_package_information.package_discovery:Found 1 installed packages in /home/prethivi/ros2_ws/Smart_Factory/smart_factory_ws/install
[1.287s] DEBUG:colcon.colcon_installed_package_information.package_discovery:Found 390 installed packages in /opt/ros/humble
[1.294s] Level 1:colcon.colcon_core.package_discovery:discover_packages(prefix_path) using defaults
[1.434s] Level 5:colcon.colcon_core.verb:set package 'smart_factory' build argument 'cmake_args' from command line to 'None'
[1.435s] Level 5:colcon.colcon_core.verb:set package 'smart_factory' build argument 'cmake_target' from command line to 'None'
[1.435s] Level 5:colcon.colcon_core.verb:set package 'smart_factory' build argument 'cmake_target_skip_unavailable' from command line to 'False'
[1.435s] Level 5:colcon.colcon_core.verb:set package 'smart_factory' build argument 'cmake_clean_cache' from command line to 'False'
[1.435s] Level 5:colcon.colcon_core.verb:set package 'smart_factory' build argument 'cmake_clean_first' from command line to 'False'
[1.435s] Level 5:colcon.colcon_core.verb:set package 'smart_factory' build argument 'cmake_force_configure' from command line to 'False'
[1.435s] Level 5:colcon.colcon_core.verb:set package 'smart_factory' build argument 'ament_cmake_args' from command line to 'None'
[1.435s] Level 5:colcon.colcon_core.verb:set package 'smart_factory' build argument 'catkin_cmake_args' from command line to 'None'
[1.435s] Level 5:colcon.colcon_core.verb:set package 'smart_factory' build argument 'catkin_skip_building_tests' from command line to 'False'
[1.435s] DEBUG:colcon.colcon_core.verb:Building package 'smart_factory' with the following arguments: {'ament_cmake_args': None, 'build_base': '/home/prethivi/ros2_ws/Smart_Factory/smart_factory_ws/build/smart_factory', 'catkin_cmake_args': None, 'catkin_skip_building_tests': False, 'cmake_args': None, 'cmake_clean_cache': False, 'cmake_clean_first': False, 'cmake_force_configure': False, 'cmake_target': None, 'cmake_target_skip_unavailable': False, 'install_base': '/home/prethivi/ros2_ws/Smart_Factory/smart_factory_ws/install/smart_factory', 'merge_install': False, 'path': '/home/prethivi/ros2_ws/Smart_Factory/smart_factory_ws/src/smart_factory', 'symlink_install': False, 'test_result_base': None}
[1.436s] INFO:colcon.colcon_core.executor:Executing jobs using 'parallel' executor
[1.437s] DEBUG:colcon.colcon_parallel_executor.executor.parallel:run_until_complete
[1.438s] INFO:colcon.colcon_ros.task.ament_python.build:Building ROS package in '/home/prethivi/ros2_ws/Smart_Factory/smart_factory_ws/src/smart_factory' with build type 'ament_python'
[1.438s] Level 1:colcon.colcon_core.shell:create_environment_hook('smart_factory', 'ament_prefix_path')
[1.450s] INFO:colcon.colcon_core.plugin_system:Skipping extension 'colcon_core.shell.bat': Not used on non-Windows systems
[1.450s] INFO:colcon.colcon_core.shell:Creating environment hook '/home/prethivi/ros2_ws/Smart_Factory/smart_factory_ws/install/smart_factory/share/smart_factory/hook/ament_prefix_path.ps1'
[1.452s] INFO:colcon.colcon_core.shell:Creating environment descriptor '/home/prethivi/ros2_ws/Smart_Factory/smart_factory_ws/install/smart_factory/share/smart_factory/hook/ament_prefix_path.dsv'
[1.453s] INFO:colcon.colcon_core.shell:Creating environment hook '/home/prethivi/ros2_ws/Smart_Factory/smart_factory_ws/install/smart_factory/share/smart_factory/hook/ament_prefix_path.sh'
[1.455s] INFO:colcon.colcon_core.shell:Skip shell extension 'powershell' for command environment: Not usable outside of PowerShell
[1.455s] DEBUG:colcon.colcon_core.shell:Skip shell extension 'dsv' for command environment
[2.173s] INFO:colcon.colcon_core.task.python.build:Building Python package in '/home/prethivi/ros2_ws/Smart_Factory/smart_factory_ws/src/smart_factory'
[2.173s] INFO:colcon.colcon_core.shell:Skip shell extension 'powershell' for command environment: Not usable outside of PowerShell
[2.173s] DEBUG:colcon.colcon_core.shell:Skip shell extension 'dsv' for command environment
[3.298s] DEBUG:colcon.colcon_core.event_handler.log_command:Invoking command in '/home/prethivi/ros2_ws/Smart_Factory/smart_factory_ws/src/smart_factory': PYTHONPATH=/home/prethivi/ros2_ws/Smart_Factory/smart_factory_ws/build/smart_factory/prefix_override:/usr/lib/python3/dist-packages/colcon_core/task/python/colcon_distutils_commands:/home/prethivi/ros2_ws/Smart_Factory/smart_factory_ws/install/smart_factory/lib/python3.10/site-packages:${PYTHONPATH} /usr/bin/python3 -W ignore:setup.py install is deprecated -W ignore:easy_install command is deprecated setup.py egg_info --egg-base ../../build/smart_factory build --build-base /home/prethivi/ros2_ws/Smart_Factory/smart_factory_ws/build/smart_factory/build install --record /home/prethivi/ros2_ws/Smart_Factory/smart_factory_ws/build/smart_factory/install.log --single-version-externally-managed install_data
[4.344s] DEBUG:colcon.colcon_core.event_handler.log_command:Invoked command in '/home/prethivi/ros2_ws/Smart_Factory/smart_factory_ws/src/smart_factory' returned '0': PYTHONPATH=/home/prethivi/ros2_ws/Smart_Factory/smart_factory_ws/build/smart_factory/prefix_override:/usr/lib/python3/dist-packages/colcon_core/task/python/colcon_distutils_commands:/home/prethivi/ros2_ws/Smart_Factory/smart_factory_ws/install/smart_factory/lib/python3.10/site-packages:${PYTHONPATH} /usr/bin/python3 -W ignore:setup.py install is deprecated -W ignore:easy_install command is deprecated setup.py egg_info --egg-base ../../build/smart_factory build --build-base /home/prethivi/ros2_ws/Smart_Factory/smart_factory_ws/build/smart_factory/build install --record /home/prethivi/ros2_ws/Smart_Factory/smart_factory_ws/build/smart_factory/install.log --single-version-externally-managed install_data
[4.348s] Level 1:colcon.colcon_core.environment:checking '/home/prethivi/ros2_ws/Smart_Factory/smart_factory_ws/install/smart_factory' for CMake module files
[4.348s] Level 1:colcon.colcon_core.environment:checking '/home/prethivi/ros2_ws/Smart_Factory/smart_factory_ws/install/smart_factory' for CMake config files
[4.349s] Level 1:colcon.colcon_core.environment:checking '/home/prethivi/ros2_ws/Smart_Factory/smart_factory_ws/install/smart_factory/lib'
[4.349s] Level 1:colcon.colcon_core.environment:checking '/home/prethivi/ros2_ws/Smart_Factory/smart_factory_ws/install/smart_factory/bin'
[4.349s] Level 1:colcon.colcon_core.environment:checking '/home/prethivi/ros2_ws/Smart_Factory/smart_factory_ws/install/smart_factory/lib/pkgconfig/smart_factory.pc'
[4.350s] Level 1:colcon.colcon_core.environment:checking '/home/prethivi/ros2_ws/Smart_Factory/smart_factory_ws/install/smart_factory/lib/python3.10/site-packages'
[4.350s] Level 1:colcon.colcon_core.shell:create_environment_hook('smart_factory', 'pythonpath')
[4.350s] INFO:colcon.colcon_core.shell:Creating environment hook '/home/prethivi/ros2_ws/Smart_Factory/smart_factory_ws/install/smart_factory/share/smart_factory/hook/pythonpath.ps1'
[4.350s] INFO:colcon.colcon_core.shell:Creating environment descriptor '/home/prethivi/ros2_ws/Smart_Factory/smart_factory_ws/install/smart_factory/share/smart_factory/hook/pythonpath.dsv'
[4.350s] INFO:colcon.colcon_core.shell:Creating environment hook '/home/prethivi/ros2_ws/Smart_Factory/smart_factory_ws/install/smart_factory/share/smart_factory/hook/pythonpath.sh'
[4.351s] Level 1:colcon.colcon_core.environment:checking '/home/prethivi/ros2_ws/Smart_Factory/smart_factory_ws/install/smart_factory/bin'
[4.351s] Level 1:colcon.colcon_core.environment:create_environment_scripts_only(smart_factory)
[4.351s] INFO:colcon.colcon_core.shell:Creating package script '/home/prethivi/ros2_ws/Smart_Factory/smart_factory_ws/install/smart_factory/share/smart_factory/package.ps1'
[4.353s] INFO:colcon.colcon_core.shell:Creating package descriptor '/home/prethivi/ros2_ws/Smart_Factory/smart_factory_ws/install/smart_factory/share/smart_factory/package.dsv'
[4.355s] INFO:colcon.colcon_core.shell:Creating package script '/home/prethivi/ros2_ws/Smart_Factory/smart_factory_ws/install/smart_factory/share/smart_factory/package.sh'
[4.358s] INFO:colcon.colcon_core.shell:Creating package script '/home/prethivi/ros2_ws/Smart_Factory/smart_factory_ws/install/smart_factory/share/smart_factory/package.bash'
[4.361s] INFO:colcon.colcon_core.shell:Creating package script '/home/prethivi/ros2_ws/Smart_Factory/smart_factory_ws/install/smart_factory/share/smart_factory/package.zsh'
[4.363s] Level 1:colcon.colcon_core.environment:create_file_with_runtime_dependencies(/home/prethivi/ros2_ws/Smart_Factory/smart_factory_ws/install/smart_factory/share/colcon-core/packages/smart_factory)
[4.363s] DEBUG:colcon.colcon_parallel_executor.executor.parallel:closing loop
[4.363s] DEBUG:colcon.colcon_parallel_executor.executor.parallel:loop closed
[4.363s] DEBUG:colcon.colcon_parallel_executor.executor.parallel:run_until_complete finished with '0'
[4.363s] DEBUG:colcon.colcon_core.event_reactor:joining thread
[4.375s] INFO:colcon.colcon_core.plugin_system:Skipping extension 'colcon_notification.desktop_notification.terminal_notifier': Not used on non-Darwin systems
[4.375s] INFO:colcon.colcon_core.plugin_system:Skipping extension 'colcon_notification.desktop_notification.win32': Not used on non-Windows systems
[4.375s] INFO:colcon.colcon_notification.desktop_notification:Sending desktop notification using 'notify2'
[4.394s] DEBUG:colcon.colcon_core.event_reactor:joined thread
[4.394s] INFO:colcon.colcon_core.shell:Creating prefix script '/home/prethivi/ros2_ws/Smart_Factory/smart_factory_ws/install/local_setup.ps1'
[4.397s] INFO:colcon.colcon_core.shell:Creating prefix util module '/home/prethivi/ros2_ws/Smart_Factory/smart_factory_ws/install/_local_setup_util_ps1.py'
[4.403s] INFO:colcon.colcon_core.shell:Creating prefix chain script '/home/prethivi/ros2_ws/Smart_Factory/smart_factory_ws/install/setup.ps1'
[4.407s] INFO:colcon.colcon_core.shell:Creating prefix script '/home/prethivi/ros2_ws/Smart_Factory/smart_factory_ws/install/local_setup.sh'
[4.408s] INFO:colcon.colcon_core.shell:Creating prefix util module '/home/prethivi/ros2_ws/Smart_Factory/smart_factory_ws/install/_local_setup_util_sh.py'
[4.409s] INFO:colcon.colcon_core.shell:Creating prefix chain script '/home/prethivi/ros2_ws/Smart_Factory/smart_factory_ws/install/setup.sh'
[4.413s] INFO:colcon.colcon_core.shell:Creating prefix script '/home/prethivi/ros2_ws/Smart_Factory/smart_factory_ws/install/local_setup.bash'
[4.417s] INFO:colcon.colcon_core.shell:Creating prefix chain script '/home/prethivi/ros2_ws/Smart_Factory/smart_factory_ws/install/setup.bash'
[4.419s] INFO:colcon.colcon_core.shell:Creating prefix script '/home/prethivi/ros2_ws/Smart_Factory/smart_factory_ws/install/local_setup.zsh'
[4.419s] INFO:colcon.colcon_core.shell:Creating prefix chain script '/home/prethivi/ros2_ws/Smart_Factory/smart_factory_ws/install/setup.zsh'
