[0.368s] Invoking command in '/home/prethiviraj/ros2/workspaces/Smart_Factory/smart_factory_ws/src/smart_factory': PYTHONPATH=/home/prethiviraj/ros2/workspaces/Smart_Factory/smart_factory_ws/build/smart_factory/prefix_override:/usr/lib/python3/dist-packages/colcon_core/task/python/colcon_distutils_commands:/home/prethiviraj/ros2/workspaces/Smart_Factory/smart_factory_ws/install/smart_factory/lib/python3.10/site-packages:${PYTHONPATH} /usr/bin/python3 -W ignore:setup.py install is deprecated -W ignore:easy_install command is deprecated setup.py egg_info --egg-base ../../build/smart_factory build --build-base /home/prethiviraj/ros2/workspaces/Smart_Factory/smart_factory_ws/build/smart_factory/build install --record /home/prethiviraj/ros2/workspaces/Smart_Factory/smart_factory_ws/build/smart_factory/install.log --single-version-externally-managed install_data
[0.513s] running egg_info
[0.513s] writing ../../build/smart_factory/smart_factory.egg-info/PKG-INFO
[0.514s] writing dependency_links to ../../build/smart_factory/smart_factory.egg-info/dependency_links.txt
[0.514s] writing entry points to ../../build/smart_factory/smart_factory.egg-info/entry_points.txt
[0.514s] writing requirements to ../../build/smart_factory/smart_factory.egg-info/requires.txt
[0.514s] writing top-level names to ../../build/smart_factory/smart_factory.egg-info/top_level.txt
[0.515s] reading manifest file '../../build/smart_factory/smart_factory.egg-info/SOURCES.txt'
[0.515s] writing manifest file '../../build/smart_factory/smart_factory.egg-info/SOURCES.txt'
[0.515s] running build
[0.515s] running build_py
[0.515s] copying smart_factory/image_capture.py -> /home/prethiviraj/ros2/workspaces/Smart_Factory/smart_factory_ws/build/smart_factory/build/lib/smart_factory
[0.515s] running install
[0.516s] running install_lib
[0.516s] copying /home/prethiviraj/ros2/workspaces/Smart_Factory/smart_factory_ws/build/smart_factory/build/lib/smart_factory/image_capture.py -> /home/prethiviraj/ros2/workspaces/Smart_Factory/smart_factory_ws/install/smart_factory/lib/python3.10/site-packages/smart_factory
[0.516s] byte-compiling /home/prethiviraj/ros2/workspaces/Smart_Factory/smart_factory_ws/install/smart_factory/lib/python3.10/site-packages/smart_factory/image_capture.py to image_capture.cpython-310.pyc
[0.517s] running install_data
[0.517s] running install_egg_info
[0.518s] removing '/home/prethiviraj/ros2/workspaces/Smart_Factory/smart_factory_ws/install/smart_factory/lib/python3.10/site-packages/smart_factory-0.0.0-py3.10.egg-info' (and everything under it)
[0.519s] Copying ../../build/smart_factory/smart_factory.egg-info to /home/prethiviraj/ros2/workspaces/Smart_Factory/smart_factory_ws/install/smart_factory/lib/python3.10/site-packages/smart_factory-0.0.0-py3.10.egg-info
[0.519s] running install_scripts
[0.534s] Installing image_capture script to /home/prethiviraj/ros2/workspaces/Smart_Factory/smart_factory_ws/install/smart_factory/lib/smart_factory
[0.534s] writing list of installed files to '/home/prethiviraj/ros2/workspaces/Smart_Factory/smart_factory_ws/build/smart_factory/install.log'
[0.551s] Invoked command in '/home/prethiviraj/ros2/workspaces/Smart_Factory/smart_factory_ws/src/smart_factory' returned '0': PYTHONPATH=/home/prethiviraj/ros2/workspaces/Smart_Factory/smart_factory_ws/build/smart_factory/prefix_override:/usr/lib/python3/dist-packages/colcon_core/task/python/colcon_distutils_commands:/home/prethiviraj/ros2/workspaces/Smart_Factory/smart_factory_ws/install/smart_factory/lib/python3.10/site-packages:${PYTHONPATH} /usr/bin/python3 -W ignore:setup.py install is deprecated -W ignore:easy_install command is deprecated setup.py egg_info --egg-base ../../build/smart_factory build --build-base /home/prethiviraj/ros2/workspaces/Smart_Factory/smart_factory_ws/build/smart_factory/build install --record /home/prethiviraj/ros2/workspaces/Smart_Factory/smart_factory_ws/build/smart_factory/install.log --single-version-externally-managed install_data
