[2.092s] Invoking command in '/home/prethivi/ros2_ws/Smart_Factory/smart_factory_ws/src/smart_factory': PYTHONPATH=/home/prethivi/ros2_ws/Smart_Factory/smart_factory_ws/build/smart_factory/prefix_override:/usr/lib/python3/dist-packages/colcon_core/task/python/colcon_distutils_commands:/home/prethivi/ros2_ws/Smart_Factory/smart_factory_ws/install/smart_factory/lib/python3.10/site-packages:${PYTHONPATH} /usr/bin/python3 -W ignore:setup.py install is deprecated -W ignore:easy_install command is deprecated setup.py egg_info --egg-base ../../build/smart_factory build --build-base /home/prethivi/ros2_ws/Smart_Factory/smart_factory_ws/build/smart_factory/build install --record /home/prethivi/ros2_ws/Smart_Factory/smart_factory_ws/build/smart_factory/install.log --single-version-externally-managed install_data
[2.732s] running egg_info
[2.734s] writing ../../build/smart_factory/smart_factory.egg-info/PKG-INFO
[2.734s] writing dependency_links to ../../build/smart_factory/smart_factory.egg-info/dependency_links.txt
[2.734s] writing entry points to ../../build/smart_factory/smart_factory.egg-info/entry_points.txt
[2.734s] writing requirements to ../../build/smart_factory/smart_factory.egg-info/requires.txt
[2.734s] writing top-level names to ../../build/smart_factory/smart_factory.egg-info/top_level.txt
[2.739s] reading manifest file '../../build/smart_factory/smart_factory.egg-info/SOURCES.txt'
[2.743s] writing manifest file '../../build/smart_factory/smart_factory.egg-info/SOURCES.txt'
[2.744s] running build
[2.744s] running build_py
[2.746s] running install
[2.747s] running install_lib
[2.756s] running install_data
[2.757s] copying launch/localization_launch.py -> /home/prethivi/ros2_ws/Smart_Factory/smart_factory_ws/install/smart_factory/share/smart_factory/launch
[2.757s] copying launch/slam_launch.py -> /home/prethivi/ros2_ws/Smart_Factory/smart_factory_ws/install/smart_factory/share/smart_factory/launch
[2.758s] running install_egg_info
[2.764s] removing '/home/prethivi/ros2_ws/Smart_Factory/smart_factory_ws/install/smart_factory/lib/python3.10/site-packages/smart_factory-0.0.0-py3.10.egg-info' (and everything under it)
[2.765s] Copying ../../build/smart_factory/smart_factory.egg-info to /home/prethivi/ros2_ws/Smart_Factory/smart_factory_ws/install/smart_factory/lib/python3.10/site-packages/smart_factory-0.0.0-py3.10.egg-info
[2.768s] running install_scripts
[2.838s] Installing auto_nav script to /home/prethivi/ros2_ws/Smart_Factory/smart_factory_ws/install/smart_factory/lib/smart_factory
[2.839s] Installing camera_classifier script to /home/prethivi/ros2_ws/Smart_Factory/smart_factory_ws/install/smart_factory/lib/smart_factory
[2.839s] Installing camera_publisher script to /home/prethivi/ros2_ws/Smart_Factory/smart_factory_ws/install/smart_factory/lib/smart_factory
[2.840s] Installing go_to_goal_nav2 script to /home/prethivi/ros2_ws/Smart_Factory/smart_factory_ws/install/smart_factory/lib/smart_factory
[2.841s] Installing map_publisher script to /home/prethivi/ros2_ws/Smart_Factory/smart_factory_ws/install/smart_factory/lib/smart_factory
[2.842s] Installing path_planning script to /home/prethivi/ros2_ws/Smart_Factory/smart_factory_ws/install/smart_factory/lib/smart_factory
[2.843s] writing list of installed files to '/home/prethivi/ros2_ws/Smart_Factory/smart_factory_ws/build/smart_factory/install.log'
[3.014s] Invoked command in '/home/prethivi/ros2_ws/Smart_Factory/smart_factory_ws/src/smart_factory' returned '0': PYTHONPATH=/home/prethivi/ros2_ws/Smart_Factory/smart_factory_ws/build/smart_factory/prefix_override:/usr/lib/python3/dist-packages/colcon_core/task/python/colcon_distutils_commands:/home/prethivi/ros2_ws/Smart_Factory/smart_factory_ws/install/smart_factory/lib/python3.10/site-packages:${PYTHONPATH} /usr/bin/python3 -W ignore:setup.py install is deprecated -W ignore:easy_install command is deprecated setup.py egg_info --egg-base ../../build/smart_factory build --build-base /home/prethivi/ros2_ws/Smart_Factory/smart_factory_ws/build/smart_factory/build install --record /home/prethivi/ros2_ws/Smart_Factory/smart_factory_ws/build/smart_factory/install.log --single-version-externally-managed install_data
