[0.566s] Invoking command in '/home/prethivi/ros2_ws/Smart_Factory/smart_factory_ws/src/smart_factory': PYTHONPATH=/home/prethivi/ros2_ws/Smart_Factory/smart_factory_ws/build/smart_factory/prefix_override:/usr/lib/python3/dist-packages/colcon_core/task/python/colcon_distutils_commands:/home/prethivi/ros2_ws/Smart_Factory/smart_factory_ws/install/smart_factory/lib/python3.10/site-packages:${PYTHONPATH} /usr/bin/python3 -W ignore:setup.py install is deprecated -W ignore:easy_install command is deprecated setup.py egg_info --egg-base ../../build/smart_factory build --build-base /home/prethivi/ros2_ws/Smart_Factory/smart_factory_ws/build/smart_factory/build install --record /home/prethivi/ros2_ws/Smart_Factory/smart_factory_ws/build/smart_factory/install.log --single-version-externally-managed install_data
[0.749s] running egg_info
[0.749s] writing ../../build/smart_factory/smart_factory.egg-info/PKG-INFO
[0.750s] writing dependency_links to ../../build/smart_factory/smart_factory.egg-info/dependency_links.txt
[0.750s] writing entry points to ../../build/smart_factory/smart_factory.egg-info/entry_points.txt
[0.750s] writing requirements to ../../build/smart_factory/smart_factory.egg-info/requires.txt
[0.750s] writing top-level names to ../../build/smart_factory/smart_factory.egg-info/top_level.txt
[0.752s] reading manifest file '../../build/smart_factory/smart_factory.egg-info/SOURCES.txt'
[0.753s] writing manifest file '../../build/smart_factory/smart_factory.egg-info/SOURCES.txt'
[0.753s] running build
[0.753s] running build_py
[0.753s] copying smart_factory/image_capture.py -> /home/prethivi/ros2_ws/Smart_Factory/smart_factory_ws/build/smart_factory/build/lib/smart_factory
[0.753s] copying smart_factory/camera_distance.py -> /home/prethivi/ros2_ws/Smart_Factory/smart_factory_ws/build/smart_factory/build/lib/smart_factory
[0.754s] running install
[0.754s] running install_lib
[0.755s] copying /home/prethivi/ros2_ws/Smart_Factory/smart_factory_ws/build/smart_factory/build/lib/smart_factory/image_capture.py -> /home/prethivi/ros2_ws/Smart_Factory/smart_factory_ws/install/smart_factory/lib/python3.10/site-packages/smart_factory
[0.755s] copying /home/prethivi/ros2_ws/Smart_Factory/smart_factory_ws/build/smart_factory/build/lib/smart_factory/camera_distance.py -> /home/prethivi/ros2_ws/Smart_Factory/smart_factory_ws/install/smart_factory/lib/python3.10/site-packages/smart_factory
[0.755s] byte-compiling /home/prethivi/ros2_ws/Smart_Factory/smart_factory_ws/install/smart_factory/lib/python3.10/site-packages/smart_factory/image_capture.py to image_capture.cpython-310.pyc
[0.756s] byte-compiling /home/prethivi/ros2_ws/Smart_Factory/smart_factory_ws/install/smart_factory/lib/python3.10/site-packages/smart_factory/camera_distance.py to camera_distance.cpython-310.pyc
[0.756s] running install_data
[0.757s] running install_egg_info
[0.758s] removing '/home/prethivi/ros2_ws/Smart_Factory/smart_factory_ws/install/smart_factory/lib/python3.10/site-packages/smart_factory-0.0.0-py3.10.egg-info' (and everything under it)
[0.759s] Copying ../../build/smart_factory/smart_factory.egg-info to /home/prethivi/ros2_ws/Smart_Factory/smart_factory_ws/install/smart_factory/lib/python3.10/site-packages/smart_factory-0.0.0-py3.10.egg-info
[0.760s] running install_scripts
[0.776s] Installing camera_classifier script to /home/prethivi/ros2_ws/Smart_Factory/smart_factory_ws/install/smart_factory/lib/smart_factory
[0.776s] Installing camera_distance script to /home/prethivi/ros2_ws/Smart_Factory/smart_factory_ws/install/smart_factory/lib/smart_factory
[0.777s] Installing camera_publisher script to /home/prethivi/ros2_ws/Smart_Factory/smart_factory_ws/install/smart_factory/lib/smart_factory
[0.777s] Installing image_capture script to /home/prethivi/ros2_ws/Smart_Factory/smart_factory_ws/install/smart_factory/lib/smart_factory
[0.777s] Installing inflate_obs script to /home/prethivi/ros2_ws/Smart_Factory/smart_factory_ws/install/smart_factory/lib/smart_factory
[0.777s] Installing map_publisher script to /home/prethivi/ros2_ws/Smart_Factory/smart_factory_ws/install/smart_factory/lib/smart_factory
[0.777s] Installing path_planning script to /home/prethivi/ros2_ws/Smart_Factory/smart_factory_ws/install/smart_factory/lib/smart_factory
[0.777s] writing list of installed files to '/home/prethivi/ros2_ws/Smart_Factory/smart_factory_ws/build/smart_factory/install.log'
[0.802s] Invoked command in '/home/prethivi/ros2_ws/Smart_Factory/smart_factory_ws/src/smart_factory' returned '0': PYTHONPATH=/home/prethivi/ros2_ws/Smart_Factory/smart_factory_ws/build/smart_factory/prefix_override:/usr/lib/python3/dist-packages/colcon_core/task/python/colcon_distutils_commands:/home/prethivi/ros2_ws/Smart_Factory/smart_factory_ws/install/smart_factory/lib/python3.10/site-packages:${PYTHONPATH} /usr/bin/python3 -W ignore:setup.py install is deprecated -W ignore:easy_install command is deprecated setup.py egg_info --egg-base ../../build/smart_factory build --build-base /home/prethivi/ros2_ws/Smart_Factory/smart_factory_ws/build/smart_factory/build install --record /home/prethivi/ros2_ws/Smart_Factory/smart_factory_ws/build/smart_factory/install.log --single-version-externally-managed install_data
