[0.354s] Invoking command in '/home/prethiviraj/ros2/workspaces/Smart_Factory/smart_factory_ws/src/smart_factory': PYTHONPATH=/home/prethiviraj/ros2/workspaces/Smart_Factory/smart_factory_ws/build/smart_factory/prefix_override:/usr/lib/python3/dist-packages/colcon_core/task/python/colcon_distutils_commands:/home/prethiviraj/ros2/workspaces/Smart_Factory/smart_factory_ws/install/smart_factory/lib/python3.10/site-packages:${PYTHONPATH} /usr/bin/python3 -W ignore:setup.py install is deprecated -W ignore:easy_install command is deprecated setup.py egg_info --egg-base ../../build/smart_factory build --build-base /home/prethiviraj/ros2/workspaces/Smart_Factory/smart_factory_ws/build/smart_factory/build install --record /home/prethiviraj/ros2/workspaces/Smart_Factory/smart_factory_ws/build/smart_factory/install.log --single-version-externally-managed install_data
[0.489s] running egg_info
[0.490s] writing ../../build/smart_factory/smart_factory.egg-info/PKG-INFO
[0.490s] writing dependency_links to ../../build/smart_factory/smart_factory.egg-info/dependency_links.txt
[0.490s] writing entry points to ../../build/smart_factory/smart_factory.egg-info/entry_points.txt
[0.490s] writing requirements to ../../build/smart_factory/smart_factory.egg-info/requires.txt
[0.490s] writing top-level names to ../../build/smart_factory/smart_factory.egg-info/top_level.txt
[0.492s] reading manifest file '../../build/smart_factory/smart_factory.egg-info/SOURCES.txt'
[0.493s] writing manifest file '../../build/smart_factory/smart_factory.egg-info/SOURCES.txt'
[0.493s] running build
[0.493s] running build_py
[0.493s] copying smart_factory/get_position.py -> /home/prethiviraj/ros2/workspaces/Smart_Factory/smart_factory_ws/build/smart_factory/build/lib/smart_factory
[0.493s] running install
[0.493s] running install_lib
[0.494s] copying /home/prethiviraj/ros2/workspaces/Smart_Factory/smart_factory_ws/build/smart_factory/build/lib/smart_factory/get_position.py -> /home/prethiviraj/ros2/workspaces/Smart_Factory/smart_factory_ws/install/smart_factory/lib/python3.10/site-packages/smart_factory
[0.494s] byte-compiling /home/prethiviraj/ros2/workspaces/Smart_Factory/smart_factory_ws/install/smart_factory/lib/python3.10/site-packages/smart_factory/get_position.py to get_position.cpython-310.pyc
[0.494s] running install_data
[0.494s] copying launch/multirobot.launch.py -> /home/prethiviraj/ros2/workspaces/Smart_Factory/smart_factory_ws/install/smart_factory/share/smart_factory/launch
[0.494s] copying launch/online_async_launch.py -> /home/prethiviraj/ros2/workspaces/Smart_Factory/smart_factory_ws/install/smart_factory/share/smart_factory/launch
[0.495s] creating /home/prethiviraj/ros2/workspaces/Smart_Factory/smart_factory_ws/install/smart_factory/share/smart_factory/config
[0.495s] copying config/mapper_params_online_async.yaml -> /home/prethiviraj/ros2/workspaces/Smart_Factory/smart_factory_ws/install/smart_factory/share/smart_factory/config
[0.495s] copying config/slam_config.rviz -> /home/prethiviraj/ros2/workspaces/Smart_Factory/smart_factory_ws/install/smart_factory/share/smart_factory/config
[0.495s] running install_egg_info
[0.496s] removing '/home/prethiviraj/ros2/workspaces/Smart_Factory/smart_factory_ws/install/smart_factory/lib/python3.10/site-packages/smart_factory-0.0.0-py3.10.egg-info' (and everything under it)
[0.496s] Copying ../../build/smart_factory/smart_factory.egg-info to /home/prethiviraj/ros2/workspaces/Smart_Factory/smart_factory_ws/install/smart_factory/lib/python3.10/site-packages/smart_factory-0.0.0-py3.10.egg-info
[0.496s] running install_scripts
[0.508s] Installing get_position script to /home/prethiviraj/ros2/workspaces/Smart_Factory/smart_factory_ws/install/smart_factory/lib/smart_factory
[0.508s] Installing go_to_goal script to /home/prethiviraj/ros2/workspaces/Smart_Factory/smart_factory_ws/install/smart_factory/lib/smart_factory
[0.509s] Installing robot_move script to /home/prethiviraj/ros2/workspaces/Smart_Factory/smart_factory_ws/install/smart_factory/lib/smart_factory
[0.509s] writing list of installed files to '/home/prethiviraj/ros2/workspaces/Smart_Factory/smart_factory_ws/build/smart_factory/install.log'
[0.523s] Invoked command in '/home/prethiviraj/ros2/workspaces/Smart_Factory/smart_factory_ws/src/smart_factory' returned '0': PYTHONPATH=/home/prethiviraj/ros2/workspaces/Smart_Factory/smart_factory_ws/build/smart_factory/prefix_override:/usr/lib/python3/dist-packages/colcon_core/task/python/colcon_distutils_commands:/home/prethiviraj/ros2/workspaces/Smart_Factory/smart_factory_ws/install/smart_factory/lib/python3.10/site-packages:${PYTHONPATH} /usr/bin/python3 -W ignore:setup.py install is deprecated -W ignore:easy_install command is deprecated setup.py egg_info --egg-base ../../build/smart_factory build --build-base /home/prethiviraj/ros2/workspaces/Smart_Factory/smart_factory_ws/build/smart_factory/build install --record /home/prethiviraj/ros2/workspaces/Smart_Factory/smart_factory_ws/build/smart_factory/install.log --single-version-externally-managed install_data
