[0.451s] Invoking command in '/home/prethivi/ros2_ws/Smart_Factory/smart_factory_ws/src/smart_factory': PYTHONPATH=/home/prethivi/ros2_ws/Smart_Factory/smart_factory_ws/build/smart_factory/prefix_override:/usr/lib/python3/dist-packages/colcon_core/task/python/colcon_distutils_commands:/home/prethivi/ros2_ws/Smart_Factory/smart_factory_ws/install/smart_factory/lib/python3.10/site-packages:${PYTHONPATH} /usr/bin/python3 -W ignore:setup.py install is deprecated -W ignore:easy_install command is deprecated setup.py egg_info --egg-base ../../build/smart_factory build --build-base /home/prethivi/ros2_ws/Smart_Factory/smart_factory_ws/build/smart_factory/build install --record /home/prethivi/ros2_ws/Smart_Factory/smart_factory_ws/build/smart_factory/install.log --single-version-externally-managed install_data
[0.621s] running egg_info
[0.621s] writing ../../build/smart_factory/smart_factory.egg-info/PKG-INFO
[0.621s] writing dependency_links to ../../build/smart_factory/smart_factory.egg-info/dependency_links.txt
[0.621s] writing entry points to ../../build/smart_factory/smart_factory.egg-info/entry_points.txt
[0.621s] writing requirements to ../../build/smart_factory/smart_factory.egg-info/requires.txt
[0.621s] writing top-level names to ../../build/smart_factory/smart_factory.egg-info/top_level.txt
[0.622s] reading manifest file '../../build/smart_factory/smart_factory.egg-info/SOURCES.txt'
[0.623s] writing manifest file '../../build/smart_factory/smart_factory.egg-info/SOURCES.txt'
[0.623s] running build
[0.623s] running build_py
[0.624s] copying smart_factory/image_capture.py -> /home/prethivi/ros2_ws/Smart_Factory/smart_factory_ws/build/smart_factory/build/lib/smart_factory
[0.624s] running install
[0.624s] running install_lib
[0.625s] copying /home/prethivi/ros2_ws/Smart_Factory/smart_factory_ws/build/smart_factory/build/lib/smart_factory/image_capture.py -> /home/prethivi/ros2_ws/Smart_Factory/smart_factory_ws/install/smart_factory/lib/python3.10/site-packages/smart_factory
[0.625s] byte-compiling /home/prethivi/ros2_ws/Smart_Factory/smart_factory_ws/install/smart_factory/lib/python3.10/site-packages/smart_factory/image_capture.py to image_capture.cpython-310.pyc
[0.626s] running install_data
[0.626s] running install_egg_info
[0.628s] removing '/home/prethivi/ros2_ws/Smart_Factory/smart_factory_ws/install/smart_factory/lib/python3.10/site-packages/smart_factory-0.0.0-py3.10.egg-info' (and everything under it)
[0.628s] Copying ../../build/smart_factory/smart_factory.egg-info to /home/prethivi/ros2_ws/Smart_Factory/smart_factory_ws/install/smart_factory/lib/python3.10/site-packages/smart_factory-0.0.0-py3.10.egg-info
[0.629s] running install_scripts
[0.643s] Installing camera_classifier script to /home/prethivi/ros2_ws/Smart_Factory/smart_factory_ws/install/smart_factory/lib/smart_factory
[0.643s] Installing camera_publisher script to /home/prethivi/ros2_ws/Smart_Factory/smart_factory_ws/install/smart_factory/lib/smart_factory
[0.644s] Installing go_to_goal script to /home/prethivi/ros2_ws/Smart_Factory/smart_factory_ws/install/smart_factory/lib/smart_factory
[0.644s] Installing image_capture script to /home/prethivi/ros2_ws/Smart_Factory/smart_factory_ws/install/smart_factory/lib/smart_factory
[0.644s] Installing robot_move script to /home/prethivi/ros2_ws/Smart_Factory/smart_factory_ws/install/smart_factory/lib/smart_factory
[0.644s] writing list of installed files to '/home/prethivi/ros2_ws/Smart_Factory/smart_factory_ws/build/smart_factory/install.log'
[0.662s] Invoked command in '/home/prethivi/ros2_ws/Smart_Factory/smart_factory_ws/src/smart_factory' returned '0': PYTHONPATH=/home/prethivi/ros2_ws/Smart_Factory/smart_factory_ws/build/smart_factory/prefix_override:/usr/lib/python3/dist-packages/colcon_core/task/python/colcon_distutils_commands:/home/prethivi/ros2_ws/Smart_Factory/smart_factory_ws/install/smart_factory/lib/python3.10/site-packages:${PYTHONPATH} /usr/bin/python3 -W ignore:setup.py install is deprecated -W ignore:easy_install command is deprecated setup.py egg_info --egg-base ../../build/smart_factory build --build-base /home/prethivi/ros2_ws/Smart_Factory/smart_factory_ws/build/smart_factory/build install --record /home/prethivi/ros2_ws/Smart_Factory/smart_factory_ws/build/smart_factory/install.log --single-version-externally-managed install_data
