[0.088s] DEBUG:colcon:Command line arguments: ['/usr/bin/colcon', 'build']
[0.088s] DEBUG:colcon:Parsed command line arguments: Namespace(log_base=None, log_level=None, verb_name='build', build_base='build', install_base='install', merge_install=False, symlink_install=False, test_result_base=None, continue_on_error=False, executor='parallel', parallel_workers=16, event_handlers=None, ignore_user_meta=False, metas=['./colcon.meta'], base_paths=['.'], packages_ignore=None, packages_ignore_regex=None, paths=None, packages_up_to=None, packages_up_to_regex=None, packages_above=None, packages_above_and_dependencies=None, packages_above_depth=None, packages_select_by_dep=None, packages_skip_by_dep=None, packages_skip_up_to=None, packages_select_build_failed=False, packages_skip_build_finished=False, packages_select_test_failures=False, packages_skip_test_passed=False, packages_select=None, packages_skip=None, packages_select_regex=None, packages_skip_regex=None, packages_start=None, packages_end=None, allow_overriding=[], cmake_args=None, cmake_target=None, cmake_target_skip_unavailable=False, cmake_clean_cache=False, cmake_clean_first=False, cmake_force_configure=False, ament_cmake_args=None, catkin_cmake_args=None, catkin_skip_building_tests=False, mixin_files=None, mixin=None, verb_parser=<colcon_mixin.mixin.mixin_argument.MixinArgumentDecorator object at 0x7efcb51632b0>, verb_extension=<colcon_core.verb.build.BuildVerb object at 0x7efcb5114790>, main=<bound method BuildVerb.main of <colcon_core.verb.build.BuildVerb object at 0x7efcb5114790>>, mixin_verb=('build',))
[1.001s] Level 1:colcon.colcon_core.package_discovery:discover_packages(colcon_meta) check parameters
[1.001s] Level 1:colcon.colcon_core.package_discovery:discover_packages(recursive) check parameters
[1.001s] Level 1:colcon.colcon_core.package_discovery:discover_packages(ignore) check parameters
[1.001s] Level 1:colcon.colcon_core.package_discovery:discover_packages(path) check parameters
[1.001s] Level 1:colcon.colcon_core.package_discovery:discover_packages(colcon_meta) discover
[1.001s] Level 1:colcon.colcon_core.package_discovery:discover_packages(recursive) discover
[1.001s] INFO:colcon.colcon_core.package_discovery:Crawling recursively for packages in '/home/prethivi/ros2_ws/Smart_Factory/smart_factory_ws'
[1.001s] Level 1:colcon.colcon_core.package_identification:_identify(.) by extensions ['ignore', 'ignore_ament_install']
[1.002s] Level 1:colcon.colcon_core.package_identification:_identify(.) by extension 'ignore'
[1.002s] Level 1:colcon.colcon_core.package_identification:_identify(.) by extension 'ignore_ament_install'
[1.002s] Level 1:colcon.colcon_core.package_identification:_identify(.) by extensions ['colcon_pkg']
[1.002s] Level 1:colcon.colcon_core.package_identification:_identify(.) by extension 'colcon_pkg'
[1.002s] Level 1:colcon.colcon_core.package_identification:_identify(.) by extensions ['colcon_meta']
[1.002s] Level 1:colcon.colcon_core.package_identification:_identify(.) by extension 'colcon_meta'
[1.002s] Level 1:colcon.colcon_core.package_identification:_identify(.) by extensions ['ros']
[1.002s] Level 1:colcon.colcon_core.package_identification:_identify(.) by extension 'ros'
[1.039s] Level 1:colcon.colcon_core.package_identification:_identify(.) by extensions ['cmake', 'python']
[1.040s] Level 1:colcon.colcon_core.package_identification:_identify(.) by extension 'cmake'
[1.040s] Level 1:colcon.colcon_core.package_identification:_identify(.) by extension 'python'
[1.040s] Level 1:colcon.colcon_core.package_identification:_identify(.) by extensions ['python_setup_py']
[1.040s] Level 1:colcon.colcon_core.package_identification:_identify(.) by extension 'python_setup_py'
[1.041s] Level 1:colcon.colcon_core.package_identification:_identify(build) by extensions ['ignore', 'ignore_ament_install']
[1.042s] Level 1:colcon.colcon_core.package_identification:_identify(build) by extension 'ignore'
[1.042s] Level 1:colcon.colcon_core.package_identification:_identify(build) ignored
[1.043s] Level 1:colcon.colcon_core.package_identification:_identify(install) by extensions ['ignore', 'ignore_ament_install']
[1.043s] Level 1:colcon.colcon_core.package_identification:_identify(install) by extension 'ignore'
[1.043s] Level 1:colcon.colcon_core.package_identification:_identify(install) ignored
[1.046s] Level 1:colcon.colcon_core.package_identification:_identify(log) by extensions ['ignore', 'ignore_ament_install']
[1.047s] Level 1:colcon.colcon_core.package_identification:_identify(log) by extension 'ignore'
[1.048s] Level 1:colcon.colcon_core.package_identification:_identify(log) ignored
[1.049s] Level 1:colcon.colcon_core.package_identification:_identify(runs) by extensions ['ignore', 'ignore_ament_install']
[1.050s] Level 1:colcon.colcon_core.package_identification:_identify(runs) by extension 'ignore'
[1.051s] Level 1:colcon.colcon_core.package_identification:_identify(runs) by extension 'ignore_ament_install'
[1.052s] Level 1:colcon.colcon_core.package_identification:_identify(runs) by extensions ['colcon_pkg']
[1.052s] Level 1:colcon.colcon_core.package_identification:_identify(runs) by extension 'colcon_pkg'
[1.052s] Level 1:colcon.colcon_core.package_identification:_identify(runs) by extensions ['colcon_meta']
[1.052s] Level 1:colcon.colcon_core.package_identification:_identify(runs) by extension 'colcon_meta'
[1.052s] Level 1:colcon.colcon_core.package_identification:_identify(runs) by extensions ['ros']
[1.052s] Level 1:colcon.colcon_core.package_identification:_identify(runs) by extension 'ros'
[1.053s] Level 1:colcon.colcon_core.package_identification:_identify(runs) by extensions ['cmake', 'python']
[1.053s] Level 1:colcon.colcon_core.package_identification:_identify(runs) by extension 'cmake'
[1.054s] Level 1:colcon.colcon_core.package_identification:_identify(runs) by extension 'python'
[1.055s] Level 1:colcon.colcon_core.package_identification:_identify(runs) by extensions ['python_setup_py']
[1.055s] Level 1:colcon.colcon_core.package_identification:_identify(runs) by extension 'python_setup_py'
[1.056s] Level 1:colcon.colcon_core.package_identification:_identify(runs/detect) by extensions ['ignore', 'ignore_ament_install']
[1.057s] Level 1:colcon.colcon_core.package_identification:_identify(runs/detect) by extension 'ignore'
[1.057s] Level 1:colcon.colcon_core.package_identification:_identify(runs/detect) by extension 'ignore_ament_install'
[1.058s] Level 1:colcon.colcon_core.package_identification:_identify(runs/detect) by extensions ['colcon_pkg']
[1.058s] Level 1:colcon.colcon_core.package_identification:_identify(runs/detect) by extension 'colcon_pkg'
[1.058s] Level 1:colcon.colcon_core.package_identification:_identify(runs/detect) by extensions ['colcon_meta']
[1.058s] Level 1:colcon.colcon_core.package_identification:_identify(runs/detect) by extension 'colcon_meta'
[1.058s] Level 1:colcon.colcon_core.package_identification:_identify(runs/detect) by extensions ['ros']
[1.059s] Level 1:colcon.colcon_core.package_identification:_identify(runs/detect) by extension 'ros'
[1.059s] Level 1:colcon.colcon_core.package_identification:_identify(runs/detect) by extensions ['cmake', 'python']
[1.059s] Level 1:colcon.colcon_core.package_identification:_identify(runs/detect) by extension 'cmake'
[1.060s] Level 1:colcon.colcon_core.package_identification:_identify(runs/detect) by extension 'python'
[1.060s] Level 1:colcon.colcon_core.package_identification:_identify(runs/detect) by extensions ['python_setup_py']
[1.061s] Level 1:colcon.colcon_core.package_identification:_identify(runs/detect) by extension 'python_setup_py'
[1.063s] Level 1:colcon.colcon_core.package_identification:_identify(runs/detect/train) by extensions ['ignore', 'ignore_ament_install']
[1.063s] Level 1:colcon.colcon_core.package_identification:_identify(runs/detect/train) by extension 'ignore'
[1.063s] Level 1:colcon.colcon_core.package_identification:_identify(runs/detect/train) by extension 'ignore_ament_install'
[1.063s] Level 1:colcon.colcon_core.package_identification:_identify(runs/detect/train) by extensions ['colcon_pkg']
[1.064s] Level 1:colcon.colcon_core.package_identification:_identify(runs/detect/train) by extension 'colcon_pkg'
[1.065s] Level 1:colcon.colcon_core.package_identification:_identify(runs/detect/train) by extensions ['colcon_meta']
[1.066s] Level 1:colcon.colcon_core.package_identification:_identify(runs/detect/train) by extension 'colcon_meta'
[1.066s] Level 1:colcon.colcon_core.package_identification:_identify(runs/detect/train) by extensions ['ros']
[1.067s] Level 1:colcon.colcon_core.package_identification:_identify(runs/detect/train) by extension 'ros'
[1.068s] Level 1:colcon.colcon_core.package_identification:_identify(runs/detect/train) by extensions ['cmake', 'python']
[1.069s] Level 1:colcon.colcon_core.package_identification:_identify(runs/detect/train) by extension 'cmake'
[1.069s] Level 1:colcon.colcon_core.package_identification:_identify(runs/detect/train) by extension 'python'
[1.070s] Level 1:colcon.colcon_core.package_identification:_identify(runs/detect/train) by extensions ['python_setup_py']
[1.070s] Level 1:colcon.colcon_core.package_identification:_identify(runs/detect/train) by extension 'python_setup_py'
[1.072s] Level 1:colcon.colcon_core.package_identification:_identify(runs/detect/train/weights) by extensions ['ignore', 'ignore_ament_install']
[1.073s] Level 1:colcon.colcon_core.package_identification:_identify(runs/detect/train/weights) by extension 'ignore'
[1.074s] Level 1:colcon.colcon_core.package_identification:_identify(runs/detect/train/weights) by extension 'ignore_ament_install'
[1.074s] Level 1:colcon.colcon_core.package_identification:_identify(runs/detect/train/weights) by extensions ['colcon_pkg']
[1.074s] Level 1:colcon.colcon_core.package_identification:_identify(runs/detect/train/weights) by extension 'colcon_pkg'
[1.074s] Level 1:colcon.colcon_core.package_identification:_identify(runs/detect/train/weights) by extensions ['colcon_meta']
[1.074s] Level 1:colcon.colcon_core.package_identification:_identify(runs/detect/train/weights) by extension 'colcon_meta'
[1.075s] Level 1:colcon.colcon_core.package_identification:_identify(runs/detect/train/weights) by extensions ['ros']
[1.076s] Level 1:colcon.colcon_core.package_identification:_identify(runs/detect/train/weights) by extension 'ros'
[1.076s] Level 1:colcon.colcon_core.package_identification:_identify(runs/detect/train/weights) by extensions ['cmake', 'python']
[1.076s] Level 1:colcon.colcon_core.package_identification:_identify(runs/detect/train/weights) by extension 'cmake'
[1.076s] Level 1:colcon.colcon_core.package_identification:_identify(runs/detect/train/weights) by extension 'python'
[1.077s] Level 1:colcon.colcon_core.package_identification:_identify(runs/detect/train/weights) by extensions ['python_setup_py']
[1.077s] Level 1:colcon.colcon_core.package_identification:_identify(runs/detect/train/weights) by extension 'python_setup_py'
[1.077s] Level 1:colcon.colcon_core.package_identification:_identify(runs/detect/train2) by extensions ['ignore', 'ignore_ament_install']
[1.078s] Level 1:colcon.colcon_core.package_identification:_identify(runs/detect/train2) by extension 'ignore'
[1.079s] Level 1:colcon.colcon_core.package_identification:_identify(runs/detect/train2) by extension 'ignore_ament_install'
[1.080s] Level 1:colcon.colcon_core.package_identification:_identify(runs/detect/train2) by extensions ['colcon_pkg']
[1.080s] Level 1:colcon.colcon_core.package_identification:_identify(runs/detect/train2) by extension 'colcon_pkg'
[1.080s] Level 1:colcon.colcon_core.package_identification:_identify(runs/detect/train2) by extensions ['colcon_meta']
[1.080s] Level 1:colcon.colcon_core.package_identification:_identify(runs/detect/train2) by extension 'colcon_meta'
[1.081s] Level 1:colcon.colcon_core.package_identification:_identify(runs/detect/train2) by extensions ['ros']
[1.082s] Level 1:colcon.colcon_core.package_identification:_identify(runs/detect/train2) by extension 'ros'
[1.083s] Level 1:colcon.colcon_core.package_identification:_identify(runs/detect/train2) by extensions ['cmake', 'python']
[1.084s] Level 1:colcon.colcon_core.package_identification:_identify(runs/detect/train2) by extension 'cmake'
[1.085s] Level 1:colcon.colcon_core.package_identification:_identify(runs/detect/train2) by extension 'python'
[1.085s] Level 1:colcon.colcon_core.package_identification:_identify(runs/detect/train2) by extensions ['python_setup_py']
[1.085s] Level 1:colcon.colcon_core.package_identification:_identify(runs/detect/train2) by extension 'python_setup_py'
[1.086s] Level 1:colcon.colcon_core.package_identification:_identify(runs/detect/train2/weights) by extensions ['ignore', 'ignore_ament_install']
[1.086s] Level 1:colcon.colcon_core.package_identification:_identify(runs/detect/train2/weights) by extension 'ignore'
[1.087s] Level 1:colcon.colcon_core.package_identification:_identify(runs/detect/train2/weights) by extension 'ignore_ament_install'
[1.087s] Level 1:colcon.colcon_core.package_identification:_identify(runs/detect/train2/weights) by extensions ['colcon_pkg']
[1.087s] Level 1:colcon.colcon_core.package_identification:_identify(runs/detect/train2/weights) by extension 'colcon_pkg'
[1.088s] Level 1:colcon.colcon_core.package_identification:_identify(runs/detect/train2/weights) by extensions ['colcon_meta']
[1.089s] Level 1:colcon.colcon_core.package_identification:_identify(runs/detect/train2/weights) by extension 'colcon_meta'
[1.090s] Level 1:colcon.colcon_core.package_identification:_identify(runs/detect/train2/weights) by extensions ['ros']
[1.090s] Level 1:colcon.colcon_core.package_identification:_identify(runs/detect/train2/weights) by extension 'ros'
[1.090s] Level 1:colcon.colcon_core.package_identification:_identify(runs/detect/train2/weights) by extensions ['cmake', 'python']
[1.091s] Level 1:colcon.colcon_core.package_identification:_identify(runs/detect/train2/weights) by extension 'cmake'
[1.091s] Level 1:colcon.colcon_core.package_identification:_identify(runs/detect/train2/weights) by extension 'python'
[1.091s] Level 1:colcon.colcon_core.package_identification:_identify(runs/detect/train2/weights) by extensions ['python_setup_py']
[1.092s] Level 1:colcon.colcon_core.package_identification:_identify(runs/detect/train2/weights) by extension 'python_setup_py'
[1.093s] Level 1:colcon.colcon_core.package_identification:_identify(runs/detect/train3) by extensions ['ignore', 'ignore_ament_install']
[1.093s] Level 1:colcon.colcon_core.package_identification:_identify(runs/detect/train3) by extension 'ignore'
[1.093s] Level 1:colcon.colcon_core.package_identification:_identify(runs/detect/train3) by extension 'ignore_ament_install'
[1.093s] Level 1:colcon.colcon_core.package_identification:_identify(runs/detect/train3) by extensions ['colcon_pkg']
[1.093s] Level 1:colcon.colcon_core.package_identification:_identify(runs/detect/train3) by extension 'colcon_pkg'
[1.094s] Level 1:colcon.colcon_core.package_identification:_identify(runs/detect/train3) by extensions ['colcon_meta']
[1.095s] Level 1:colcon.colcon_core.package_identification:_identify(runs/detect/train3) by extension 'colcon_meta'
[1.095s] Level 1:colcon.colcon_core.package_identification:_identify(runs/detect/train3) by extensions ['ros']
[1.096s] Level 1:colcon.colcon_core.package_identification:_identify(runs/detect/train3) by extension 'ros'
[1.097s] Level 1:colcon.colcon_core.package_identification:_identify(runs/detect/train3) by extensions ['cmake', 'python']
[1.098s] Level 1:colcon.colcon_core.package_identification:_identify(runs/detect/train3) by extension 'cmake'
[1.098s] Level 1:colcon.colcon_core.package_identification:_identify(runs/detect/train3) by extension 'python'
[1.098s] Level 1:colcon.colcon_core.package_identification:_identify(runs/detect/train3) by extensions ['python_setup_py']
[1.098s] Level 1:colcon.colcon_core.package_identification:_identify(runs/detect/train3) by extension 'python_setup_py'
[1.099s] Level 1:colcon.colcon_core.package_identification:_identify(runs/detect/train3/weights) by extensions ['ignore', 'ignore_ament_install']
[1.170s] Level 1:colcon.colcon_core.package_identification:_identify(runs/detect/train3/weights) by extension 'ignore'
[1.170s] Level 1:colcon.colcon_core.package_identification:_identify(runs/detect/train3/weights) by extension 'ignore_ament_install'
[1.170s] Level 1:colcon.colcon_core.package_identification:_identify(runs/detect/train3/weights) by extensions ['colcon_pkg']
[1.170s] Level 1:colcon.colcon_core.package_identification:_identify(runs/detect/train3/weights) by extension 'colcon_pkg'
[1.170s] Level 1:colcon.colcon_core.package_identification:_identify(runs/detect/train3/weights) by extensions ['colcon_meta']
[1.171s] Level 1:colcon.colcon_core.package_identification:_identify(runs/detect/train3/weights) by extension 'colcon_meta'
[1.171s] Level 1:colcon.colcon_core.package_identification:_identify(runs/detect/train3/weights) by extensions ['ros']
[1.171s] Level 1:colcon.colcon_core.package_identification:_identify(runs/detect/train3/weights) by extension 'ros'
[1.171s] Level 1:colcon.colcon_core.package_identification:_identify(runs/detect/train3/weights) by extensions ['cmake', 'python']
[1.171s] Level 1:colcon.colcon_core.package_identification:_identify(runs/detect/train3/weights) by extension 'cmake'
[1.171s] Level 1:colcon.colcon_core.package_identification:_identify(runs/detect/train3/weights) by extension 'python'
[1.171s] Level 1:colcon.colcon_core.package_identification:_identify(runs/detect/train3/weights) by extensions ['python_setup_py']
[1.171s] Level 1:colcon.colcon_core.package_identification:_identify(runs/detect/train3/weights) by extension 'python_setup_py'
[1.172s] Level 1:colcon.colcon_core.package_identification:_identify(runs/detect/train4) by extensions ['ignore', 'ignore_ament_install']
[1.172s] Level 1:colcon.colcon_core.package_identification:_identify(runs/detect/train4) by extension 'ignore'
[1.173s] Level 1:colcon.colcon_core.package_identification:_identify(runs/detect/train4) by extension 'ignore_ament_install'
[1.173s] Level 1:colcon.colcon_core.package_identification:_identify(runs/detect/train4) by extensions ['colcon_pkg']
[1.173s] Level 1:colcon.colcon_core.package_identification:_identify(runs/detect/train4) by extension 'colcon_pkg'
[1.173s] Level 1:colcon.colcon_core.package_identification:_identify(runs/detect/train4) by extensions ['colcon_meta']
[1.173s] Level 1:colcon.colcon_core.package_identification:_identify(runs/detect/train4) by extension 'colcon_meta'
[1.173s] Level 1:colcon.colcon_core.package_identification:_identify(runs/detect/train4) by extensions ['ros']
[1.173s] Level 1:colcon.colcon_core.package_identification:_identify(runs/detect/train4) by extension 'ros'
[1.174s] Level 1:colcon.colcon_core.package_identification:_identify(runs/detect/train4) by extensions ['cmake', 'python']
[1.174s] Level 1:colcon.colcon_core.package_identification:_identify(runs/detect/train4) by extension 'cmake'
[1.174s] Level 1:colcon.colcon_core.package_identification:_identify(runs/detect/train4) by extension 'python'
[1.174s] Level 1:colcon.colcon_core.package_identification:_identify(runs/detect/train4) by extensions ['python_setup_py']
[1.174s] Level 1:colcon.colcon_core.package_identification:_identify(runs/detect/train4) by extension 'python_setup_py'
[1.174s] Level 1:colcon.colcon_core.package_identification:_identify(runs/detect/train4/weights) by extensions ['ignore', 'ignore_ament_install']
[1.174s] Level 1:colcon.colcon_core.package_identification:_identify(runs/detect/train4/weights) by extension 'ignore'
[1.174s] Level 1:colcon.colcon_core.package_identification:_identify(runs/detect/train4/weights) by extension 'ignore_ament_install'
[1.174s] Level 1:colcon.colcon_core.package_identification:_identify(runs/detect/train4/weights) by extensions ['colcon_pkg']
[1.174s] Level 1:colcon.colcon_core.package_identification:_identify(runs/detect/train4/weights) by extension 'colcon_pkg'
[1.175s] Level 1:colcon.colcon_core.package_identification:_identify(runs/detect/train4/weights) by extensions ['colcon_meta']
[1.175s] Level 1:colcon.colcon_core.package_identification:_identify(runs/detect/train4/weights) by extension 'colcon_meta'
[1.175s] Level 1:colcon.colcon_core.package_identification:_identify(runs/detect/train4/weights) by extensions ['ros']
[1.175s] Level 1:colcon.colcon_core.package_identification:_identify(runs/detect/train4/weights) by extension 'ros'
[1.175s] Level 1:colcon.colcon_core.package_identification:_identify(runs/detect/train4/weights) by extensions ['cmake', 'python']
[1.175s] Level 1:colcon.colcon_core.package_identification:_identify(runs/detect/train4/weights) by extension 'cmake'
[1.175s] Level 1:colcon.colcon_core.package_identification:_identify(runs/detect/train4/weights) by extension 'python'
[1.175s] Level 1:colcon.colcon_core.package_identification:_identify(runs/detect/train4/weights) by extensions ['python_setup_py']
[1.175s] Level 1:colcon.colcon_core.package_identification:_identify(runs/detect/train4/weights) by extension 'python_setup_py'
[1.175s] Level 1:colcon.colcon_core.package_identification:_identify(runs/detect/train5) by extensions ['ignore', 'ignore_ament_install']
[1.175s] Level 1:colcon.colcon_core.package_identification:_identify(runs/detect/train5) by extension 'ignore'
[1.175s] Level 1:colcon.colcon_core.package_identification:_identify(runs/detect/train5) by extension 'ignore_ament_install'
[1.175s] Level 1:colcon.colcon_core.package_identification:_identify(runs/detect/train5) by extensions ['colcon_pkg']
[1.175s] Level 1:colcon.colcon_core.package_identification:_identify(runs/detect/train5) by extension 'colcon_pkg'
[1.175s] Level 1:colcon.colcon_core.package_identification:_identify(runs/detect/train5) by extensions ['colcon_meta']
[1.176s] Level 1:colcon.colcon_core.package_identification:_identify(runs/detect/train5) by extension 'colcon_meta'
[1.176s] Level 1:colcon.colcon_core.package_identification:_identify(runs/detect/train5) by extensions ['ros']
[1.176s] Level 1:colcon.colcon_core.package_identification:_identify(runs/detect/train5) by extension 'ros'
[1.176s] Level 1:colcon.colcon_core.package_identification:_identify(runs/detect/train5) by extensions ['cmake', 'python']
[1.176s] Level 1:colcon.colcon_core.package_identification:_identify(runs/detect/train5) by extension 'cmake'
[1.176s] Level 1:colcon.colcon_core.package_identification:_identify(runs/detect/train5) by extension 'python'
[1.176s] Level 1:colcon.colcon_core.package_identification:_identify(runs/detect/train5) by extensions ['python_setup_py']
[1.176s] Level 1:colcon.colcon_core.package_identification:_identify(runs/detect/train5) by extension 'python_setup_py'
[1.176s] Level 1:colcon.colcon_core.package_identification:_identify(runs/detect/train5/weights) by extensions ['ignore', 'ignore_ament_install']
[1.176s] Level 1:colcon.colcon_core.package_identification:_identify(runs/detect/train5/weights) by extension 'ignore'
[1.176s] Level 1:colcon.colcon_core.package_identification:_identify(runs/detect/train5/weights) by extension 'ignore_ament_install'
[1.176s] Level 1:colcon.colcon_core.package_identification:_identify(runs/detect/train5/weights) by extensions ['colcon_pkg']
[1.176s] Level 1:colcon.colcon_core.package_identification:_identify(runs/detect/train5/weights) by extension 'colcon_pkg'
[1.176s] Level 1:colcon.colcon_core.package_identification:_identify(runs/detect/train5/weights) by extensions ['colcon_meta']
[1.176s] Level 1:colcon.colcon_core.package_identification:_identify(runs/detect/train5/weights) by extension 'colcon_meta'
[1.176s] Level 1:colcon.colcon_core.package_identification:_identify(runs/detect/train5/weights) by extensions ['ros']
[1.177s] Level 1:colcon.colcon_core.package_identification:_identify(runs/detect/train5/weights) by extension 'ros'
[1.177s] Level 1:colcon.colcon_core.package_identification:_identify(runs/detect/train5/weights) by extensions ['cmake', 'python']
[1.177s] Level 1:colcon.colcon_core.package_identification:_identify(runs/detect/train5/weights) by extension 'cmake'
[1.177s] Level 1:colcon.colcon_core.package_identification:_identify(runs/detect/train5/weights) by extension 'python'
[1.177s] Level 1:colcon.colcon_core.package_identification:_identify(runs/detect/train5/weights) by extensions ['python_setup_py']
[1.177s] Level 1:colcon.colcon_core.package_identification:_identify(runs/detect/train5/weights) by extension 'python_setup_py'
[1.177s] Level 1:colcon.colcon_core.package_identification:_identify(runs/detect/train6) by extensions ['ignore', 'ignore_ament_install']
[1.177s] Level 1:colcon.colcon_core.package_identification:_identify(runs/detect/train6) by extension 'ignore'
[1.177s] Level 1:colcon.colcon_core.package_identification:_identify(runs/detect/train6) by extension 'ignore_ament_install'
[1.178s] Level 1:colcon.colcon_core.package_identification:_identify(runs/detect/train6) by extensions ['colcon_pkg']
[1.178s] Level 1:colcon.colcon_core.package_identification:_identify(runs/detect/train6) by extension 'colcon_pkg'
[1.178s] Level 1:colcon.colcon_core.package_identification:_identify(runs/detect/train6) by extensions ['colcon_meta']
[1.178s] Level 1:colcon.colcon_core.package_identification:_identify(runs/detect/train6) by extension 'colcon_meta'
[1.178s] Level 1:colcon.colcon_core.package_identification:_identify(runs/detect/train6) by extensions ['ros']
[1.178s] Level 1:colcon.colcon_core.package_identification:_identify(runs/detect/train6) by extension 'ros'
[1.179s] Level 1:colcon.colcon_core.package_identification:_identify(runs/detect/train6) by extensions ['cmake', 'python']
[1.179s] Level 1:colcon.colcon_core.package_identification:_identify(runs/detect/train6) by extension 'cmake'
[1.179s] Level 1:colcon.colcon_core.package_identification:_identify(runs/detect/train6) by extension 'python'
[1.180s] Level 1:colcon.colcon_core.package_identification:_identify(runs/detect/train6) by extensions ['python_setup_py']
[1.180s] Level 1:colcon.colcon_core.package_identification:_identify(runs/detect/train6) by extension 'python_setup_py'
[1.180s] Level 1:colcon.colcon_core.package_identification:_identify(runs/detect/train6/weights) by extensions ['ignore', 'ignore_ament_install']
[1.180s] Level 1:colcon.colcon_core.package_identification:_identify(runs/detect/train6/weights) by extension 'ignore'
[1.181s] Level 1:colcon.colcon_core.package_identification:_identify(runs/detect/train6/weights) by extension 'ignore_ament_install'
[1.181s] Level 1:colcon.colcon_core.package_identification:_identify(runs/detect/train6/weights) by extensions ['colcon_pkg']
[1.181s] Level 1:colcon.colcon_core.package_identification:_identify(runs/detect/train6/weights) by extension 'colcon_pkg'
[1.181s] Level 1:colcon.colcon_core.package_identification:_identify(runs/detect/train6/weights) by extensions ['colcon_meta']
[1.182s] Level 1:colcon.colcon_core.package_identification:_identify(runs/detect/train6/weights) by extension 'colcon_meta'
[1.182s] Level 1:colcon.colcon_core.package_identification:_identify(runs/detect/train6/weights) by extensions ['ros']
[1.183s] Level 1:colcon.colcon_core.package_identification:_identify(runs/detect/train6/weights) by extension 'ros'
[1.184s] Level 1:colcon.colcon_core.package_identification:_identify(runs/detect/train6/weights) by extensions ['cmake', 'python']
[1.184s] Level 1:colcon.colcon_core.package_identification:_identify(runs/detect/train6/weights) by extension 'cmake'
[1.184s] Level 1:colcon.colcon_core.package_identification:_identify(runs/detect/train6/weights) by extension 'python'
[1.185s] Level 1:colcon.colcon_core.package_identification:_identify(runs/detect/train6/weights) by extensions ['python_setup_py']
[1.185s] Level 1:colcon.colcon_core.package_identification:_identify(runs/detect/train6/weights) by extension 'python_setup_py'
[1.186s] Level 1:colcon.colcon_core.package_identification:_identify(src) by extensions ['ignore', 'ignore_ament_install']
[1.186s] Level 1:colcon.colcon_core.package_identification:_identify(src) by extension 'ignore'
[1.186s] Level 1:colcon.colcon_core.package_identification:_identify(src) by extension 'ignore_ament_install'
[1.186s] Level 1:colcon.colcon_core.package_identification:_identify(src) by extensions ['colcon_pkg']
[1.187s] Level 1:colcon.colcon_core.package_identification:_identify(src) by extension 'colcon_pkg'
[1.187s] Level 1:colcon.colcon_core.package_identification:_identify(src) by extensions ['colcon_meta']
[1.187s] Level 1:colcon.colcon_core.package_identification:_identify(src) by extension 'colcon_meta'
[1.187s] Level 1:colcon.colcon_core.package_identification:_identify(src) by extensions ['ros']
[1.187s] Level 1:colcon.colcon_core.package_identification:_identify(src) by extension 'ros'
[1.188s] Level 1:colcon.colcon_core.package_identification:_identify(src) by extensions ['cmake', 'python']
[1.188s] Level 1:colcon.colcon_core.package_identification:_identify(src) by extension 'cmake'
[1.189s] Level 1:colcon.colcon_core.package_identification:_identify(src) by extension 'python'
[1.189s] Level 1:colcon.colcon_core.package_identification:_identify(src) by extensions ['python_setup_py']
[1.190s] Level 1:colcon.colcon_core.package_identification:_identify(src) by extension 'python_setup_py'
[1.190s] Level 1:colcon.colcon_core.package_identification:_identify(src/smart_factory) by extensions ['ignore', 'ignore_ament_install']
[1.191s] Level 1:colcon.colcon_core.package_identification:_identify(src/smart_factory) by extension 'ignore'
[1.191s] Level 1:colcon.colcon_core.package_identification:_identify(src/smart_factory) by extension 'ignore_ament_install'
[1.192s] Level 1:colcon.colcon_core.package_identification:_identify(src/smart_factory) by extensions ['colcon_pkg']
[1.192s] Level 1:colcon.colcon_core.package_identification:_identify(src/smart_factory) by extension 'colcon_pkg'
[1.192s] Level 1:colcon.colcon_core.package_identification:_identify(src/smart_factory) by extensions ['colcon_meta']
[1.192s] Level 1:colcon.colcon_core.package_identification:_identify(src/smart_factory) by extension 'colcon_meta'
[1.193s] Level 1:colcon.colcon_core.package_identification:_identify(src/smart_factory) by extensions ['ros']
[1.193s] Level 1:colcon.colcon_core.package_identification:_identify(src/smart_factory) by extension 'ros'
[1.201s] DEBUG:colcon.colcon_core.package_identification:Package 'src/smart_factory' with type 'ros.ament_python' and name 'smart_factory'
[1.202s] Level 1:colcon.colcon_core.package_discovery:discover_packages(recursive) using defaults
[1.202s] Level 1:colcon.colcon_core.package_discovery:discover_packages(ignore) discover
[1.202s] Level 1:colcon.colcon_core.package_discovery:discover_packages(ignore) using defaults
[1.202s] Level 1:colcon.colcon_core.package_discovery:discover_packages(path) discover
[1.202s] Level 1:colcon.colcon_core.package_discovery:discover_packages(path) using defaults
[1.242s] Level 1:colcon.colcon_core.package_discovery:discover_packages(prefix_path) check parameters
[1.242s] Level 1:colcon.colcon_core.package_discovery:discover_packages(prefix_path) discover
[1.245s] DEBUG:colcon.colcon_installed_package_information.package_discovery:Found 1 installed packages in /home/prethivi/ros2_ws/Smart_Factory/smart_factory_ws/install
[1.248s] DEBUG:colcon.colcon_installed_package_information.package_discovery:Found 390 installed packages in /opt/ros/humble
[1.253s] Level 1:colcon.colcon_core.package_discovery:discover_packages(prefix_path) using defaults
[1.366s] Level 5:colcon.colcon_core.verb:set package 'smart_factory' build argument 'cmake_args' from command line to 'None'
[1.366s] Level 5:colcon.colcon_core.verb:set package 'smart_factory' build argument 'cmake_target' from command line to 'None'
[1.366s] Level 5:colcon.colcon_core.verb:set package 'smart_factory' build argument 'cmake_target_skip_unavailable' from command line to 'False'
[1.366s] Level 5:colcon.colcon_core.verb:set package 'smart_factory' build argument 'cmake_clean_cache' from command line to 'False'
[1.366s] Level 5:colcon.colcon_core.verb:set package 'smart_factory' build argument 'cmake_clean_first' from command line to 'False'
[1.366s] Level 5:colcon.colcon_core.verb:set package 'smart_factory' build argument 'cmake_force_configure' from command line to 'False'
[1.366s] Level 5:colcon.colcon_core.verb:set package 'smart_factory' build argument 'ament_cmake_args' from command line to 'None'
[1.366s] Level 5:colcon.colcon_core.verb:set package 'smart_factory' build argument 'catkin_cmake_args' from command line to 'None'
[1.366s] Level 5:colcon.colcon_core.verb:set package 'smart_factory' build argument 'catkin_skip_building_tests' from command line to 'False'
[1.366s] DEBUG:colcon.colcon_core.verb:Building package 'smart_factory' with the following arguments: {'ament_cmake_args': None, 'build_base': '/home/prethivi/ros2_ws/Smart_Factory/smart_factory_ws/build/smart_factory', 'catkin_cmake_args': None, 'catkin_skip_building_tests': False, 'cmake_args': None, 'cmake_clean_cache': False, 'cmake_clean_first': False, 'cmake_force_configure': False, 'cmake_target': None, 'cmake_target_skip_unavailable': False, 'install_base': '/home/prethivi/ros2_ws/Smart_Factory/smart_factory_ws/install/smart_factory', 'merge_install': False, 'path': '/home/prethivi/ros2_ws/Smart_Factory/smart_factory_ws/src/smart_factory', 'symlink_install': False, 'test_result_base': None}
[1.366s] INFO:colcon.colcon_core.executor:Executing jobs using 'parallel' executor
[1.370s] DEBUG:colcon.colcon_parallel_executor.executor.parallel:run_until_complete
[1.370s] INFO:colcon.colcon_ros.task.ament_python.build:Building ROS package in '/home/prethivi/ros2_ws/Smart_Factory/smart_factory_ws/src/smart_factory' with build type 'ament_python'
[1.371s] Level 1:colcon.colcon_core.shell:create_environment_hook('smart_factory', 'ament_prefix_path')
[1.375s] INFO:colcon.colcon_core.plugin_system:Skipping extension 'colcon_core.shell.bat': Not used on non-Windows systems
[1.375s] INFO:colcon.colcon_core.shell:Creating environment hook '/home/prethivi/ros2_ws/Smart_Factory/smart_factory_ws/install/smart_factory/share/smart_factory/hook/ament_prefix_path.ps1'
[1.376s] INFO:colcon.colcon_core.shell:Creating environment descriptor '/home/prethivi/ros2_ws/Smart_Factory/smart_factory_ws/install/smart_factory/share/smart_factory/hook/ament_prefix_path.dsv'
[1.376s] INFO:colcon.colcon_core.shell:Creating environment hook '/home/prethivi/ros2_ws/Smart_Factory/smart_factory_ws/install/smart_factory/share/smart_factory/hook/ament_prefix_path.sh'
[1.377s] INFO:colcon.colcon_core.shell:Skip shell extension 'powershell' for command environment: Not usable outside of PowerShell
[1.377s] DEBUG:colcon.colcon_core.shell:Skip shell extension 'dsv' for command environment
[2.338s] INFO:colcon.colcon_core.task.python.build:Building Python package in '/home/prethivi/ros2_ws/Smart_Factory/smart_factory_ws/src/smart_factory'
[2.341s] INFO:colcon.colcon_core.shell:Skip shell extension 'powershell' for command environment: Not usable outside of PowerShell
[2.342s] DEBUG:colcon.colcon_core.shell:Skip shell extension 'dsv' for command environment
[3.251s] DEBUG:colcon.colcon_core.event_handler.log_command:Invoking command in '/home/prethivi/ros2_ws/Smart_Factory/smart_factory_ws/src/smart_factory': PYTHONPATH=/home/prethivi/ros2_ws/Smart_Factory/smart_factory_ws/build/smart_factory/prefix_override:/usr/lib/python3/dist-packages/colcon_core/task/python/colcon_distutils_commands:/home/prethivi/ros2_ws/Smart_Factory/smart_factory_ws/install/smart_factory/lib/python3.10/site-packages:${PYTHONPATH} /usr/bin/python3 -W ignore:setup.py install is deprecated -W ignore:easy_install command is deprecated setup.py egg_info --egg-base ../../build/smart_factory build --build-base /home/prethivi/ros2_ws/Smart_Factory/smart_factory_ws/build/smart_factory/build install --record /home/prethivi/ros2_ws/Smart_Factory/smart_factory_ws/build/smart_factory/install.log --single-version-externally-managed install_data
[4.265s] DEBUG:colcon.colcon_core.event_handler.log_command:Invoked command in '/home/prethivi/ros2_ws/Smart_Factory/smart_factory_ws/src/smart_factory' returned '0': PYTHONPATH=/home/prethivi/ros2_ws/Smart_Factory/smart_factory_ws/build/smart_factory/prefix_override:/usr/lib/python3/dist-packages/colcon_core/task/python/colcon_distutils_commands:/home/prethivi/ros2_ws/Smart_Factory/smart_factory_ws/install/smart_factory/lib/python3.10/site-packages:${PYTHONPATH} /usr/bin/python3 -W ignore:setup.py install is deprecated -W ignore:easy_install command is deprecated setup.py egg_info --egg-base ../../build/smart_factory build --build-base /home/prethivi/ros2_ws/Smart_Factory/smart_factory_ws/build/smart_factory/build install --record /home/prethivi/ros2_ws/Smart_Factory/smart_factory_ws/build/smart_factory/install.log --single-version-externally-managed install_data
[4.273s] Level 1:colcon.colcon_core.environment:checking '/home/prethivi/ros2_ws/Smart_Factory/smart_factory_ws/install/smart_factory' for CMake module files
[4.274s] Level 1:colcon.colcon_core.environment:checking '/home/prethivi/ros2_ws/Smart_Factory/smart_factory_ws/install/smart_factory' for CMake config files
[4.275s] Level 1:colcon.colcon_core.environment:checking '/home/prethivi/ros2_ws/Smart_Factory/smart_factory_ws/install/smart_factory/lib'
[4.275s] Level 1:colcon.colcon_core.environment:checking '/home/prethivi/ros2_ws/Smart_Factory/smart_factory_ws/install/smart_factory/bin'
[4.275s] Level 1:colcon.colcon_core.environment:checking '/home/prethivi/ros2_ws/Smart_Factory/smart_factory_ws/install/smart_factory/lib/pkgconfig/smart_factory.pc'
[4.276s] Level 1:colcon.colcon_core.environment:checking '/home/prethivi/ros2_ws/Smart_Factory/smart_factory_ws/install/smart_factory/lib/python3.10/site-packages'
[4.276s] Level 1:colcon.colcon_core.shell:create_environment_hook('smart_factory', 'pythonpath')
[4.276s] INFO:colcon.colcon_core.shell:Creating environment hook '/home/prethivi/ros2_ws/Smart_Factory/smart_factory_ws/install/smart_factory/share/smart_factory/hook/pythonpath.ps1'
[4.277s] INFO:colcon.colcon_core.shell:Creating environment descriptor '/home/prethivi/ros2_ws/Smart_Factory/smart_factory_ws/install/smart_factory/share/smart_factory/hook/pythonpath.dsv'
[4.278s] INFO:colcon.colcon_core.shell:Creating environment hook '/home/prethivi/ros2_ws/Smart_Factory/smart_factory_ws/install/smart_factory/share/smart_factory/hook/pythonpath.sh'
[4.279s] Level 1:colcon.colcon_core.environment:checking '/home/prethivi/ros2_ws/Smart_Factory/smart_factory_ws/install/smart_factory/bin'
[4.279s] Level 1:colcon.colcon_core.environment:create_environment_scripts_only(smart_factory)
[4.279s] INFO:colcon.colcon_core.shell:Creating package script '/home/prethivi/ros2_ws/Smart_Factory/smart_factory_ws/install/smart_factory/share/smart_factory/package.ps1'
[4.280s] INFO:colcon.colcon_core.shell:Creating package descriptor '/home/prethivi/ros2_ws/Smart_Factory/smart_factory_ws/install/smart_factory/share/smart_factory/package.dsv'
[4.285s] INFO:colcon.colcon_core.shell:Creating package script '/home/prethivi/ros2_ws/Smart_Factory/smart_factory_ws/install/smart_factory/share/smart_factory/package.sh'
[4.289s] INFO:colcon.colcon_core.shell:Creating package script '/home/prethivi/ros2_ws/Smart_Factory/smart_factory_ws/install/smart_factory/share/smart_factory/package.bash'
[4.297s] INFO:colcon.colcon_core.shell:Creating package script '/home/prethivi/ros2_ws/Smart_Factory/smart_factory_ws/install/smart_factory/share/smart_factory/package.zsh'
[4.301s] Level 1:colcon.colcon_core.environment:create_file_with_runtime_dependencies(/home/prethivi/ros2_ws/Smart_Factory/smart_factory_ws/install/smart_factory/share/colcon-core/packages/smart_factory)
[4.302s] DEBUG:colcon.colcon_parallel_executor.executor.parallel:closing loop
[4.303s] DEBUG:colcon.colcon_parallel_executor.executor.parallel:loop closed
[4.303s] DEBUG:colcon.colcon_parallel_executor.executor.parallel:run_until_complete finished with '0'
[4.303s] DEBUG:colcon.colcon_core.event_reactor:joining thread
[4.317s] INFO:colcon.colcon_core.plugin_system:Skipping extension 'colcon_notification.desktop_notification.terminal_notifier': Not used on non-Darwin systems
[4.317s] INFO:colcon.colcon_core.plugin_system:Skipping extension 'colcon_notification.desktop_notification.win32': Not used on non-Windows systems
[4.317s] INFO:colcon.colcon_notification.desktop_notification:Sending desktop notification using 'notify2'
[4.399s] DEBUG:colcon.colcon_core.event_reactor:joined thread
[4.402s] INFO:colcon.colcon_core.shell:Creating prefix script '/home/prethivi/ros2_ws/Smart_Factory/smart_factory_ws/install/local_setup.ps1'
[4.409s] INFO:colcon.colcon_core.shell:Creating prefix util module '/home/prethivi/ros2_ws/Smart_Factory/smart_factory_ws/install/_local_setup_util_ps1.py'
[4.417s] INFO:colcon.colcon_core.shell:Creating prefix chain script '/home/prethivi/ros2_ws/Smart_Factory/smart_factory_ws/install/setup.ps1'
[4.423s] INFO:colcon.colcon_core.shell:Creating prefix script '/home/prethivi/ros2_ws/Smart_Factory/smart_factory_ws/install/local_setup.sh'
[4.427s] INFO:colcon.colcon_core.shell:Creating prefix util module '/home/prethivi/ros2_ws/Smart_Factory/smart_factory_ws/install/_local_setup_util_sh.py'
[4.433s] INFO:colcon.colcon_core.shell:Creating prefix chain script '/home/prethivi/ros2_ws/Smart_Factory/smart_factory_ws/install/setup.sh'
[4.438s] INFO:colcon.colcon_core.shell:Creating prefix script '/home/prethivi/ros2_ws/Smart_Factory/smart_factory_ws/install/local_setup.bash'
[4.442s] INFO:colcon.colcon_core.shell:Creating prefix chain script '/home/prethivi/ros2_ws/Smart_Factory/smart_factory_ws/install/setup.bash'
[4.445s] INFO:colcon.colcon_core.shell:Creating prefix script '/home/prethivi/ros2_ws/Smart_Factory/smart_factory_ws/install/local_setup.zsh'
[4.446s] INFO:colcon.colcon_core.shell:Creating prefix chain script '/home/prethivi/ros2_ws/Smart_Factory/smart_factory_ws/install/setup.zsh'
