[0.539s] Invoking command in '/home/prethivi/ros2_ws/Smart_Factory/smart_factory_ws/src/smart_factory': PYTHONPATH=/home/prethivi/ros2_ws/Smart_Factory/smart_factory_ws/build/smart_factory/prefix_override:/usr/lib/python3/dist-packages/colcon_core/task/python/colcon_distutils_commands:/home/prethivi/ros2_ws/Smart_Factory/smart_factory_ws/install/smart_factory/lib/python3.10/site-packages:${PYTHONPATH} /usr/bin/python3 -W ignore:setup.py install is deprecated -W ignore:easy_install command is deprecated setup.py egg_info --egg-base ../../build/smart_factory build --build-base /home/prethivi/ros2_ws/Smart_Factory/smart_factory_ws/build/smart_factory/build install --record /home/prethivi/ros2_ws/Smart_Factory/smart_factory_ws/build/smart_factory/install.log --single-version-externally-managed install_data
[0.722s] running egg_info
[0.722s] writing ../../build/smart_factory/smart_factory.egg-info/PKG-INFO
[0.722s] writing dependency_links to ../../build/smart_factory/smart_factory.egg-info/dependency_links.txt
[0.723s] writing entry points to ../../build/smart_factory/smart_factory.egg-info/entry_points.txt
[0.723s] writing requirements to ../../build/smart_factory/smart_factory.egg-info/requires.txt
[0.723s] writing top-level names to ../../build/smart_factory/smart_factory.egg-info/top_level.txt
[0.725s] reading manifest file '../../build/smart_factory/smart_factory.egg-info/SOURCES.txt'
[0.726s] writing manifest file '../../build/smart_factory/smart_factory.egg-info/SOURCES.txt'
[0.726s] running build
[0.727s] running build_py
[0.727s] copying smart_factory/go_to_goal.py -> /home/prethivi/ros2_ws/Smart_Factory/smart_factory_ws/build/smart_factory/build/lib/smart_factory
[0.727s] running install
[0.728s] running install_lib
[0.728s] copying /home/prethivi/ros2_ws/Smart_Factory/smart_factory_ws/build/smart_factory/build/lib/smart_factory/go_to_goal.py -> /home/prethivi/ros2_ws/Smart_Factory/smart_factory_ws/install/smart_factory/lib/python3.10/site-packages/smart_factory
[0.729s] byte-compiling /home/prethivi/ros2_ws/Smart_Factory/smart_factory_ws/install/smart_factory/lib/python3.10/site-packages/smart_factory/go_to_goal.py to go_to_goal.cpython-310.pyc
[0.730s] running install_data
[0.731s] running install_egg_info
[0.733s] removing '/home/prethivi/ros2_ws/Smart_Factory/smart_factory_ws/install/smart_factory/lib/python3.10/site-packages/smart_factory-0.0.0-py3.10.egg-info' (and everything under it)
[0.733s] Copying ../../build/smart_factory/smart_factory.egg-info to /home/prethivi/ros2_ws/Smart_Factory/smart_factory_ws/install/smart_factory/lib/python3.10/site-packages/smart_factory-0.0.0-py3.10.egg-info
[0.734s] running install_scripts
[0.751s] Installing camera_classifier script to /home/prethivi/ros2_ws/Smart_Factory/smart_factory_ws/install/smart_factory/lib/smart_factory
[0.751s] Installing camera_distance script to /home/prethivi/ros2_ws/Smart_Factory/smart_factory_ws/install/smart_factory/lib/smart_factory
[0.751s] Installing camera_info script to /home/prethivi/ros2_ws/Smart_Factory/smart_factory_ws/install/smart_factory/lib/smart_factory
[0.752s] Installing camera_object script to /home/prethivi/ros2_ws/Smart_Factory/smart_factory_ws/install/smart_factory/lib/smart_factory
[0.752s] Installing camera_publisher script to /home/prethivi/ros2_ws/Smart_Factory/smart_factory_ws/install/smart_factory/lib/smart_factory
[0.752s] Installing detect_object script to /home/prethivi/ros2_ws/Smart_Factory/smart_factory_ws/install/smart_factory/lib/smart_factory
[0.752s] Installing go_to_goal script to /home/prethivi/ros2_ws/Smart_Factory/smart_factory_ws/install/smart_factory/lib/smart_factory
[0.752s] Installing image_capture script to /home/prethivi/ros2_ws/Smart_Factory/smart_factory_ws/install/smart_factory/lib/smart_factory
[0.752s] Installing map_publisher script to /home/prethivi/ros2_ws/Smart_Factory/smart_factory_ws/install/smart_factory/lib/smart_factory
[0.752s] Installing move_to_object script to /home/prethivi/ros2_ws/Smart_Factory/smart_factory_ws/install/smart_factory/lib/smart_factory
[0.753s] Installing nav_to_pose script to /home/prethivi/ros2_ws/Smart_Factory/smart_factory_ws/install/smart_factory/lib/smart_factory
[0.753s] Installing path_planning script to /home/prethivi/ros2_ws/Smart_Factory/smart_factory_ws/install/smart_factory/lib/smart_factory
[0.753s] Installing robot_1_move script to /home/prethivi/ros2_ws/Smart_Factory/smart_factory_ws/install/smart_factory/lib/smart_factory
[0.753s] Installing task_client script to /home/prethivi/ros2_ws/Smart_Factory/smart_factory_ws/install/smart_factory/lib/smart_factory
[0.753s] Installing task_service script to /home/prethivi/ros2_ws/Smart_Factory/smart_factory_ws/install/smart_factory/lib/smart_factory
[0.754s] writing list of installed files to '/home/prethivi/ros2_ws/Smart_Factory/smart_factory_ws/build/smart_factory/install.log'
[0.777s] Invoked command in '/home/prethivi/ros2_ws/Smart_Factory/smart_factory_ws/src/smart_factory' returned '0': PYTHONPATH=/home/prethivi/ros2_ws/Smart_Factory/smart_factory_ws/build/smart_factory/prefix_override:/usr/lib/python3/dist-packages/colcon_core/task/python/colcon_distutils_commands:/home/prethivi/ros2_ws/Smart_Factory/smart_factory_ws/install/smart_factory/lib/python3.10/site-packages:${PYTHONPATH} /usr/bin/python3 -W ignore:setup.py install is deprecated -W ignore:easy_install command is deprecated setup.py egg_info --egg-base ../../build/smart_factory build --build-base /home/prethivi/ros2_ws/Smart_Factory/smart_factory_ws/build/smart_factory/build install --record /home/prethivi/ros2_ws/Smart_Factory/smart_factory_ws/build/smart_factory/install.log --single-version-externally-managed install_data
