[0.452s] Invoking command in '/home/prethivi/ros2_ws/Smart_Factory/smart_factory_ws/src/smart_factory': PYTHONPATH=/home/prethivi/ros2_ws/Smart_Factory/smart_factory_ws/build/smart_factory/prefix_override:/usr/lib/python3/dist-packages/colcon_core/task/python/colcon_distutils_commands:/home/prethivi/ros2_ws/Smart_Factory/smart_factory_ws/install/smart_factory/lib/python3.10/site-packages:${PYTHONPATH} /usr/bin/python3 -W ignore:setup.py install is deprecated -W ignore:easy_install command is deprecated setup.py egg_info --egg-base ../../build/smart_factory build --build-base /home/prethivi/ros2_ws/Smart_Factory/smart_factory_ws/build/smart_factory/build install --record /home/prethivi/ros2_ws/Smart_Factory/smart_factory_ws/build/smart_factory/install.log --single-version-externally-managed install_data
[0.623s] running egg_info
[0.623s] writing ../../build/smart_factory/smart_factory.egg-info/PKG-INFO
[0.624s] writing dependency_links to ../../build/smart_factory/smart_factory.egg-info/dependency_links.txt
[0.624s] writing entry points to ../../build/smart_factory/smart_factory.egg-info/entry_points.txt
[0.624s] writing requirements to ../../build/smart_factory/smart_factory.egg-info/requires.txt
[0.624s] writing top-level names to ../../build/smart_factory/smart_factory.egg-info/top_level.txt
[0.625s] reading manifest file '../../build/smart_factory/smart_factory.egg-info/SOURCES.txt'
[0.626s] writing manifest file '../../build/smart_factory/smart_factory.egg-info/SOURCES.txt'
[0.626s] running build
[0.626s] running build_py
[0.626s] running install
[0.627s] running install_lib
[0.628s] running install_data
[0.628s] running install_egg_info
[0.629s] removing '/home/prethivi/ros2_ws/Smart_Factory/smart_factory_ws/install/smart_factory/lib/python3.10/site-packages/smart_factory-0.0.0-py3.10.egg-info' (and everything under it)
[0.629s] Copying ../../build/smart_factory/smart_factory.egg-info to /home/prethivi/ros2_ws/Smart_Factory/smart_factory_ws/install/smart_factory/lib/python3.10/site-packages/smart_factory-0.0.0-py3.10.egg-info
[0.630s] running install_scripts
[0.644s] Installing image_capture script to /home/prethivi/ros2_ws/Smart_Factory/smart_factory_ws/install/smart_factory/lib/smart_factory
[0.645s] Installing image_classifier script to /home/prethivi/ros2_ws/Smart_Factory/smart_factory_ws/install/smart_factory/lib/smart_factory
[0.645s] Installing robot_move script to /home/prethivi/ros2_ws/Smart_Factory/smart_factory_ws/install/smart_factory/lib/smart_factory
[0.645s] writing list of installed files to '/home/prethivi/ros2_ws/Smart_Factory/smart_factory_ws/build/smart_factory/install.log'
[0.664s] Invoked command in '/home/prethivi/ros2_ws/Smart_Factory/smart_factory_ws/src/smart_factory' returned '0': PYTHONPATH=/home/prethivi/ros2_ws/Smart_Factory/smart_factory_ws/build/smart_factory/prefix_override:/usr/lib/python3/dist-packages/colcon_core/task/python/colcon_distutils_commands:/home/prethivi/ros2_ws/Smart_Factory/smart_factory_ws/install/smart_factory/lib/python3.10/site-packages:${PYTHONPATH} /usr/bin/python3 -W ignore:setup.py install is deprecated -W ignore:easy_install command is deprecated setup.py egg_info --egg-base ../../build/smart_factory build --build-base /home/prethivi/ros2_ws/Smart_Factory/smart_factory_ws/build/smart_factory/build install --record /home/prethivi/ros2_ws/Smart_Factory/smart_factory_ws/build/smart_factory/install.log --single-version-externally-managed install_data
