[1.805s] Invoking command in '/home/prethivi/ros2_ws/Smart_Factory/smart_factory_ws/src/smart_factory': PYTHONPATH=/home/prethivi/ros2_ws/Smart_Factory/smart_factory_ws/build/smart_factory/prefix_override:/usr/lib/python3/dist-packages/colcon_core/task/python/colcon_distutils_commands:/home/prethivi/ros2_ws/Smart_Factory/smart_factory_ws/install/smart_factory/lib/python3.10/site-packages:${PYTHONPATH} /usr/bin/python3 -W ignore:setup.py install is deprecated -W ignore:easy_install command is deprecated setup.py egg_info --egg-base ../../build/smart_factory build --build-base /home/prethivi/ros2_ws/Smart_Factory/smart_factory_ws/build/smart_factory/build install --record /home/prethivi/ros2_ws/Smart_Factory/smart_factory_ws/build/smart_factory/install.log --single-version-externally-managed install_data
[2.343s] running egg_info
[2.345s] writing ../../build/smart_factory/smart_factory.egg-info/PKG-INFO
[2.345s] writing dependency_links to ../../build/smart_factory/smart_factory.egg-info/dependency_links.txt
[2.345s] writing entry points to ../../build/smart_factory/smart_factory.egg-info/entry_points.txt
[2.345s] writing requirements to ../../build/smart_factory/smart_factory.egg-info/requires.txt
[2.345s] writing top-level names to ../../build/smart_factory/smart_factory.egg-info/top_level.txt
[2.349s] reading manifest file '../../build/smart_factory/smart_factory.egg-info/SOURCES.txt'
[2.352s] writing manifest file '../../build/smart_factory/smart_factory.egg-info/SOURCES.txt'
[2.352s] running build
[2.352s] running build_py
[2.353s] copying smart_factory/get_position.py -> /home/prethivi/ros2_ws/Smart_Factory/smart_factory_ws/build/smart_factory/build/lib/smart_factory
[2.353s] copying smart_factory/nav2_go_to_goal.py -> /home/prethivi/ros2_ws/Smart_Factory/smart_factory_ws/build/smart_factory/build/lib/smart_factory
[2.354s] running install
[2.355s] running install_lib
[2.357s] copying /home/prethivi/ros2_ws/Smart_Factory/smart_factory_ws/build/smart_factory/build/lib/smart_factory/get_position.py -> /home/prethivi/ros2_ws/Smart_Factory/smart_factory_ws/install/smart_factory/lib/python3.10/site-packages/smart_factory
[2.357s] copying /home/prethivi/ros2_ws/Smart_Factory/smart_factory_ws/build/smart_factory/build/lib/smart_factory/nav2_go_to_goal.py -> /home/prethivi/ros2_ws/Smart_Factory/smart_factory_ws/install/smart_factory/lib/python3.10/site-packages/smart_factory
[2.359s] byte-compiling /home/prethivi/ros2_ws/Smart_Factory/smart_factory_ws/install/smart_factory/lib/python3.10/site-packages/smart_factory/get_position.py to get_position.cpython-310.pyc
[2.360s] byte-compiling /home/prethivi/ros2_ws/Smart_Factory/smart_factory_ws/install/smart_factory/lib/python3.10/site-packages/smart_factory/nav2_go_to_goal.py to nav2_go_to_goal.cpython-310.pyc
[2.363s] running install_data
[2.365s] running install_egg_info
[2.372s] removing '/home/prethivi/ros2_ws/Smart_Factory/smart_factory_ws/install/smart_factory/lib/python3.10/site-packages/smart_factory-0.0.0-py3.10.egg-info' (and everything under it)
[2.374s] Copying ../../build/smart_factory/smart_factory.egg-info to /home/prethivi/ros2_ws/Smart_Factory/smart_factory_ws/install/smart_factory/lib/python3.10/site-packages/smart_factory-0.0.0-py3.10.egg-info
[2.378s] running install_scripts
[2.411s] Installing camera_classifier script to /home/prethivi/ros2_ws/Smart_Factory/smart_factory_ws/install/smart_factory/lib/smart_factory
[2.411s] Installing camera_publisher script to /home/prethivi/ros2_ws/Smart_Factory/smart_factory_ws/install/smart_factory/lib/smart_factory
[2.411s] Installing get_position script to /home/prethivi/ros2_ws/Smart_Factory/smart_factory_ws/install/smart_factory/lib/smart_factory
[2.411s] Installing go_to_goal_nav2 script to /home/prethivi/ros2_ws/Smart_Factory/smart_factory_ws/install/smart_factory/lib/smart_factory
[2.411s] Installing map_publisher script to /home/prethivi/ros2_ws/Smart_Factory/smart_factory_ws/install/smart_factory/lib/smart_factory
[2.411s] Installing path_planning script to /home/prethivi/ros2_ws/Smart_Factory/smart_factory_ws/install/smart_factory/lib/smart_factory
[2.412s] writing list of installed files to '/home/prethivi/ros2_ws/Smart_Factory/smart_factory_ws/build/smart_factory/install.log'
[2.486s] Invoked command in '/home/prethivi/ros2_ws/Smart_Factory/smart_factory_ws/src/smart_factory' returned '0': PYTHONPATH=/home/prethivi/ros2_ws/Smart_Factory/smart_factory_ws/build/smart_factory/prefix_override:/usr/lib/python3/dist-packages/colcon_core/task/python/colcon_distutils_commands:/home/prethivi/ros2_ws/Smart_Factory/smart_factory_ws/install/smart_factory/lib/python3.10/site-packages:${PYTHONPATH} /usr/bin/python3 -W ignore:setup.py install is deprecated -W ignore:easy_install command is deprecated setup.py egg_info --egg-base ../../build/smart_factory build --build-base /home/prethivi/ros2_ws/Smart_Factory/smart_factory_ws/build/smart_factory/build install --record /home/prethivi/ros2_ws/Smart_Factory/smart_factory_ws/build/smart_factory/install.log --single-version-externally-managed install_data
