[1.860s] Invoking command in '/home/prethivi/ros2_ws/Smart_Factory/smart_factory_ws/src/smart_factory': PYTHONPATH=/home/prethivi/ros2_ws/Smart_Factory/smart_factory_ws/build/smart_factory/prefix_override:/usr/lib/python3/dist-packages/colcon_core/task/python/colcon_distutils_commands:/home/prethivi/ros2_ws/Smart_Factory/smart_factory_ws/install/smart_factory/lib/python3.10/site-packages:${PYTHONPATH} /usr/bin/python3 -W ignore:setup.py install is deprecated -W ignore:easy_install command is deprecated setup.py egg_info --egg-base ../../build/smart_factory build --build-base /home/prethivi/ros2_ws/Smart_Factory/smart_factory_ws/build/smart_factory/build install --record /home/prethivi/ros2_ws/Smart_Factory/smart_factory_ws/build/smart_factory/install.log --single-version-externally-managed install_data
[2.808s] running egg_info
[2.808s] writing ../../build/smart_factory/smart_factory.egg-info/PKG-INFO
[2.808s] writing dependency_links to ../../build/smart_factory/smart_factory.egg-info/dependency_links.txt
[2.808s] writing entry points to ../../build/smart_factory/smart_factory.egg-info/entry_points.txt
[2.808s] writing requirements to ../../build/smart_factory/smart_factory.egg-info/requires.txt
[2.809s] writing top-level names to ../../build/smart_factory/smart_factory.egg-info/top_level.txt
[2.810s] reading manifest file '../../build/smart_factory/smart_factory.egg-info/SOURCES.txt'
[2.812s] writing manifest file '../../build/smart_factory/smart_factory.egg-info/SOURCES.txt'
[2.814s] running build
[2.815s] running build_py
[2.815s] running install
[2.817s] running install_lib
[2.822s] running install_data
[2.822s] copying launch/bringup_launch.py -> /home/prethivi/ros2_ws/Smart_Factory/smart_factory_ws/install/smart_factory/share/smart_factory/launch
[2.822s] copying launch/navigation2.launch.py -> /home/prethivi/ros2_ws/Smart_Factory/smart_factory_ws/install/smart_factory/share/smart_factory/launch
[2.823s] copying config/nav2_params.yaml -> /home/prethivi/ros2_ws/Smart_Factory/smart_factory_ws/install/smart_factory/share/smart_factory/config
[2.823s] copying config/nav2_default_view.rviz -> /home/prethivi/ros2_ws/Smart_Factory/smart_factory_ws/install/smart_factory/share/smart_factory/config
[2.823s] copying config/waffle.yaml -> /home/prethivi/ros2_ws/Smart_Factory/smart_factory_ws/install/smart_factory/share/smart_factory/config
[2.823s] running install_egg_info
[2.825s] removing '/home/prethivi/ros2_ws/Smart_Factory/smart_factory_ws/install/smart_factory/lib/python3.10/site-packages/smart_factory-0.0.0-py3.10.egg-info' (and everything under it)
[2.825s] Copying ../../build/smart_factory/smart_factory.egg-info to /home/prethivi/ros2_ws/Smart_Factory/smart_factory_ws/install/smart_factory/lib/python3.10/site-packages/smart_factory-0.0.0-py3.10.egg-info
[2.826s] running install_scripts
[2.850s] Installing auto_nav script to /home/prethivi/ros2_ws/Smart_Factory/smart_factory_ws/install/smart_factory/lib/smart_factory
[2.851s] Installing camera_classifier script to /home/prethivi/ros2_ws/Smart_Factory/smart_factory_ws/install/smart_factory/lib/smart_factory
[2.852s] Installing camera_publisher script to /home/prethivi/ros2_ws/Smart_Factory/smart_factory_ws/install/smart_factory/lib/smart_factory
[2.852s] Installing go_to_goal_nav2 script to /home/prethivi/ros2_ws/Smart_Factory/smart_factory_ws/install/smart_factory/lib/smart_factory
[2.853s] Installing map_publisher script to /home/prethivi/ros2_ws/Smart_Factory/smart_factory_ws/install/smart_factory/lib/smart_factory
[2.853s] Installing path_planning script to /home/prethivi/ros2_ws/Smart_Factory/smart_factory_ws/install/smart_factory/lib/smart_factory
[2.854s] writing list of installed files to '/home/prethivi/ros2_ws/Smart_Factory/smart_factory_ws/build/smart_factory/install.log'
[2.905s] Invoked command in '/home/prethivi/ros2_ws/Smart_Factory/smart_factory_ws/src/smart_factory' returned '0': PYTHONPATH=/home/prethivi/ros2_ws/Smart_Factory/smart_factory_ws/build/smart_factory/prefix_override:/usr/lib/python3/dist-packages/colcon_core/task/python/colcon_distutils_commands:/home/prethivi/ros2_ws/Smart_Factory/smart_factory_ws/install/smart_factory/lib/python3.10/site-packages:${PYTHONPATH} /usr/bin/python3 -W ignore:setup.py install is deprecated -W ignore:easy_install command is deprecated setup.py egg_info --egg-base ../../build/smart_factory build --build-base /home/prethivi/ros2_ws/Smart_Factory/smart_factory_ws/build/smart_factory/build install --record /home/prethivi/ros2_ws/Smart_Factory/smart_factory_ws/build/smart_factory/install.log --single-version-externally-managed install_data
