running egg_info
creating ../../build/smart_factory/smart_factory.egg-info
writing ../../build/smart_factory/smart_factory.egg-info/PKG-INFO
writing dependency_links to ../../build/smart_factory/smart_factory.egg-info/dependency_links.txt
writing entry points to ../../build/smart_factory/smart_factory.egg-info/entry_points.txt
writing requirements to ../../build/smart_factory/smart_factory.egg-info/requires.txt
writing top-level names to ../../build/smart_factory/smart_factory.egg-info/top_level.txt
writing manifest file '../../build/smart_factory/smart_factory.egg-info/SOURCES.txt'
reading manifest file '../../build/smart_factory/smart_factory.egg-info/SOURCES.txt'
writing manifest file '../../build/smart_factory/smart_factory.egg-info/SOURCES.txt'
running build
running build_py
creating /media/prethiviraj/R'kived Lab/Projects/2025/UTS_Robotics/Smart Factory/smart_factory_ws/build/smart_factory/build
creating /media/prethiviraj/R'kived Lab/Projects/2025/UTS_Robotics/Smart Factory/smart_factory_ws/build/smart_factory/build/lib
creating /media/prethiviraj/R'kived Lab/Projects/2025/UTS_Robotics/Smart Factory/smart_factory_ws/build/smart_factory/build/lib/smart_factory
copying smart_factory/__init__.py -> /media/prethiviraj/R'kived Lab/Projects/2025/UTS_Robotics/Smart Factory/smart_factory_ws/build/smart_factory/build/lib/smart_factory
running install
running install_lib
creating /media/prethiviraj/R'kived Lab/Projects/2025/UTS_Robotics/Smart Factory/smart_factory_ws/install/smart_factory/lib/python3.10/site-packages/smart_factory
copying /media/prethiviraj/R'kived Lab/Projects/2025/UTS_Robotics/Smart Factory/smart_factory_ws/build/smart_factory/build/lib/smart_factory/__init__.py -> /media/prethiviraj/R'kived Lab/Projects/2025/UTS_Robotics/Smart Factory/smart_factory_ws/install/smart_factory/lib/python3.10/site-packages/smart_factory
byte-compiling /media/prethiviraj/R'kived Lab/Projects/2025/UTS_Robotics/Smart Factory/smart_factory_ws/install/smart_factory/lib/python3.10/site-packages/smart_factory/__init__.py to __init__.cpython-310.pyc
running install_data
creating /media/prethiviraj/R'kived Lab/Projects/2025/UTS_Robotics/Smart Factory/smart_factory_ws/install/smart_factory/share/ament_index
creating /media/prethiviraj/R'kived Lab/Projects/2025/UTS_Robotics/Smart Factory/smart_factory_ws/install/smart_factory/share/ament_index/resource_index
creating /media/prethiviraj/R'kived Lab/Projects/2025/UTS_Robotics/Smart Factory/smart_factory_ws/install/smart_factory/share/ament_index/resource_index/packages
copying resource/smart_factory -> /media/prethiviraj/R'kived Lab/Projects/2025/UTS_Robotics/Smart Factory/smart_factory_ws/install/smart_factory/share/ament_index/resource_index/packages
copying package.xml -> /media/prethiviraj/R'kived Lab/Projects/2025/UTS_Robotics/Smart Factory/smart_factory_ws/install/smart_factory/share/smart_factory
running install_egg_info
Copying ../../build/smart_factory/smart_factory.egg-info to /media/prethiviraj/R'kived Lab/Projects/2025/UTS_Robotics/Smart Factory/smart_factory_ws/install/smart_factory/lib/python3.10/site-packages/smart_factory-0.0.0-py3.10.egg-info
running install_scripts
writing list of installed files to '/media/prethiviraj/R'kived Lab/Projects/2025/UTS_Robotics/Smart Factory/smart_factory_ws/build/smart_factory/install.log'
